{"C:\\VSCode Projects\\twitter-app\\src\\assets\\fonts\\Roboto\\Roboto-Black.woff": {"path":"C:\\VSCode Projects\\twitter-app\\src\\assets\\fonts\\Roboto\\Roboto-Black.woff","statementMap":{"0":{"start":{"line":1,"column":0},"end":{"line":1,"column":19}}},"fnMap":{},"branchMap":{},"s":{"0":13},"f":{},"b":{},"_coverageSchema":"1a1c01bbd47fc00a2c39e90264f33305004495a9","hash":"0b417255bf38516d2306878b24de99699ccf5ee6"}
,"C:\\VSCode Projects\\twitter-app\\src\\assets\\fonts\\Roboto\\Roboto-Bold.woff": {"path":"C:\\VSCode Projects\\twitter-app\\src\\assets\\fonts\\Roboto\\Roboto-Bold.woff","statementMap":{"0":{"start":{"line":1,"column":0},"end":{"line":1,"column":19}}},"fnMap":{},"branchMap":{},"s":{"0":13},"f":{},"b":{},"_coverageSchema":"1a1c01bbd47fc00a2c39e90264f33305004495a9","hash":"440f2385c6fc10ff01e1d0c84c39b9de9a5aacc9"}
,"C:\\VSCode Projects\\twitter-app\\src\\assets\\fonts\\Roboto\\Roboto-Medium.woff": {"path":"C:\\VSCode Projects\\twitter-app\\src\\assets\\fonts\\Roboto\\Roboto-Medium.woff","statementMap":{"0":{"start":{"line":1,"column":0},"end":{"line":1,"column":19}}},"fnMap":{},"branchMap":{},"s":{"0":13},"f":{},"b":{},"_coverageSchema":"1a1c01bbd47fc00a2c39e90264f33305004495a9","hash":"0ed64cd83b6b0e019299ee1b0201bd8c738c56ae"}
,"C:\\VSCode Projects\\twitter-app\\src\\assets\\fonts\\Roboto\\Roboto-Regular.woff": {"path":"C:\\VSCode Projects\\twitter-app\\src\\assets\\fonts\\Roboto\\Roboto-Regular.woff","statementMap":{"0":{"start":{"line":1,"column":0},"end":{"line":1,"column":19}}},"fnMap":{},"branchMap":{},"s":{"0":13},"f":{},"b":{},"_coverageSchema":"1a1c01bbd47fc00a2c39e90264f33305004495a9","hash":"70c2a85049afcd1211c76d2ea0448adf26e43afe"}
,"C:\\VSCode Projects\\twitter-app\\src\\assets\\icons\\arrow-down.svg": {"path":"C:\\VSCode Projects\\twitter-app\\src\\assets\\icons\\arrow-down.svg","statementMap":{"0":{"start":{"line":2,"column":14},"end":{"line":2,"column":30}},"1":{"start":{"line":4,"column":2},"end":{"line":7,"column":4}},"2":{"start":{"line":9,"column":0},"end":{"line":9,"column":30}}},"fnMap":{"0":{"name":"SvgArrowDown","decl":{"start":{"line":3,"column":9},"end":{"line":3,"column":21}},"loc":{"start":{"line":3,"column":29},"end":{"line":8,"column":1}},"line":3}},"branchMap":{},"s":{"0":25,"1":36,"2":25},"f":{"0":36},"b":{},"_coverageSchema":"1a1c01bbd47fc00a2c39e90264f33305004495a9","hash":"0eff5840881285ce9e3b13573b40b76e0537b389"}
,"C:\\VSCode Projects\\twitter-app\\src\\assets\\icons\\back.svg": {"path":"C:\\VSCode Projects\\twitter-app\\src\\assets\\icons\\back.svg","statementMap":{"0":{"start":{"line":2,"column":14},"end":{"line":2,"column":30}},"1":{"start":{"line":4,"column":2},"end":{"line":7,"column":4}},"2":{"start":{"line":9,"column":0},"end":{"line":9,"column":25}}},"fnMap":{"0":{"name":"SvgBack","decl":{"start":{"line":3,"column":9},"end":{"line":3,"column":16}},"loc":{"start":{"line":3,"column":24},"end":{"line":8,"column":1}},"line":3}},"branchMap":{},"s":{"0":25,"1":0,"2":25},"f":{"0":0},"b":{},"_coverageSchema":"1a1c01bbd47fc00a2c39e90264f33305004495a9","hash":"b6283890571263df248977308467a5b71995b477"}
,"C:\\VSCode Projects\\twitter-app\\src\\assets\\icons\\bookmarks-fill.svg": {"path":"C:\\VSCode Projects\\twitter-app\\src\\assets\\icons\\bookmarks-fill.svg","statementMap":{"0":{"start":{"line":2,"column":14},"end":{"line":2,"column":30}},"1":{"start":{"line":4,"column":2},"end":{"line":7,"column":4}},"2":{"start":{"line":9,"column":0},"end":{"line":9,"column":34}}},"fnMap":{"0":{"name":"SvgBookmarksFill","decl":{"start":{"line":3,"column":9},"end":{"line":3,"column":25}},"loc":{"start":{"line":3,"column":33},"end":{"line":8,"column":1}},"line":3}},"branchMap":{},"s":{"0":25,"1":0,"2":25},"f":{"0":0},"b":{},"_coverageSchema":"1a1c01bbd47fc00a2c39e90264f33305004495a9","hash":"577e4d19aa5e324830e06db49dc53e1058acaa58"}
,"C:\\VSCode Projects\\twitter-app\\src\\assets\\icons\\bookmarks-outline.svg": {"path":"C:\\VSCode Projects\\twitter-app\\src\\assets\\icons\\bookmarks-outline.svg","statementMap":{"0":{"start":{"line":2,"column":14},"end":{"line":2,"column":30}},"1":{"start":{"line":4,"column":2},"end":{"line":7,"column":4}},"2":{"start":{"line":9,"column":0},"end":{"line":9,"column":37}}},"fnMap":{"0":{"name":"SvgBookmarksOutline","decl":{"start":{"line":3,"column":9},"end":{"line":3,"column":28}},"loc":{"start":{"line":3,"column":36},"end":{"line":8,"column":1}},"line":3}},"branchMap":{},"s":{"0":25,"1":0,"2":25},"f":{"0":0},"b":{},"_coverageSchema":"1a1c01bbd47fc00a2c39e90264f33305004495a9","hash":"d768b3953b2d33946f09163eacadb745bbede3cc"}
,"C:\\VSCode Projects\\twitter-app\\src\\assets\\icons\\burger.svg": {"path":"C:\\VSCode Projects\\twitter-app\\src\\assets\\icons\\burger.svg","statementMap":{"0":{"start":{"line":2,"column":14},"end":{"line":2,"column":30}},"1":{"start":{"line":4,"column":2},"end":{"line":7,"column":4}},"2":{"start":{"line":9,"column":0},"end":{"line":9,"column":27}}},"fnMap":{"0":{"name":"SvgBurger","decl":{"start":{"line":3,"column":9},"end":{"line":3,"column":18}},"loc":{"start":{"line":3,"column":26},"end":{"line":8,"column":1}},"line":3}},"branchMap":{},"s":{"0":25,"1":0,"2":25},"f":{"0":0},"b":{},"_coverageSchema":"1a1c01bbd47fc00a2c39e90264f33305004495a9","hash":"b09e8ae3e85e8d4e073950ea33dc1804bf641075"}
,"C:\\VSCode Projects\\twitter-app\\src\\assets\\icons\\cross.svg": {"path":"C:\\VSCode Projects\\twitter-app\\src\\assets\\icons\\cross.svg","statementMap":{"0":{"start":{"line":2,"column":14},"end":{"line":2,"column":30}},"1":{"start":{"line":4,"column":2},"end":{"line":7,"column":4}},"2":{"start":{"line":9,"column":0},"end":{"line":9,"column":26}}},"fnMap":{"0":{"name":"SvgCross","decl":{"start":{"line":3,"column":9},"end":{"line":3,"column":17}},"loc":{"start":{"line":3,"column":25},"end":{"line":8,"column":1}},"line":3}},"branchMap":{},"s":{"0":25,"1":0,"2":25},"f":{"0":0},"b":{},"_coverageSchema":"1a1c01bbd47fc00a2c39e90264f33305004495a9","hash":"53ae33388ea9ca857e2369f722c423eb49b08419"}
,"C:\\VSCode Projects\\twitter-app\\src\\assets\\icons\\dots.svg": {"path":"C:\\VSCode Projects\\twitter-app\\src\\assets\\icons\\dots.svg","statementMap":{"0":{"start":{"line":2,"column":14},"end":{"line":2,"column":30}},"1":{"start":{"line":4,"column":2},"end":{"line":7,"column":4}},"2":{"start":{"line":9,"column":0},"end":{"line":9,"column":25}}},"fnMap":{"0":{"name":"SvgDots","decl":{"start":{"line":3,"column":9},"end":{"line":3,"column":16}},"loc":{"start":{"line":3,"column":24},"end":{"line":8,"column":1}},"line":3}},"branchMap":{},"s":{"0":25,"1":1,"2":25},"f":{"0":1},"b":{},"_coverageSchema":"1a1c01bbd47fc00a2c39e90264f33305004495a9","hash":"a3e4946a9bfba5cc582334abf1cc7b001581fe28"}
,"C:\\VSCode Projects\\twitter-app\\src\\assets\\icons\\explore-fill.svg": {"path":"C:\\VSCode Projects\\twitter-app\\src\\assets\\icons\\explore-fill.svg","statementMap":{"0":{"start":{"line":2,"column":14},"end":{"line":2,"column":30}},"1":{"start":{"line":4,"column":2},"end":{"line":7,"column":4}},"2":{"start":{"line":9,"column":0},"end":{"line":9,"column":32}}},"fnMap":{"0":{"name":"SvgExploreFill","decl":{"start":{"line":3,"column":9},"end":{"line":3,"column":23}},"loc":{"start":{"line":3,"column":31},"end":{"line":8,"column":1}},"line":3}},"branchMap":{},"s":{"0":25,"1":0,"2":25},"f":{"0":0},"b":{},"_coverageSchema":"1a1c01bbd47fc00a2c39e90264f33305004495a9","hash":"a02ee2e5859ab2704f2a151592019921787d82d1"}
,"C:\\VSCode Projects\\twitter-app\\src\\assets\\icons\\explore.svg": {"path":"C:\\VSCode Projects\\twitter-app\\src\\assets\\icons\\explore.svg","statementMap":{"0":{"start":{"line":2,"column":14},"end":{"line":2,"column":30}},"1":{"start":{"line":4,"column":2},"end":{"line":7,"column":4}},"2":{"start":{"line":9,"column":0},"end":{"line":9,"column":28}}},"fnMap":{"0":{"name":"SvgExplore","decl":{"start":{"line":3,"column":9},"end":{"line":3,"column":19}},"loc":{"start":{"line":3,"column":27},"end":{"line":8,"column":1}},"line":3}},"branchMap":{},"s":{"0":25,"1":0,"2":25},"f":{"0":0},"b":{},"_coverageSchema":"1a1c01bbd47fc00a2c39e90264f33305004495a9","hash":"259913c48d915fa35d57e912eb506c30748f1006"}
,"C:\\VSCode Projects\\twitter-app\\src\\assets\\icons\\google-icon.svg": {"path":"C:\\VSCode Projects\\twitter-app\\src\\assets\\icons\\google-icon.svg","statementMap":{"0":{"start":{"line":2,"column":14},"end":{"line":2,"column":30}},"1":{"start":{"line":4,"column":2},"end":{"line":7,"column":4}},"2":{"start":{"line":9,"column":0},"end":{"line":9,"column":31}}},"fnMap":{"0":{"name":"SvgGoogleIcon","decl":{"start":{"line":3,"column":9},"end":{"line":3,"column":22}},"loc":{"start":{"line":3,"column":30},"end":{"line":8,"column":1}},"line":3}},"branchMap":{},"s":{"0":25,"1":0,"2":25},"f":{"0":0},"b":{},"_coverageSchema":"1a1c01bbd47fc00a2c39e90264f33305004495a9","hash":"bdc1f53ffdf8e6701f2f341fbb77fd9225d8d68a"}
,"C:\\VSCode Projects\\twitter-app\\src\\assets\\icons\\home-fill.svg": {"path":"C:\\VSCode Projects\\twitter-app\\src\\assets\\icons\\home-fill.svg","statementMap":{"0":{"start":{"line":2,"column":14},"end":{"line":2,"column":30}},"1":{"start":{"line":4,"column":2},"end":{"line":7,"column":4}},"2":{"start":{"line":9,"column":0},"end":{"line":9,"column":29}}},"fnMap":{"0":{"name":"SvgHomeFill","decl":{"start":{"line":3,"column":9},"end":{"line":3,"column":20}},"loc":{"start":{"line":3,"column":28},"end":{"line":8,"column":1}},"line":3}},"branchMap":{},"s":{"0":25,"1":0,"2":25},"f":{"0":0},"b":{},"_coverageSchema":"1a1c01bbd47fc00a2c39e90264f33305004495a9","hash":"80d0bf872db489bbe08457999bed1b5e02956b79"}
,"C:\\VSCode Projects\\twitter-app\\src\\assets\\icons\\home-outline.svg": {"path":"C:\\VSCode Projects\\twitter-app\\src\\assets\\icons\\home-outline.svg","statementMap":{"0":{"start":{"line":2,"column":14},"end":{"line":2,"column":30}},"1":{"start":{"line":4,"column":2},"end":{"line":7,"column":4}},"2":{"start":{"line":9,"column":0},"end":{"line":9,"column":32}}},"fnMap":{"0":{"name":"SvgHomeOutline","decl":{"start":{"line":3,"column":9},"end":{"line":3,"column":23}},"loc":{"start":{"line":3,"column":31},"end":{"line":8,"column":1}},"line":3}},"branchMap":{},"s":{"0":25,"1":0,"2":25},"f":{"0":0},"b":{},"_coverageSchema":"1a1c01bbd47fc00a2c39e90264f33305004495a9","hash":"f6bea4567a47f4ac43a6baf9c71f1b2943f9c187"}
,"C:\\VSCode Projects\\twitter-app\\src\\assets\\icons\\image.svg": {"path":"C:\\VSCode Projects\\twitter-app\\src\\assets\\icons\\image.svg","statementMap":{"0":{"start":{"line":2,"column":14},"end":{"line":2,"column":30}},"1":{"start":{"line":4,"column":2},"end":{"line":7,"column":4}},"2":{"start":{"line":9,"column":0},"end":{"line":9,"column":26}}},"fnMap":{"0":{"name":"SvgImage","decl":{"start":{"line":3,"column":9},"end":{"line":3,"column":17}},"loc":{"start":{"line":3,"column":25},"end":{"line":8,"column":1}},"line":3}},"branchMap":{},"s":{"0":25,"1":20,"2":25},"f":{"0":20},"b":{},"_coverageSchema":"1a1c01bbd47fc00a2c39e90264f33305004495a9","hash":"a565f1e6f728b84878c6f89fa9b5ba023af44058"}
,"C:\\VSCode Projects\\twitter-app\\src\\assets\\icons\\like-fill.svg": {"path":"C:\\VSCode Projects\\twitter-app\\src\\assets\\icons\\like-fill.svg","statementMap":{"0":{"start":{"line":2,"column":14},"end":{"line":2,"column":30}},"1":{"start":{"line":4,"column":2},"end":{"line":7,"column":4}},"2":{"start":{"line":9,"column":0},"end":{"line":9,"column":29}}},"fnMap":{"0":{"name":"SvgLikeFill","decl":{"start":{"line":3,"column":9},"end":{"line":3,"column":20}},"loc":{"start":{"line":3,"column":28},"end":{"line":8,"column":1}},"line":3}},"branchMap":{},"s":{"0":25,"1":0,"2":25},"f":{"0":0},"b":{},"_coverageSchema":"1a1c01bbd47fc00a2c39e90264f33305004495a9","hash":"4295aea76656aae6f6db8ec51175b842fe9c6fa6"}
,"C:\\VSCode Projects\\twitter-app\\src\\assets\\icons\\like.svg": {"path":"C:\\VSCode Projects\\twitter-app\\src\\assets\\icons\\like.svg","statementMap":{"0":{"start":{"line":2,"column":14},"end":{"line":2,"column":30}},"1":{"start":{"line":4,"column":2},"end":{"line":7,"column":4}},"2":{"start":{"line":9,"column":0},"end":{"line":9,"column":25}}},"fnMap":{"0":{"name":"SvgLike","decl":{"start":{"line":3,"column":9},"end":{"line":3,"column":16}},"loc":{"start":{"line":3,"column":24},"end":{"line":8,"column":1}},"line":3}},"branchMap":{},"s":{"0":25,"1":2,"2":25},"f":{"0":2},"b":{},"_coverageSchema":"1a1c01bbd47fc00a2c39e90264f33305004495a9","hash":"d0bc4ff3817e990ef0abde9fcd2bd12e51851b45"}
,"C:\\VSCode Projects\\twitter-app\\src\\assets\\icons\\list-fill.svg": {"path":"C:\\VSCode Projects\\twitter-app\\src\\assets\\icons\\list-fill.svg","statementMap":{"0":{"start":{"line":2,"column":14},"end":{"line":2,"column":30}},"1":{"start":{"line":4,"column":2},"end":{"line":7,"column":4}},"2":{"start":{"line":9,"column":0},"end":{"line":9,"column":29}}},"fnMap":{"0":{"name":"SvgListFill","decl":{"start":{"line":3,"column":9},"end":{"line":3,"column":20}},"loc":{"start":{"line":3,"column":28},"end":{"line":8,"column":1}},"line":3}},"branchMap":{},"s":{"0":25,"1":0,"2":25},"f":{"0":0},"b":{},"_coverageSchema":"1a1c01bbd47fc00a2c39e90264f33305004495a9","hash":"118525e8842f6958f444d860606d32ba2fd4ae4f"}
,"C:\\VSCode Projects\\twitter-app\\src\\assets\\icons\\lists.svg": {"path":"C:\\VSCode Projects\\twitter-app\\src\\assets\\icons\\lists.svg","statementMap":{"0":{"start":{"line":2,"column":14},"end":{"line":2,"column":30}},"1":{"start":{"line":4,"column":2},"end":{"line":7,"column":4}},"2":{"start":{"line":9,"column":0},"end":{"line":9,"column":26}}},"fnMap":{"0":{"name":"SvgLists","decl":{"start":{"line":3,"column":9},"end":{"line":3,"column":17}},"loc":{"start":{"line":3,"column":25},"end":{"line":8,"column":1}},"line":3}},"branchMap":{},"s":{"0":25,"1":0,"2":25},"f":{"0":0},"b":{},"_coverageSchema":"1a1c01bbd47fc00a2c39e90264f33305004495a9","hash":"e878c4700a621509a5475a4e69356e330c02531a"}
,"C:\\VSCode Projects\\twitter-app\\src\\assets\\icons\\messages-fill.svg": {"path":"C:\\VSCode Projects\\twitter-app\\src\\assets\\icons\\messages-fill.svg","statementMap":{"0":{"start":{"line":2,"column":14},"end":{"line":2,"column":30}},"1":{"start":{"line":4,"column":2},"end":{"line":7,"column":4}},"2":{"start":{"line":9,"column":0},"end":{"line":9,"column":33}}},"fnMap":{"0":{"name":"SvgMessagesFill","decl":{"start":{"line":3,"column":9},"end":{"line":3,"column":24}},"loc":{"start":{"line":3,"column":32},"end":{"line":8,"column":1}},"line":3}},"branchMap":{},"s":{"0":25,"1":0,"2":25},"f":{"0":0},"b":{},"_coverageSchema":"1a1c01bbd47fc00a2c39e90264f33305004495a9","hash":"27bbf93ba43bc7d031c78d810b184dc695d03346"}
,"C:\\VSCode Projects\\twitter-app\\src\\assets\\icons\\messages.svg": {"path":"C:\\VSCode Projects\\twitter-app\\src\\assets\\icons\\messages.svg","statementMap":{"0":{"start":{"line":2,"column":14},"end":{"line":2,"column":30}},"1":{"start":{"line":4,"column":2},"end":{"line":7,"column":4}},"2":{"start":{"line":9,"column":0},"end":{"line":9,"column":29}}},"fnMap":{"0":{"name":"SvgMessages","decl":{"start":{"line":3,"column":9},"end":{"line":3,"column":20}},"loc":{"start":{"line":3,"column":28},"end":{"line":8,"column":1}},"line":3}},"branchMap":{},"s":{"0":25,"1":0,"2":25},"f":{"0":0},"b":{},"_coverageSchema":"1a1c01bbd47fc00a2c39e90264f33305004495a9","hash":"40797cb65c1f3c6cbf0b460fc3fd9d2c90777c96"}
,"C:\\VSCode Projects\\twitter-app\\src\\assets\\icons\\more.svg": {"path":"C:\\VSCode Projects\\twitter-app\\src\\assets\\icons\\more.svg","statementMap":{"0":{"start":{"line":2,"column":14},"end":{"line":2,"column":30}},"1":{"start":{"line":4,"column":2},"end":{"line":7,"column":4}},"2":{"start":{"line":9,"column":0},"end":{"line":9,"column":25}}},"fnMap":{"0":{"name":"SvgMore","decl":{"start":{"line":3,"column":9},"end":{"line":3,"column":16}},"loc":{"start":{"line":3,"column":24},"end":{"line":8,"column":1}},"line":3}},"branchMap":{},"s":{"0":25,"1":0,"2":25},"f":{"0":0},"b":{},"_coverageSchema":"1a1c01bbd47fc00a2c39e90264f33305004495a9","hash":"c34ed66a6aa83439b5e383a0d2c129b8d022b25f"}
,"C:\\VSCode Projects\\twitter-app\\src\\assets\\icons\\notification-fill.svg": {"path":"C:\\VSCode Projects\\twitter-app\\src\\assets\\icons\\notification-fill.svg","statementMap":{"0":{"start":{"line":2,"column":14},"end":{"line":2,"column":30}},"1":{"start":{"line":4,"column":2},"end":{"line":7,"column":4}},"2":{"start":{"line":9,"column":0},"end":{"line":9,"column":37}}},"fnMap":{"0":{"name":"SvgNotificationFill","decl":{"start":{"line":3,"column":9},"end":{"line":3,"column":28}},"loc":{"start":{"line":3,"column":36},"end":{"line":8,"column":1}},"line":3}},"branchMap":{},"s":{"0":25,"1":0,"2":25},"f":{"0":0},"b":{},"_coverageSchema":"1a1c01bbd47fc00a2c39e90264f33305004495a9","hash":"b1ea4abf3c3bada82e7f4839b67fc83f8708437d"}
,"C:\\VSCode Projects\\twitter-app\\src\\assets\\icons\\notification.svg": {"path":"C:\\VSCode Projects\\twitter-app\\src\\assets\\icons\\notification.svg","statementMap":{"0":{"start":{"line":2,"column":14},"end":{"line":2,"column":30}},"1":{"start":{"line":4,"column":2},"end":{"line":7,"column":4}},"2":{"start":{"line":9,"column":0},"end":{"line":9,"column":33}}},"fnMap":{"0":{"name":"SvgNotification","decl":{"start":{"line":3,"column":9},"end":{"line":3,"column":24}},"loc":{"start":{"line":3,"column":32},"end":{"line":8,"column":1}},"line":3}},"branchMap":{},"s":{"0":25,"1":0,"2":25},"f":{"0":0},"b":{},"_coverageSchema":"1a1c01bbd47fc00a2c39e90264f33305004495a9","hash":"ed44c42587aabf740fd6ae7b16a0547cc5274b21"}
,"C:\\VSCode Projects\\twitter-app\\src\\assets\\icons\\profile-fill.svg": {"path":"C:\\VSCode Projects\\twitter-app\\src\\assets\\icons\\profile-fill.svg","statementMap":{"0":{"start":{"line":2,"column":14},"end":{"line":2,"column":30}},"1":{"start":{"line":4,"column":2},"end":{"line":7,"column":4}},"2":{"start":{"line":9,"column":0},"end":{"line":9,"column":32}}},"fnMap":{"0":{"name":"SvgProfileFill","decl":{"start":{"line":3,"column":9},"end":{"line":3,"column":23}},"loc":{"start":{"line":3,"column":31},"end":{"line":8,"column":1}},"line":3}},"branchMap":{},"s":{"0":25,"1":0,"2":25},"f":{"0":0},"b":{},"_coverageSchema":"1a1c01bbd47fc00a2c39e90264f33305004495a9","hash":"21b678c09c46ed51ce78bd5d53199103484ef5ea"}
,"C:\\VSCode Projects\\twitter-app\\src\\assets\\icons\\profile-outline.svg": {"path":"C:\\VSCode Projects\\twitter-app\\src\\assets\\icons\\profile-outline.svg","statementMap":{"0":{"start":{"line":2,"column":14},"end":{"line":2,"column":30}},"1":{"start":{"line":4,"column":2},"end":{"line":7,"column":4}},"2":{"start":{"line":9,"column":0},"end":{"line":9,"column":35}}},"fnMap":{"0":{"name":"SvgProfileOutline","decl":{"start":{"line":3,"column":9},"end":{"line":3,"column":26}},"loc":{"start":{"line":3,"column":34},"end":{"line":8,"column":1}},"line":3}},"branchMap":{},"s":{"0":25,"1":0,"2":25},"f":{"0":0},"b":{},"_coverageSchema":"1a1c01bbd47fc00a2c39e90264f33305004495a9","hash":"6e45b3985d5954f41fa0a6e26f50b459b00cf18a"}
,"C:\\VSCode Projects\\twitter-app\\src\\assets\\icons\\search.svg": {"path":"C:\\VSCode Projects\\twitter-app\\src\\assets\\icons\\search.svg","statementMap":{"0":{"start":{"line":2,"column":14},"end":{"line":2,"column":30}},"1":{"start":{"line":4,"column":2},"end":{"line":7,"column":4}},"2":{"start":{"line":9,"column":0},"end":{"line":9,"column":27}}},"fnMap":{"0":{"name":"SvgSearch","decl":{"start":{"line":3,"column":9},"end":{"line":3,"column":18}},"loc":{"start":{"line":3,"column":26},"end":{"line":8,"column":1}},"line":3}},"branchMap":{},"s":{"0":25,"1":2,"2":25},"f":{"0":2},"b":{},"_coverageSchema":"1a1c01bbd47fc00a2c39e90264f33305004495a9","hash":"c14781f223c026346101ee46902099e576cbcb0a"}
,"C:\\VSCode Projects\\twitter-app\\src\\assets\\icons\\spinner.svg": {"path":"C:\\VSCode Projects\\twitter-app\\src\\assets\\icons\\spinner.svg","statementMap":{"0":{"start":{"line":2,"column":14},"end":{"line":2,"column":30}},"1":{"start":{"line":4,"column":2},"end":{"line":7,"column":4}},"2":{"start":{"line":9,"column":0},"end":{"line":9,"column":28}}},"fnMap":{"0":{"name":"SvgSpinner","decl":{"start":{"line":3,"column":9},"end":{"line":3,"column":19}},"loc":{"start":{"line":3,"column":27},"end":{"line":8,"column":1}},"line":3}},"branchMap":{},"s":{"0":25,"1":6,"2":25},"f":{"0":6},"b":{},"_coverageSchema":"1a1c01bbd47fc00a2c39e90264f33305004495a9","hash":"9001c6e3cdbb84ffe9f8bdd6a105113fb6a4f46c"}
,"C:\\VSCode Projects\\twitter-app\\src\\assets\\icons\\twitter-logo.svg": {"path":"C:\\VSCode Projects\\twitter-app\\src\\assets\\icons\\twitter-logo.svg","statementMap":{"0":{"start":{"line":2,"column":14},"end":{"line":2,"column":30}},"1":{"start":{"line":4,"column":2},"end":{"line":7,"column":4}},"2":{"start":{"line":9,"column":0},"end":{"line":9,"column":32}}},"fnMap":{"0":{"name":"SvgTwitterLogo","decl":{"start":{"line":3,"column":9},"end":{"line":3,"column":23}},"loc":{"start":{"line":3,"column":31},"end":{"line":8,"column":1}},"line":3}},"branchMap":{},"s":{"0":25,"1":0,"2":25},"f":{"0":0},"b":{},"_coverageSchema":"1a1c01bbd47fc00a2c39e90264f33305004495a9","hash":"9235082b78a4b535445a4b315359bb9262a5e7d8"}
,"C:\\VSCode Projects\\twitter-app\\src\\assets\\icons\\unvisible-icon.svg": {"path":"C:\\VSCode Projects\\twitter-app\\src\\assets\\icons\\unvisible-icon.svg","statementMap":{"0":{"start":{"line":2,"column":14},"end":{"line":2,"column":30}},"1":{"start":{"line":4,"column":2},"end":{"line":7,"column":4}},"2":{"start":{"line":9,"column":0},"end":{"line":9,"column":34}}},"fnMap":{"0":{"name":"SvgUnvisibleIcon","decl":{"start":{"line":3,"column":9},"end":{"line":3,"column":25}},"loc":{"start":{"line":3,"column":33},"end":{"line":8,"column":1}},"line":3}},"branchMap":{},"s":{"0":25,"1":28,"2":25},"f":{"0":28},"b":{},"_coverageSchema":"1a1c01bbd47fc00a2c39e90264f33305004495a9","hash":"c7364cd5a783fd5e00c3966c0adea85ff77efcd2"}
,"C:\\VSCode Projects\\twitter-app\\src\\assets\\icons\\visible-icon.svg": {"path":"C:\\VSCode Projects\\twitter-app\\src\\assets\\icons\\visible-icon.svg","statementMap":{"0":{"start":{"line":2,"column":14},"end":{"line":2,"column":30}},"1":{"start":{"line":4,"column":2},"end":{"line":7,"column":4}},"2":{"start":{"line":9,"column":0},"end":{"line":9,"column":32}}},"fnMap":{"0":{"name":"SvgVisibleIcon","decl":{"start":{"line":3,"column":9},"end":{"line":3,"column":23}},"loc":{"start":{"line":3,"column":31},"end":{"line":8,"column":1}},"line":3}},"branchMap":{},"s":{"0":25,"1":0,"2":25},"f":{"0":0},"b":{},"_coverageSchema":"1a1c01bbd47fc00a2c39e90264f33305004495a9","hash":"34d8801b12ec9fd20ee089dc81e2d85d794096bf"}
,"C:\\VSCode Projects\\twitter-app\\src\\assets\\images\\default-avatar.png": {"path":"C:\\VSCode Projects\\twitter-app\\src\\assets\\images\\default-avatar.png","statementMap":{"0":{"start":{"line":1,"column":0},"end":{"line":1,"column":19}}},"fnMap":{},"branchMap":{},"s":{"0":13},"f":{},"b":{},"_coverageSchema":"1a1c01bbd47fc00a2c39e90264f33305004495a9","hash":"dd04147b3b00834bdb0ee42ec527e3efa28e5323"}
,"C:\\VSCode Projects\\twitter-app\\src\\assets\\images\\default-profile-bg.jpg": {"path":"C:\\VSCode Projects\\twitter-app\\src\\assets\\images\\default-profile-bg.jpg","statementMap":{"0":{"start":{"line":1,"column":0},"end":{"line":1,"column":19}}},"fnMap":{},"branchMap":{},"s":{"0":1},"f":{},"b":{},"_coverageSchema":"1a1c01bbd47fc00a2c39e90264f33305004495a9","hash":"d39a851a96d1018233d40878247747abe901a474"}
,"C:\\VSCode Projects\\twitter-app\\src\\components\\ChangePasswordForm\\config.ts": {"path":"C:\\VSCode Projects\\twitter-app\\src\\components\\ChangePasswordForm\\config.ts","statementMap":{"0":{"start":{"line":13,"column":13},"end":{"line":13,"column":38}},"1":{"start":{"line":5,"column":13},"end":{"line":5,"column":31}},"2":{"start":{"line":3,"column":39},"end":{"line":3,"column":null}},"3":{"start":{"line":5,"column":51},"end":{"line":11,"column":null}},"4":{"start":{"line":13,"column":58},"end":{"line":15,"column":null}}},"fnMap":{},"branchMap":{},"s":{"0":6,"1":6,"2":2,"3":2,"4":2},"f":{},"b":{}}
,"C:\\VSCode Projects\\twitter-app\\src\\components\\ChangePasswordForm\\index.tsx": {"path":"C:\\VSCode Projects\\twitter-app\\src\\components\\ChangePasswordForm\\index.tsx","statementMap":{"0":{"start":{"line":13,"column":13},"end":{"line":13,"column":34}},"1":{"start":{"line":1,"column":26},"end":{"line":1,"column":null}},"2":{"start":{"line":2,"column":24},"end":{"line":2,"column":null}},"3":{"start":{"line":4,"column":23},"end":{"line":4,"column":null}},"4":{"start":{"line":5,"column":43},"end":{"line":5,"column":null}},"5":{"start":{"line":7,"column":56},"end":{"line":7,"column":null}},"6":{"start":{"line":9,"column":62},"end":{"line":9,"column":null}},"7":{"start":{"line":10,"column":19},"end":{"line":10,"column":null}},"8":{"start":{"line":13,"column":34},"end":{"line":68,"column":null}},"9":{"start":{"line":13,"column":37},"end":{"line":13,"column":null}},"10":{"start":{"line":14,"column":60},"end":{"line":14,"column":null}},"11":{"start":{"line":14,"column":60},"end":{"line":14,"column":86}},"12":{"start":{"line":14,"column":27},"end":{"line":14,"column":38}},"13":{"start":{"line":14,"column":38},"end":{"line":14,"column":49}},"14":{"start":{"line":14,"column":49},"end":{"line":14,"column":60}},"15":{"start":{"line":20,"column":6},"end":{"line":20,"column":null}},"16":{"start":{"line":20,"column":6},"end":{"line":16,"column":null}},"17":{"start":{"line":20,"column":6},"end":{"line":17,"column":null}},"18":{"start":{"line":20,"column":6},"end":{"line":18,"column":null}},"19":{"start":{"line":20,"column":6},"end":{"line":19,"column":null}},"20":{"start":{"line":22,"column":2},"end":{"line":24,"column":null}},"21":{"start":{"line":23,"column":4},"end":{"line":23,"column":null}},"22":{"start":{"line":23,"column":19},"end":{"line":23,"column":null}},"23":{"start":{"line":26,"column":19},"end":{"line":35,"column":null}},"24":{"start":{"line":27,"column":34},"end":{"line":27,"column":22}},"25":{"start":{"line":27,"column":34},"end":{"line":null,"column":-1}},"26":{"start":{"line":29,"column":4},"end":{"line":32,"column":null}},"27":{"start":{"line":30,"column":6},"end":{"line":30,"column":null}},"28":{"start":{"line":31,"column":6},"end":{"line":31,"column":null}},"29":{"start":{"line":34,"column":4},"end":{"line":34,"column":null}}},"fnMap":{"0":{"name":"(anonymous_10)","decl":{"start":{"line":13,"column":34},"end":{"line":13,"column":37}},"loc":{"start":{"line":13,"column":34},"end":{"line":68,"column":null}}},"1":{"name":"(anonymous_11)","decl":{"start":{"line":22,"column":12},"end":{"line":22,"column":null}},"loc":{"start":{"line":22,"column":12},"end":{"line":24,"column":5}}},"2":{"name":"(anonymous_12)","decl":{"start":{"line":26,"column":19},"end":{"line":26,"column":20}},"loc":{"start":{"line":26,"column":20},"end":{"line":35,"column":null}}}},"branchMap":{"0":{"loc":{"start":{"line":23,"column":4},"end":{"line":23,"column":null}},"type":"if","locations":[{"start":{"line":23,"column":4},"end":{"line":23,"column":null}}]},"1":{"loc":{"start":{"line":29,"column":4},"end":{"line":32,"column":null}},"type":"if","locations":[{"start":{"line":29,"column":4},"end":{"line":32,"column":null}}]},"2":{"loc":{"start":{"line":45,"column":13},"end":{"line":45,"column":39}},"type":"cond-expr","locations":[{"start":{"line":45,"column":15},"end":{"line":45,"column":22}},{"start":{"line":45,"column":15},"end":{"line":45,"column":39}}]},"3":{"loc":{"start":{"line":45,"column":13},"end":{"line":45,"column":22}},"type":"binary-expr","locations":[{"start":{"line":45,"column":13},"end":{"line":45,"column":32}},{"start":{"line":45,"column":15},"end":{"line":45,"column":22}}]},"4":{"loc":{"start":{"line":52,"column":13},"end":{"line":52,"column":38}},"type":"cond-expr","locations":[{"start":{"line":52,"column":15},"end":{"line":52,"column":22}},{"start":{"line":52,"column":15},"end":{"line":52,"column":38}}]},"5":{"loc":{"start":{"line":52,"column":13},"end":{"line":52,"column":22}},"type":"binary-expr","locations":[{"start":{"line":52,"column":13},"end":{"line":52,"column":31}},{"start":{"line":52,"column":15},"end":{"line":52,"column":22}}]},"6":{"loc":{"start":{"line":56,"column":7},"end":{"line":56,"column":16}},"type":"binary-expr","locations":[{"start":{"line":56,"column":7},"end":{"line":56,"column":16}}]}},"s":{"0":4,"1":2,"2":2,"3":2,"4":2,"5":2,"6":2,"7":2,"8":2,"9":6,"10":6,"11":12,"12":6,"13":6,"14":6,"15":6,"16":6,"17":6,"18":6,"19":6,"20":6,"21":5,"22":1,"23":6,"24":2,"25":2,"26":2,"27":1,"28":1,"29":1},"f":{"0":6,"1":5,"2":2},"b":{"0":[1],"1":[1],"2":[6,0],"3":[6,6],"4":[5,1],"5":[6,6],"6":[6]}}
,"C:\\VSCode Projects\\twitter-app\\src\\components\\ChangePasswordForm\\styled.ts": {"path":"C:\\VSCode Projects\\twitter-app\\src\\components\\ChangePasswordForm\\styled.ts","statementMap":{"0":{"start":{"line":7,"column":13},"end":{"line":7,"column":27}},"1":{"start":{"line":15,"column":13},"end":{"line":15,"column":31}},"2":{"start":{"line":1,"column":19},"end":{"line":1,"column":null}},"3":{"start":{"line":3,"column":21},"end":{"line":3,"column":null}},"4":{"start":{"line":5,"column":29},"end":{"line":5,"column":null}},"5":{"start":{"line":10,"column":12},"end":{"line":10,"column":24}},"6":{"start":{"line":10,"column":24},"end":{"line":10,"column":null}},"7":{"start":{"line":12,"column":19},"end":{"line":12,"column":31}},"8":{"start":{"line":12,"column":31},"end":{"line":12,"column":null}},"9":{"start":{"line":15,"column":34},"end":{"line":15,"column":null}}},"fnMap":{"0":{"name":"(anonymous_9)","decl":{"start":{"line":10,"column":9},"end":{"line":10,"column":12}},"loc":{"start":{"line":10,"column":9},"end":{"line":12,"column":19}}}},"branchMap":{},"s":{"0":6,"1":0,"2":2,"3":2,"4":2,"5":6,"6":6,"7":6,"8":6,"9":2},"f":{"0":6},"b":{}}
,"C:\\VSCode Projects\\twitter-app\\src\\components\\EditProfileForm\\config.ts": {"path":"C:\\VSCode Projects\\twitter-app\\src\\components\\EditProfileForm\\config.ts","statementMap":{"0":{"start":{"line":31,"column":13},"end":{"line":31,"column":29}},"1":{"start":{"line":40,"column":16},"end":{"line":40,"column":36}},"2":{"start":{"line":7,"column":13},"end":{"line":7,"column":27}},"3":{"start":{"line":15,"column":13},"end":{"line":15,"column":28}},"4":{"start":{"line":27,"column":13},"end":{"line":27,"column":29}},"5":{"start":{"line":3,"column":77},"end":{"line":3,"column":null}},"6":{"start":{"line":5,"column":29},"end":{"line":5,"column":null}},"7":{"start":{"line":7,"column":47},"end":{"line":13,"column":null}},"8":{"start":{"line":15,"column":48},"end":{"line":25,"column":null}},"9":{"start":{"line":22,"column":22},"end":{"line":null,"column":-1}},"10":{"start":{"line":23,"column":4},"end":{"line":23,"column":null}},"11":{"start":{"line":27,"column":49},"end":{"line":29,"column":null}},"12":{"start":{"line":31,"column":49},"end":{"line":38,"column":null}},"13":{"start":{"line":33,"column":4},"end":{"line":33,"column":null}},"14":{"start":{"line":33,"column":23},"end":{"line":33,"column":null}},"15":{"start":{"line":35,"column":21},"end":{"line":null,"column":-1}},"16":{"start":{"line":36,"column":4},"end":{"line":36,"column":null}},"17":{"start":{"line":41,"column":2},"end":{"line":48,"column":null}}},"fnMap":{"0":{"name":"onChange","decl":{"start":{"line":21,"column":2},"end":{"line":21,"column":11}},"loc":{"start":{"line":21,"column":16},"end":{"line":24,"column":null}}},"1":{"name":"validate","decl":{"start":{"line":32,"column":2},"end":{"line":32,"column":11}},"loc":{"start":{"line":32,"column":16},"end":{"line":37,"column":null}}},"2":{"name":"getDefaultFormFields","decl":{"start":{"line":40,"column":16},"end":{"line":40,"column":36}},"loc":{"start":{"line":40,"column":66},"end":{"line":49,"column":null}}}},"branchMap":{"0":{"loc":{"start":{"line":33,"column":4},"end":{"line":33,"column":null}},"type":"if","locations":[{"start":{"line":33,"column":4},"end":{"line":33,"column":null}}]},"1":{"loc":{"start":{"line":36,"column":11},"end":{"line":36,"column":68}},"type":"binary-expr","locations":[{"start":{"line":36,"column":11},"end":{"line":36,"column":39}},{"start":{"line":36,"column":43},"end":{"line":36,"column":68}}]},"2":{"loc":{"start":{"line":42,"column":10},"end":{"line":42,"column":24}},"type":"cond-expr","locations":[{"start":{"line":42,"column":10},"end":{"line":42,"column":20}},{"start":{"line":42,"column":10},"end":{"line":42,"column":24}}]},"3":{"loc":{"start":{"line":42,"column":10},"end":{"line":42,"column":20}},"type":"binary-expr","locations":[{"start":{"line":42,"column":10},"end":{"line":42,"column":20}},{"start":{"line":42,"column":10},"end":{"line":42,"column":20}}]},"4":{"loc":{"start":{"line":43,"column":11},"end":{"line":43,"column":26}},"type":"cond-expr","locations":[{"start":{"line":43,"column":11},"end":{"line":43,"column":21}},{"start":{"line":43,"column":11},"end":{"line":43,"column":26}}]},"5":{"loc":{"start":{"line":43,"column":11},"end":{"line":43,"column":21}},"type":"binary-expr","locations":[{"start":{"line":43,"column":11},"end":{"line":43,"column":21}},{"start":{"line":43,"column":11},"end":{"line":43,"column":21}}]},"6":{"loc":{"start":{"line":44,"column":17},"end":{"line":44,"column":38}},"type":"cond-expr","locations":[{"start":{"line":44,"column":17},"end":{"line":44,"column":27}},{"start":{"line":44,"column":17},"end":{"line":44,"column":38}}]},"7":{"loc":{"start":{"line":44,"column":17},"end":{"line":44,"column":27}},"type":"binary-expr","locations":[{"start":{"line":44,"column":17},"end":{"line":44,"column":27}},{"start":{"line":44,"column":17},"end":{"line":44,"column":27}}]},"8":{"loc":{"start":{"line":45,"column":9},"end":{"line":45,"column":null}},"type":"cond-expr","locations":[{"start":{"line":45,"column":20},"end":{"line":45,"column":68}},{"start":{"line":45,"column":68},"end":{"line":45,"column":null}}]},"9":{"loc":{"start":{"line":46,"column":11},"end":{"line":46,"column":null}},"type":"cond-expr","locations":[{"start":{"line":46,"column":22},"end":{"line":46,"column":67}},{"start":{"line":46,"column":70},"end":{"line":46,"column":null}}]},"10":{"loc":{"start":{"line":47,"column":10},"end":{"line":47,"column":null}},"type":"cond-expr","locations":[{"start":{"line":47,"column":21},"end":{"line":47,"column":73}},{"start":{"line":47,"column":73},"end":{"line":47,"column":null}}]}},"s":{"0":11,"1":11,"2":11,"3":11,"4":33,"5":2,"6":2,"7":2,"8":2,"9":1,"10":1,"11":2,"12":2,"13":1,"14":1,"15":0,"16":0,"17":11},"f":{"0":1,"1":1,"2":11},"b":{"0":[1],"1":[0,0],"2":[5,6],"3":[11,6],"4":[5,6],"5":[11,6],"6":[5,6],"7":[11,6],"8":[6,5],"9":[6,5],"10":[6,5]}}
,"C:\\VSCode Projects\\twitter-app\\src\\components\\EditProfileForm\\index.tsx": {"path":"C:\\VSCode Projects\\twitter-app\\src\\components\\EditProfileForm\\index.tsx","statementMap":{"0":{"start":{"line":16,"column":13},"end":{"line":16,"column":31}},"1":{"start":{"line":1,"column":35},"end":{"line":1,"column":null}},"2":{"start":{"line":2,"column":24},"end":{"line":2,"column":null}},"3":{"start":{"line":4,"column":22},"end":{"line":4,"column":null}},"4":{"start":{"line":5,"column":31},"end":{"line":5,"column":null}},"5":{"start":{"line":6,"column":58},"end":{"line":6,"column":null}},"6":{"start":{"line":7,"column":29},"end":{"line":7,"column":null}},"7":{"start":{"line":8,"column":48},"end":{"line":8,"column":null}},"8":{"start":{"line":10,"column":71},"end":{"line":10,"column":null}},"9":{"start":{"line":12,"column":24},"end":{"line":12,"column":null}},"10":{"start":{"line":13,"column":19},"end":{"line":13,"column":null}},"11":{"start":{"line":16,"column":31},"end":{"line":135,"column":null}},"12":{"start":{"line":16,"column":34},"end":{"line":16,"column":44}},"13":{"start":{"line":16,"column":44},"end":{"line":16,"column":null}},"14":{"start":{"line":17,"column":49},"end":{"line":17,"column":null}},"15":{"start":{"line":17,"column":49},"end":{"line":17,"column":70}},"16":{"start":{"line":17,"column":23},"end":{"line":17,"column":34}},"17":{"start":{"line":17,"column":34},"end":{"line":17,"column":49}},"18":{"start":{"line":18,"column":29},"end":{"line":18,"column":null}},"19":{"start":{"line":18,"column":29},"end":{"line":18,"column":10}},"20":{"start":{"line":19,"column":34},"end":{"line":19,"column":null}},"21":{"start":{"line":19,"column":34},"end":{"line":19,"column":10}},"22":{"start":{"line":26,"column":6},"end":{"line":26,"column":null}},"23":{"start":{"line":26,"column":6},"end":{"line":21,"column":null}},"24":{"start":{"line":26,"column":6},"end":{"line":22,"column":null}},"25":{"start":{"line":26,"column":6},"end":{"line":23,"column":null}},"26":{"start":{"line":26,"column":6},"end":{"line":24,"column":null}},"27":{"start":{"line":26,"column":6},"end":{"line":25,"column":null}},"28":{"start":{"line":27,"column":22},"end":{"line":27,"column":null}},"29":{"start":{"line":28,"column":8},"end":{"line":28,"column":44}},"30":{"start":{"line":30,"column":17},"end":{"line":33,"column":null}},"31":{"start":{"line":32,"column":6},"end":{"line":32,"column":null}},"32":{"start":{"line":36,"column":2},"end":{"line":38,"column":null}},"33":{"start":{"line":37,"column":4},"end":{"line":37,"column":null}},"34":{"start":{"line":37,"column":19},"end":{"line":37,"column":null}},"35":{"start":{"line":40,"column":19},"end":{"line":55,"column":null}},"36":{"start":{"line":50,"column":4},"end":{"line":50,"column":10}},"37":{"start":{"line":66,"column":30},"end":{"line":66,"column":null}}},"fnMap":{"0":{"name":"(anonymous_36)","decl":{"start":{"line":16,"column":31},"end":{"line":16,"column":34}},"loc":{"start":{"line":16,"column":31},"end":{"line":135,"column":null}}},"1":{"name":"(anonymous_37)","decl":{"start":{"line":31,"column":4},"end":{"line":31,"column":null}},"loc":{"start":{"line":31,"column":4},"end":{"line":33,"column":5}}},"2":{"name":"(anonymous_38)","decl":{"start":{"line":36,"column":12},"end":{"line":36,"column":null}},"loc":{"start":{"line":36,"column":12},"end":{"line":38,"column":5}}},"3":{"name":"(anonymous_40)","decl":{"start":{"line":40,"column":19},"end":{"line":40,"column":26}},"loc":{"start":{"line":40,"column":26},"end":{"line":55,"column":null}}}},"branchMap":{"0":{"loc":{"start":{"line":19,"column":53},"end":{"line":19,"column":65}},"type":"cond-expr","locations":[{"start":{"line":19,"column":53},"end":{"line":19,"column":63}},{"start":{"line":19,"column":53},"end":{"line":19,"column":65}}]},"1":{"loc":{"start":{"line":19,"column":53},"end":{"line":19,"column":63}},"type":"binary-expr","locations":[{"start":{"line":19,"column":53},"end":{"line":19,"column":63}},{"start":{"line":19,"column":53},"end":{"line":19,"column":63}}]},"2":{"loc":{"start":{"line":28,"column":8},"end":{"line":28,"column":44}},"type":"cond-expr","locations":[{"start":{"line":28,"column":22},"end":{"line":28,"column":29}},{"start":{"line":28,"column":22},"end":{"line":28,"column":44}}]},"3":{"loc":{"start":{"line":28,"column":8},"end":{"line":28,"column":29}},"type":"binary-expr","locations":[{"start":{"line":28,"column":8},"end":{"line":28,"column":37}},{"start":{"line":28,"column":22},"end":{"line":28,"column":29}}]},"4":{"loc":{"start":{"line":32,"column":6},"end":{"line":32,"column":null}},"type":"cond-expr","locations":[{"start":{"line":32,"column":44},"end":{"line":32,"column":82}},{"start":{"line":32,"column":82},"end":{"line":32,"column":null}}]},"5":{"loc":{"start":{"line":32,"column":6},"end":{"line":32,"column":44}},"type":"binary-expr","locations":[{"start":{"line":32,"column":6},"end":{"line":32,"column":22}},{"start":{"line":32,"column":22},"end":{"line":32,"column":41}}]},"6":{"loc":{"start":{"line":32,"column":22},"end":{"line":32,"column":41}},"type":"cond-expr","locations":[{"start":{"line":32,"column":22},"end":{"line":32,"column":35}},{"start":{"line":32,"column":22},"end":{"line":32,"column":41}}]},"7":{"loc":{"start":{"line":32,"column":22},"end":{"line":32,"column":35}},"type":"binary-expr","locations":[{"start":{"line":32,"column":22},"end":{"line":32,"column":35}},{"start":{"line":32,"column":22},"end":{"line":32,"column":35}}]},"8":{"loc":{"start":{"line":37,"column":4},"end":{"line":37,"column":null}},"type":"if","locations":[{"start":{"line":37,"column":4},"end":{"line":37,"column":null}}]},"9":{"loc":{"start":{"line":53,"column":14},"end":{"line":53,"column":null}},"type":"cond-expr","locations":[{"start":{"line":53,"column":34},"end":{"line":53,"column":47}},{"start":{"line":53,"column":47},"end":{"line":53,"column":null}}]},"10":{"loc":{"start":{"line":70,"column":9},"end":{"line":70,"column":24}},"type":"binary-expr","locations":[{"start":{"line":70,"column":9},"end":{"line":70,"column":24}}]},"11":{"loc":{"start":{"line":76,"column":13},"end":{"line":76,"column":35}},"type":"cond-expr","locations":[{"start":{"line":76,"column":15},"end":{"line":76,"column":22}},{"start":{"line":76,"column":15},"end":{"line":76,"column":35}}]},"12":{"loc":{"start":{"line":76,"column":13},"end":{"line":76,"column":22}},"type":"binary-expr","locations":[{"start":{"line":76,"column":13},"end":{"line":76,"column":28}},{"start":{"line":76,"column":15},"end":{"line":76,"column":22}}]},"13":{"loc":{"start":{"line":82,"column":13},"end":{"line":82,"column":36}},"type":"cond-expr","locations":[{"start":{"line":82,"column":15},"end":{"line":82,"column":22}},{"start":{"line":82,"column":15},"end":{"line":82,"column":36}}]},"14":{"loc":{"start":{"line":82,"column":13},"end":{"line":82,"column":22}},"type":"binary-expr","locations":[{"start":{"line":82,"column":13},"end":{"line":82,"column":29}},{"start":{"line":82,"column":15},"end":{"line":82,"column":22}}]},"15":{"loc":{"start":{"line":98,"column":15},"end":{"line":98,"column":38}},"type":"cond-expr","locations":[{"start":{"line":98,"column":17},"end":{"line":98,"column":24}},{"start":{"line":98,"column":17},"end":{"line":98,"column":38}}]},"16":{"loc":{"start":{"line":98,"column":15},"end":{"line":98,"column":24}},"type":"binary-expr","locations":[{"start":{"line":98,"column":15},"end":{"line":98,"column":31}},{"start":{"line":98,"column":17},"end":{"line":98,"column":24}}]},"17":{"loc":{"start":{"line":104,"column":15},"end":{"line":104,"column":36}},"type":"cond-expr","locations":[{"start":{"line":104,"column":17},"end":{"line":104,"column":24}},{"start":{"line":104,"column":17},"end":{"line":104,"column":36}}]},"18":{"loc":{"start":{"line":104,"column":15},"end":{"line":104,"column":24}},"type":"binary-expr","locations":[{"start":{"line":104,"column":15},"end":{"line":104,"column":29}},{"start":{"line":104,"column":17},"end":{"line":104,"column":24}}]},"19":{"loc":{"start":{"line":111,"column":15},"end":{"line":111,"column":37}},"type":"cond-expr","locations":[{"start":{"line":111,"column":17},"end":{"line":111,"column":24}},{"start":{"line":111,"column":17},"end":{"line":111,"column":37}}]},"20":{"loc":{"start":{"line":111,"column":15},"end":{"line":111,"column":24}},"type":"binary-expr","locations":[{"start":{"line":111,"column":15},"end":{"line":111,"column":30}},{"start":{"line":111,"column":17},"end":{"line":111,"column":24}}]}},"s":{"0":7,"1":2,"2":2,"3":2,"4":2,"5":2,"6":2,"7":2,"8":2,"9":2,"10":2,"11":2,"12":11,"13":11,"14":11,"15":22,"16":11,"17":11,"18":11,"19":11,"20":11,"21":11,"22":11,"23":11,"24":11,"25":11,"26":11,"27":11,"28":11,"29":11,"30":11,"31":6,"32":11,"33":5,"34":1,"35":11,"36":1,"37":0},"f":{"0":11,"1":6,"2":5,"3":1},"b":{"0":[5,6],"1":[11,6],"2":[11,0],"3":[11,11],"4":[0,6],"5":[6,6],"6":[4,2],"7":[6,6],"8":[1],"9":[0,1],"10":[11],"11":[11,0],"12":[11,11],"13":[11,0],"14":[11,11],"15":[11,0],"16":[11,11],"17":[11,0],"18":[11,11],"19":[11,0],"20":[11,11]}}
,"C:\\VSCode Projects\\twitter-app\\src\\components\\EditProfileForm\\styled.ts": {"path":"C:\\VSCode Projects\\twitter-app\\src\\components\\EditProfileForm\\styled.ts","statementMap":{"0":{"start":{"line":31,"column":13},"end":{"line":31,"column":26}},"1":{"start":{"line":19,"column":13},"end":{"line":19,"column":26}},"2":{"start":{"line":23,"column":13},"end":{"line":23,"column":35}},"3":{"start":{"line":11,"column":13},"end":{"line":11,"column":27}},"4":{"start":{"line":59,"column":13},"end":{"line":59,"column":33}},"5":{"start":{"line":53,"column":13},"end":{"line":53,"column":28}},"6":{"start":{"line":7,"column":13},"end":{"line":7,"column":22}},"7":{"start":{"line":48,"column":13},"end":{"line":48,"column":27}},"8":{"start":{"line":40,"column":13},"end":{"line":40,"column":29}},"9":{"start":{"line":1,"column":19},"end":{"line":1,"column":null}},"10":{"start":{"line":3,"column":46},"end":{"line":3,"column":null}},"11":{"start":{"line":5,"column":43},"end":{"line":5,"column":null}},"12":{"start":{"line":8,"column":22},"end":{"line":8,"column":34}},"13":{"start":{"line":8,"column":34},"end":{"line":8,"column":null}},"14":{"start":{"line":14,"column":12},"end":{"line":14,"column":24}},"15":{"start":{"line":14,"column":24},"end":{"line":14,"column":null}},"16":{"start":{"line":16,"column":19},"end":{"line":16,"column":31}},"17":{"start":{"line":16,"column":31},"end":{"line":16,"column":null}},"18":{"start":{"line":20,"column":22},"end":{"line":20,"column":34}},"19":{"start":{"line":20,"column":34},"end":{"line":20,"column":null}},"20":{"start":{"line":26,"column":12},"end":{"line":26,"column":24}},"21":{"start":{"line":26,"column":24},"end":{"line":26,"column":null}},"22":{"start":{"line":28,"column":22},"end":{"line":28,"column":34}},"23":{"start":{"line":28,"column":34},"end":{"line":28,"column":null}},"24":{"start":{"line":35,"column":12},"end":{"line":35,"column":24}},"25":{"start":{"line":35,"column":24},"end":{"line":35,"column":null}},"26":{"start":{"line":37,"column":22},"end":{"line":37,"column":34}},"27":{"start":{"line":37,"column":34},"end":{"line":37,"column":null}},"28":{"start":{"line":40,"column":32},"end":{"line":40,"column":null}},"29":{"start":{"line":49,"column":21},"end":{"line":49,"column":33}},"30":{"start":{"line":49,"column":33},"end":{"line":49,"column":null}},"31":{"start":{"line":53,"column":31},"end":{"line":53,"column":null}},"32":{"start":{"line":59,"column":36},"end":{"line":68,"column":null}},"33":{"start":{"line":63,"column":14},"end":{"line":63,"column":26}},"34":{"start":{"line":63,"column":26},"end":{"line":63,"column":null}}},"fnMap":{"0":{"name":"(anonymous_31)","decl":{"start":{"line":14,"column":9},"end":{"line":14,"column":12}},"loc":{"start":{"line":14,"column":9},"end":{"line":16,"column":19}}},"1":{"name":"(anonymous_34)","decl":{"start":{"line":26,"column":9},"end":{"line":26,"column":12}},"loc":{"start":{"line":26,"column":9},"end":{"line":28,"column":22}}},"2":{"name":"(anonymous_36)","decl":{"start":{"line":35,"column":9},"end":{"line":35,"column":12}},"loc":{"start":{"line":35,"column":9},"end":{"line":37,"column":22}}},"3":{"name":"(anonymous_39)","decl":{"start":{"line":63,"column":11},"end":{"line":63,"column":14}},"loc":{"start":{"line":63,"column":11},"end":{"line":68,"column":15}}}},"branchMap":{},"s":{"0":11,"1":11,"2":11,"3":11,"4":11,"5":11,"6":11,"7":11,"8":11,"9":2,"10":2,"11":2,"12":11,"13":11,"14":11,"15":11,"16":11,"17":11,"18":11,"19":11,"20":11,"21":11,"22":11,"23":11,"24":11,"25":11,"26":11,"27":11,"28":2,"29":11,"30":11,"31":2,"32":2,"33":11,"34":11},"f":{"0":11,"1":11,"2":11,"3":11},"b":{}}
,"C:\\VSCode Projects\\twitter-app\\src\\components\\LoginForm\\config.ts": {"path":"C:\\VSCode Projects\\twitter-app\\src\\components\\LoginForm\\config.ts","statementMap":{"0":{"start":{"line":5,"column":13},"end":{"line":5,"column":28}},"1":{"start":{"line":13,"column":13},"end":{"line":13,"column":31}},"2":{"start":{"line":3,"column":52},"end":{"line":3,"column":null}},"3":{"start":{"line":5,"column":48},"end":{"line":11,"column":null}},"4":{"start":{"line":13,"column":51},"end":{"line":19,"column":null}}},"fnMap":{},"branchMap":{},"s":{"0":4,"1":4,"2":1,"3":1,"4":1},"f":{},"b":{}}
,"C:\\VSCode Projects\\twitter-app\\src\\components\\LoginForm\\index.tsx": {"path":"C:\\VSCode Projects\\twitter-app\\src\\components\\LoginForm\\index.tsx","statementMap":{"0":{"start":{"line":12,"column":13},"end":{"line":12,"column":25}},"1":{"start":{"line":1,"column":24},"end":{"line":1,"column":null}},"2":{"start":{"line":3,"column":26},"end":{"line":3,"column":null}},"3":{"start":{"line":4,"column":35},"end":{"line":4,"column":null}},"4":{"start":{"line":7,"column":22},"end":{"line":7,"column":null}},"5":{"start":{"line":9,"column":52},"end":{"line":9,"column":null}},"6":{"start":{"line":10,"column":19},"end":{"line":10,"column":null}},"7":{"start":{"line":12,"column":25},"end":{"line":50,"column":null}},"8":{"start":{"line":13,"column":41},"end":{"line":13,"column":null}},"9":{"start":{"line":13,"column":41},"end":{"line":13,"column":59}},"10":{"start":{"line":13,"column":19},"end":{"line":13,"column":30}},"11":{"start":{"line":13,"column":30},"end":{"line":13,"column":41}},"12":{"start":{"line":18,"column":6},"end":{"line":18,"column":null}},"13":{"start":{"line":18,"column":6},"end":{"line":15,"column":null}},"14":{"start":{"line":18,"column":6},"end":{"line":16,"column":null}},"15":{"start":{"line":18,"column":6},"end":{"line":17,"column":null}},"16":{"start":{"line":20,"column":46},"end":{"line":20,"column":null}}},"fnMap":{"0":{"name":"(anonymous_10)","decl":{"start":{"line":12,"column":25},"end":{"line":12,"column":null}},"loc":{"start":{"line":12,"column":25},"end":{"line":50,"column":null}}}},"branchMap":{"0":{"loc":{"start":{"line":27,"column":13},"end":{"line":27,"column":36}},"type":"cond-expr","locations":[{"start":{"line":27,"column":15},"end":{"line":27,"column":22}},{"start":{"line":27,"column":15},"end":{"line":27,"column":36}}]},"1":{"loc":{"start":{"line":27,"column":13},"end":{"line":27,"column":22}},"type":"binary-expr","locations":[{"start":{"line":27,"column":13},"end":{"line":27,"column":29}},{"start":{"line":27,"column":15},"end":{"line":27,"column":22}}]},"2":{"loc":{"start":{"line":35,"column":13},"end":{"line":35,"column":39}},"type":"cond-expr","locations":[{"start":{"line":35,"column":15},"end":{"line":35,"column":22}},{"start":{"line":35,"column":15},"end":{"line":35,"column":39}}]},"3":{"loc":{"start":{"line":35,"column":13},"end":{"line":35,"column":22}},"type":"binary-expr","locations":[{"start":{"line":35,"column":13},"end":{"line":35,"column":32}},{"start":{"line":35,"column":15},"end":{"line":35,"column":22}}]},"4":{"loc":{"start":{"line":39,"column":7},"end":{"line":39,"column":16}},"type":"binary-expr","locations":[{"start":{"line":39,"column":7},"end":{"line":39,"column":16}}]}},"s":{"0":3,"1":1,"2":1,"3":1,"4":1,"5":1,"6":1,"7":1,"8":4,"9":8,"10":4,"11":4,"12":4,"13":4,"14":4,"15":4,"16":1},"f":{"0":4},"b":{"0":[4,0],"1":[4,4],"2":[4,0],"3":[4,4],"4":[4]}}
,"C:\\VSCode Projects\\twitter-app\\src\\components\\LoginForm\\styled.ts": {"path":"C:\\VSCode Projects\\twitter-app\\src\\components\\LoginForm\\styled.ts","statementMap":{"0":{"start":{"line":23,"column":13},"end":{"line":23,"column":32}},"1":{"start":{"line":12,"column":13},"end":{"line":12,"column":24}},"2":{"start":{"line":7,"column":13},"end":{"line":7,"column":28}},"3":{"start":{"line":19,"column":13},"end":{"line":19,"column":23}},"4":{"start":{"line":1,"column":19},"end":{"line":1,"column":null}},"5":{"start":{"line":3,"column":22},"end":{"line":3,"column":null}},"6":{"start":{"line":5,"column":56},"end":{"line":5,"column":null}},"7":{"start":{"line":9,"column":22},"end":{"line":9,"column":34}},"8":{"start":{"line":9,"column":34},"end":{"line":9,"column":null}},"9":{"start":{"line":13,"column":19},"end":{"line":13,"column":31}},"10":{"start":{"line":13,"column":31},"end":{"line":13,"column":null}},"11":{"start":{"line":14,"column":22},"end":{"line":14,"column":34}},"12":{"start":{"line":14,"column":34},"end":{"line":14,"column":null}},"13":{"start":{"line":16,"column":7},"end":{"line":16,"column":19}},"14":{"start":{"line":16,"column":19},"end":{"line":16,"column":null}},"15":{"start":{"line":19,"column":26},"end":{"line":19,"column":null}},"16":{"start":{"line":23,"column":35},"end":{"line":23,"column":null}}},"fnMap":{"0":{"name":"(anonymous_16)","decl":{"start":{"line":13,"column":16},"end":{"line":13,"column":19}},"loc":{"start":{"line":13,"column":16},"end":{"line":14,"column":22}}},"1":{"name":"(anonymous_17)","decl":{"start":{"line":14,"column":19},"end":{"line":14,"column":22}},"loc":{"start":{"line":14,"column":19},"end":{"line":16,"column":7}}}},"branchMap":{},"s":{"0":0,"1":4,"2":4,"3":4,"4":1,"5":1,"6":1,"7":4,"8":4,"9":4,"10":4,"11":4,"12":4,"13":4,"14":4,"15":1,"16":1},"f":{"0":4,"1":4},"b":{}}
,"C:\\VSCode Projects\\twitter-app\\src\\components\\NewTweet\\config.ts": {"path":"C:\\VSCode Projects\\twitter-app\\src\\components\\NewTweet\\config.ts","statementMap":{"0":{"start":{"line":10,"column":13},"end":{"line":10,"column":28}},"1":{"start":{"line":5,"column":13},"end":{"line":5,"column":30}},"2":{"start":{"line":3,"column":45},"end":{"line":3,"column":null}},"3":{"start":{"line":5,"column":50},"end":{"line":8,"column":null}},"4":{"start":{"line":10,"column":48},"end":{"line":17,"column":null}},"5":{"start":{"line":12,"column":4},"end":{"line":12,"column":null}},"6":{"start":{"line":12,"column":23},"end":{"line":12,"column":null}},"7":{"start":{"line":14,"column":21},"end":{"line":null,"column":-1}},"8":{"start":{"line":15,"column":4},"end":{"line":15,"column":null}}},"fnMap":{"0":{"name":"validate","decl":{"start":{"line":11,"column":2},"end":{"line":11,"column":11}},"loc":{"start":{"line":11,"column":16},"end":{"line":16,"column":null}}}},"branchMap":{"0":{"loc":{"start":{"line":12,"column":4},"end":{"line":12,"column":null}},"type":"if","locations":[{"start":{"line":12,"column":4},"end":{"line":12,"column":null}}]},"1":{"loc":{"start":{"line":15,"column":11},"end":{"line":15,"column":68}},"type":"binary-expr","locations":[{"start":{"line":15,"column":11},"end":{"line":15,"column":39}},{"start":{"line":15,"column":43},"end":{"line":15,"column":68}}]}},"s":{"0":9,"1":9,"2":1,"3":1,"4":1,"5":2,"6":1,"7":1,"8":1},"f":{"0":2},"b":{"0":[1],"1":[1,0]}}
,"C:\\VSCode Projects\\twitter-app\\src\\components\\NewTweet\\index.tsx": {"path":"C:\\VSCode Projects\\twitter-app\\src\\components\\NewTweet\\index.tsx","statementMap":{"0":{"start":{"line":14,"column":13},"end":{"line":14,"column":24}},"1":{"start":{"line":1,"column":30},"end":{"line":1,"column":null}},"2":{"start":{"line":2,"column":24},"end":{"line":2,"column":null}},"3":{"start":{"line":4,"column":31},"end":{"line":4,"column":null}},"4":{"start":{"line":5,"column":56},"end":{"line":5,"column":null}},"5":{"start":{"line":6,"column":29},"end":{"line":6,"column":null}},"6":{"start":{"line":8,"column":39},"end":{"line":8,"column":null}},"7":{"start":{"line":10,"column":51},"end":{"line":10,"column":null}},"8":{"start":{"line":11,"column":19},"end":{"line":11,"column":null}},"9":{"start":{"line":14,"column":24},"end":{"line":80,"column":null}},"10":{"start":{"line":14,"column":32},"end":{"line":14,"column":43}},"11":{"start":{"line":14,"column":43},"end":{"line":14,"column":null}},"12":{"start":{"line":15,"column":36},"end":{"line":15,"column":null}},"13":{"start":{"line":15,"column":36},"end":{"line":15,"column":55}},"14":{"start":{"line":15,"column":36},"end":{"line":null,"column":-1}},"15":{"start":{"line":16,"column":29},"end":{"line":16,"column":null}},"16":{"start":{"line":16,"column":29},"end":{"line":16,"column":10}},"17":{"start":{"line":17,"column":27},"end":{"line":17,"column":null}},"18":{"start":{"line":17,"column":27},"end":{"line":17,"column":10}},"19":{"start":{"line":24,"column":6},"end":{"line":24,"column":null}},"20":{"start":{"line":24,"column":6},"end":{"line":19,"column":null}},"21":{"start":{"line":24,"column":6},"end":{"line":20,"column":null}},"22":{"start":{"line":24,"column":6},"end":{"line":21,"column":null}},"23":{"start":{"line":24,"column":6},"end":{"line":22,"column":null}},"24":{"start":{"line":24,"column":6},"end":{"line":23,"column":null}},"25":{"start":{"line":25,"column":8},"end":{"line":25,"column":42}},"26":{"start":{"line":26,"column":21},"end":{"line":26,"column":null}},"27":{"start":{"line":28,"column":19},"end":{"line":34,"column":null}},"28":{"start":{"line":29,"column":12},"end":{"line":29,"column":29}},"29":{"start":{"line":31,"column":4},"end":{"line":31,"column":10}},"30":{"start":{"line":32,"column":4},"end":{"line":32,"column":null}},"31":{"start":{"line":33,"column":4},"end":{"line":33,"column":null}},"32":{"start":{"line":33,"column":19},"end":{"line":33,"column":null}},"33":{"start":{"line":36,"column":24},"end":{"line":38,"column":null}},"34":{"start":{"line":37,"column":10},"end":{"line":37,"column":null}}},"fnMap":{"0":{"name":"(anonymous_22)","decl":{"start":{"line":14,"column":29},"end":{"line":14,"column":32}},"loc":{"start":{"line":14,"column":29},"end":{"line":80,"column":null}}},"1":{"name":"(anonymous_24)","decl":{"start":{"line":28,"column":19},"end":{"line":28,"column":26}},"loc":{"start":{"line":28,"column":26},"end":{"line":34,"column":null}}},"2":{"name":"(anonymous_27)","decl":{"start":{"line":37,"column":4},"end":{"line":37,"column":10}},"loc":{"start":{"line":37,"column":4},"end":{"line":38,"column":5}}}},"branchMap":{"0":{"loc":{"start":{"line":17,"column":46},"end":{"line":17,"column":58}},"type":"cond-expr","locations":[{"start":{"line":17,"column":46},"end":{"line":17,"column":56}},{"start":{"line":17,"column":46},"end":{"line":17,"column":58}}]},"1":{"loc":{"start":{"line":17,"column":46},"end":{"line":17,"column":56}},"type":"binary-expr","locations":[{"start":{"line":17,"column":46},"end":{"line":17,"column":56}},{"start":{"line":17,"column":46},"end":{"line":17,"column":56}}]},"2":{"loc":{"start":{"line":25,"column":8},"end":{"line":25,"column":42}},"type":"cond-expr","locations":[{"start":{"line":25,"column":21},"end":{"line":25,"column":28}},{"start":{"line":25,"column":21},"end":{"line":25,"column":42}}]},"3":{"loc":{"start":{"line":25,"column":8},"end":{"line":25,"column":28}},"type":"binary-expr","locations":[{"start":{"line":25,"column":8},"end":{"line":25,"column":35}},{"start":{"line":25,"column":21},"end":{"line":25,"column":28}}]},"4":{"loc":{"start":{"line":31,"column":35},"end":{"line":31,"column":68}},"type":"cond-expr","locations":[{"start":{"line":31,"column":50},"end":{"line":31,"column":58}},{"start":{"line":31,"column":58},"end":{"line":31,"column":68}}]},"5":{"loc":{"start":{"line":33,"column":4},"end":{"line":33,"column":null}},"type":"if","locations":[{"start":{"line":33,"column":4},"end":{"line":33,"column":null}}]},"6":{"loc":{"start":{"line":37,"column":10},"end":{"line":37,"column":null}},"type":"binary-expr","locations":[{"start":{"line":37,"column":10},"end":{"line":37,"column":25}},{"start":{"line":37,"column":25},"end":{"line":37,"column":49}},{"start":{"line":37,"column":49},"end":{"line":37,"column":null}}]},"7":{"loc":{"start":{"line":37,"column":27},"end":{"line":37,"column":45}},"type":"cond-expr","locations":[{"start":{"line":37,"column":27},"end":{"line":37,"column":39}},{"start":{"line":37,"column":27},"end":{"line":37,"column":45}}]},"8":{"loc":{"start":{"line":37,"column":27},"end":{"line":37,"column":39}},"type":"binary-expr","locations":[{"start":{"line":37,"column":27},"end":{"line":37,"column":39}},{"start":{"line":37,"column":27},"end":{"line":37,"column":39}}]},"9":{"loc":{"start":{"line":52,"column":15},"end":{"line":52,"column":38}},"type":"cond-expr","locations":[{"start":{"line":52,"column":17},"end":{"line":52,"column":24}},{"start":{"line":52,"column":17},"end":{"line":52,"column":38}}]},"10":{"loc":{"start":{"line":52,"column":15},"end":{"line":52,"column":24}},"type":"binary-expr","locations":[{"start":{"line":52,"column":15},"end":{"line":52,"column":31}},{"start":{"line":52,"column":17},"end":{"line":52,"column":24}}]},"11":{"loc":{"start":{"line":62,"column":13},"end":{"line":62,"column":null}},"type":"binary-expr","locations":[{"start":{"line":62,"column":13},"end":{"line":62,"column":null}}]},"12":{"loc":{"start":{"line":65,"column":13},"end":{"line":65,"column":27}},"type":"binary-expr","locations":[{"start":{"line":65,"column":13},"end":{"line":65,"column":27}}]}},"s":{"0":3,"1":1,"2":1,"3":1,"4":1,"5":1,"6":1,"7":1,"8":1,"9":1,"10":9,"11":9,"12":9,"13":9,"14":9,"15":9,"16":9,"17":9,"18":9,"19":9,"20":9,"21":9,"22":9,"23":9,"24":9,"25":9,"26":9,"27":9,"28":1,"29":1,"30":1,"31":1,"32":0,"33":9,"34":8},"f":{"0":9,"1":1,"2":8},"b":{"0":[5,4],"1":[9,4],"2":[9,0],"3":[9,9],"4":[0,1],"5":[0],"6":[8,8,1],"7":[4,4],"8":[8,8],"9":[9,0],"10":[9,9],"11":[9],"12":[9]}}
,"C:\\VSCode Projects\\twitter-app\\src\\components\\NewTweet\\styled.ts": {"path":"C:\\VSCode Projects\\twitter-app\\src\\components\\NewTweet\\styled.ts","statementMap":{"0":{"start":{"line":34,"column":13},"end":{"line":34,"column":27}},"1":{"start":{"line":30,"column":13},"end":{"line":30,"column":28}},"2":{"start":{"line":42,"column":13},"end":{"line":42,"column":26}},"3":{"start":{"line":48,"column":13},"end":{"line":48,"column":28}},"4":{"start":{"line":7,"column":13},"end":{"line":7,"column":30}},"5":{"start":{"line":38,"column":13},"end":{"line":38,"column":24}},"6":{"start":{"line":53,"column":13},"end":{"line":53,"column":26}},"7":{"start":{"line":22,"column":13},"end":{"line":22,"column":29}},"8":{"start":{"line":1,"column":19},"end":{"line":1,"column":null}},"9":{"start":{"line":3,"column":40},"end":{"line":3,"column":null}},"10":{"start":{"line":5,"column":45},"end":{"line":5,"column":null}},"11":{"start":{"line":9,"column":12},"end":{"line":9,"column":24}},"12":{"start":{"line":9,"column":24},"end":{"line":9,"column":null}},"13":{"start":{"line":12,"column":16},"end":{"line":12,"column":28}},"14":{"start":{"line":12,"column":28},"end":{"line":12,"column":null}},"15":{"start":{"line":14,"column":32},"end":{"line":14,"column":44}},"16":{"start":{"line":14,"column":44},"end":{"line":14,"column":null}},"17":{"start":{"line":16,"column":7},"end":{"line":16,"column":null}},"18":{"start":{"line":17,"column":4},"end":{"line":18,"column":null}},"19":{"start":{"line":22,"column":32},"end":{"line":25,"column":null}},"20":{"start":{"line":30,"column":31},"end":{"line":30,"column":null}},"21":{"start":{"line":34,"column":30},"end":{"line":35,"column":null}},"22":{"start":{"line":38,"column":27},"end":{"line":38,"column":null}},"23":{"start":{"line":45,"column":12},"end":{"line":45,"column":24}},"24":{"start":{"line":45,"column":24},"end":{"line":45,"column":null}},"25":{"start":{"line":48,"column":31},"end":{"line":48,"column":null}},"26":{"start":{"line":57,"column":29},"end":{"line":57,"column":45}},"27":{"start":{"line":57,"column":45},"end":{"line":57,"column":null}},"28":{"start":{"line":62,"column":22},"end":{"line":62,"column":34}},"29":{"start":{"line":62,"column":34},"end":{"line":62,"column":null}}},"fnMap":{"0":{"name":"(anonymous_29)","decl":{"start":{"line":9,"column":9},"end":{"line":9,"column":12}},"loc":{"start":{"line":9,"column":9},"end":{"line":12,"column":16}}},"1":{"name":"(anonymous_30)","decl":{"start":{"line":12,"column":13},"end":{"line":12,"column":16}},"loc":{"start":{"line":12,"column":13},"end":{"line":14,"column":32}}},"2":{"name":"(anonymous_31)","decl":{"start":{"line":14,"column":29},"end":{"line":14,"column":32}},"loc":{"start":{"line":14,"column":29},"end":{"line":16,"column":7}}},"3":{"name":"(anonymous_34)","decl":{"start":{"line":57,"column":26},"end":{"line":57,"column":29}},"loc":{"start":{"line":57,"column":26},"end":{"line":62,"column":22}}}},"branchMap":{},"s":{"0":9,"1":9,"2":9,"3":9,"4":9,"5":9,"6":1,"7":9,"8":1,"9":1,"10":1,"11":9,"12":9,"13":9,"14":9,"15":9,"16":9,"17":9,"18":9,"19":1,"20":1,"21":1,"22":1,"23":9,"24":9,"25":1,"26":1,"27":1,"28":1,"29":1},"f":{"0":9,"1":9,"2":9,"3":1},"b":{}}
,"C:\\VSCode Projects\\twitter-app\\src\\components\\Profile\\constants.ts": {"path":"C:\\VSCode Projects\\twitter-app\\src\\components\\Profile\\constants.ts","statementMap":{"0":{"start":{"line":5,"column":13},"end":{"line":5,"column":31}},"1":{"start":{"line":7,"column":13},"end":{"line":7,"column":30}},"2":{"start":{"line":4,"column":13},"end":{"line":4,"column":52}},"3":{"start":{"line":3,"column":13},"end":{"line":3,"column":32}},"4":{"start":{"line":3,"column":35},"end":{"line":3,"column":null}},"5":{"start":{"line":4,"column":55},"end":{"line":4,"column":null}},"6":{"start":{"line":5,"column":34},"end":{"line":5,"column":null}},"7":{"start":{"line":7,"column":59},"end":{"line":13,"column":null}}},"fnMap":{},"branchMap":{},"s":{"0":0,"1":2,"2":5,"3":5,"4":1,"5":1,"6":1,"7":1},"f":{},"b":{}}
,"C:\\VSCode Projects\\twitter-app\\src\\components\\Profile\\index.tsx": {"path":"C:\\VSCode Projects\\twitter-app\\src\\components\\Profile\\index.tsx","statementMap":{"0":{"start":{"line":18,"column":13},"end":{"line":18,"column":23}},"1":{"start":{"line":1,"column":40},"end":{"line":1,"column":null}},"2":{"start":{"line":3,"column":52},"end":{"line":3,"column":null}},"3":{"start":{"line":4,"column":30},"end":{"line":4,"column":null}},"4":{"start":{"line":6,"column":35},"end":{"line":6,"column":null}},"5":{"start":{"line":7,"column":32},"end":{"line":7,"column":null}},"6":{"start":{"line":14,"column":7},"end":{"line":14,"column":null}},"7":{"start":{"line":15,"column":19},"end":{"line":15,"column":null}},"8":{"start":{"line":18,"column":23},"end":{"line":98,"column":null}},"9":{"start":{"line":18,"column":31},"end":{"line":18,"column":39}},"10":{"start":{"line":18,"column":39},"end":{"line":18,"column":48}},"11":{"start":{"line":18,"column":48},"end":{"line":18,"column":null}},"12":{"start":{"line":19,"column":36},"end":{"line":19,"column":null}},"13":{"start":{"line":19,"column":36},"end":{"line":19,"column":10}},"14":{"start":{"line":19,"column":36},"end":{"line":null,"column":-1}},"15":{"start":{"line":20,"column":27},"end":{"line":20,"column":null}},"16":{"start":{"line":20,"column":27},"end":{"line":20,"column":10}},"17":{"start":{"line":21,"column":44},"end":{"line":21,"column":null}},"18":{"start":{"line":21,"column":44},"end":{"line":21,"column":52}},"19":{"start":{"line":22,"column":62},"end":{"line":23,"column":null}},"20":{"start":{"line":22,"column":62},"end":{"line":22,"column":70}},"21":{"start":{"line":25,"column":56},"end":{"line":25,"column":81}},"22":{"start":{"line":25,"column":56},"end":{"line":25,"column":16}},"23":{"start":{"line":25,"column":56},"end":{"line":25,"column":23}},"24":{"start":{"line":25,"column":56},"end":{"line":25,"column":30}},"25":{"start":{"line":25,"column":56},"end":{"line":25,"column":40}},"26":{"start":{"line":25,"column":56},"end":{"line":null,"column":-1}},"27":{"start":{"line":27,"column":25},"end":{"line":27,"column":null}},"28":{"start":{"line":27,"column":39},"end":{"line":27,"column":64}},"29":{"start":{"line":29,"column":69},"end":{"line":29,"column":null}},"30":{"start":{"line":31,"column":22},"end":{"line":36,"column":null}},"31":{"start":{"line":32,"column":4},"end":{"line":35,"column":null}},"32":{"start":{"line":33,"column":6},"end":{"line":33,"column":null}},"33":{"start":{"line":33,"column":16},"end":{"line":33,"column":null}},"34":{"start":{"line":34,"column":6},"end":{"line":34,"column":null}},"35":{"start":{"line":38,"column":2},"end":{"line":44,"column":null}}},"fnMap":{"0":{"name":"(anonymous_10)","decl":{"start":{"line":18,"column":28},"end":{"line":18,"column":31}},"loc":{"start":{"line":18,"column":28},"end":{"line":98,"column":null}}},"1":{"name":"(anonymous_11)","decl":{"start":{"line":27,"column":33},"end":{"line":27,"column":39}},"loc":{"start":{"line":27,"column":33},"end":{"line":27,"column":65}}},"2":{"name":"(anonymous_14)","decl":{"start":{"line":31,"column":22},"end":{"line":31,"column":null}},"loc":{"start":{"line":31,"column":22},"end":{"line":36,"column":null}}},"3":{"name":"(anonymous_15)","decl":{"start":{"line":32,"column":21},"end":{"line":32,"column":22}},"loc":{"start":{"line":32,"column":22},"end":{"line":35,"column":null}}}},"branchMap":{"0":{"loc":{"start":{"line":25,"column":56},"end":{"line":25,"column":81}},"type":"cond-expr","locations":[{"start":{"line":25,"column":56},"end":{"line":25,"column":64}},{"start":{"line":25,"column":64},"end":{"line":25,"column":81}}]},"1":{"loc":{"start":{"line":25,"column":56},"end":{"line":25,"column":64}},"type":"binary-expr","locations":[{"start":{"line":25,"column":56},"end":{"line":25,"column":64}},{"start":{"line":25,"column":56},"end":{"line":25,"column":64}}]},"2":{"loc":{"start":{"line":33,"column":6},"end":{"line":33,"column":null}},"type":"if","locations":[{"start":{"line":33,"column":6},"end":{"line":33,"column":null}}]},"3":{"loc":{"start":{"line":38,"column":2},"end":{"line":44,"column":null}},"type":"if","locations":[{"start":{"line":38,"column":2},"end":{"line":44,"column":null}}]},"4":{"loc":{"start":{"line":51,"column":11},"end":{"line":51,"column":null}},"type":"binary-expr","locations":[{"start":{"line":51,"column":11},"end":{"line":51,"column":null}}]},"5":{"loc":{"start":{"line":81,"column":17},"end":{"line":81,"column":50}},"type":"cond-expr","locations":[{"start":{"line":81,"column":17},"end":{"line":81,"column":32}},{"start":{"line":81,"column":32},"end":{"line":81,"column":50}}]},"6":{"loc":{"start":{"line":81,"column":17},"end":{"line":81,"column":32}},"type":"binary-expr","locations":[{"start":{"line":81,"column":17},"end":{"line":81,"column":32}},{"start":{"line":81,"column":17},"end":{"line":81,"column":32}}]},"7":{"loc":{"start":{"line":91,"column":10},"end":{"line":93,"column":11}},"type":"cond-expr","locations":[{"start":{"line":91,"column":10},"end":{"line":93,"column":11}}]}},"s":{"0":3,"1":1,"2":1,"3":1,"4":1,"5":1,"6":1,"7":1,"8":1,"9":5,"10":5,"11":5,"12":5,"13":5,"14":5,"15":5,"16":5,"17":5,"18":10,"19":5,"20":10,"21":5,"22":5,"23":5,"24":5,"25":5,"26":5,"27":5,"28":4,"29":0,"30":5,"31":0,"32":0,"33":0,"34":0,"35":5},"f":{"0":5,"1":4,"2":0,"3":0},"b":{"0":[3,2],"1":[5,5],"2":[0],"3":[2],"4":[3],"5":[3,0],"6":[3,3],"7":[0]}}
,"C:\\VSCode Projects\\twitter-app\\src\\components\\Profile\\styled.ts": {"path":"C:\\VSCode Projects\\twitter-app\\src\\components\\Profile\\styled.ts","statementMap":{"0":{"start":{"line":58,"column":13},"end":{"line":58,"column":23}},"1":{"start":{"line":28,"column":13},"end":{"line":28,"column":24}},"2":{"start":{"line":101,"column":13},"end":{"line":101,"column":24}},"3":{"start":{"line":14,"column":13},"end":{"line":14,"column":22}},"4":{"start":{"line":10,"column":13},"end":{"line":10,"column":27}},"5":{"start":{"line":106,"column":13},"end":{"line":106,"column":26}},"6":{"start":{"line":43,"column":13},"end":{"line":43,"column":29}},"7":{"start":{"line":78,"column":13},"end":{"line":78,"column":28}},"8":{"start":{"line":72,"column":13},"end":{"line":72,"column":25}},"9":{"start":{"line":62,"column":13},"end":{"line":62,"column":28}},"10":{"start":{"line":66,"column":13},"end":{"line":66,"column":21}},"11":{"start":{"line":92,"column":13},"end":{"line":92,"column":26}},"12":{"start":{"line":83,"column":13},"end":{"line":83,"column":26}},"13":{"start":{"line":1,"column":19},"end":{"line":1,"column":null}},"14":{"start":{"line":3,"column":22},"end":{"line":3,"column":null}},"15":{"start":{"line":4,"column":49},"end":{"line":4,"column":null}},"16":{"start":{"line":6,"column":57},"end":{"line":6,"column":null}},"17":{"start":{"line":11,"column":32},"end":{"line":11,"column":44}},"18":{"start":{"line":11,"column":44},"end":{"line":11,"column":null}},"19":{"start":{"line":14,"column":25},"end":{"line":23,"column":null}},"20":{"start":{"line":21,"column":7},"end":{"line":21,"column":20}},"21":{"start":{"line":21,"column":20},"end":{"line":21,"column":null}},"22":{"start":{"line":28,"column":27},"end":{"line":38,"column":null}},"23":{"start":{"line":36,"column":16},"end":{"line":36,"column":28}},"24":{"start":{"line":36,"column":28},"end":{"line":36,"column":null}},"25":{"start":{"line":43,"column":32},"end":{"line":52,"column":null}},"26":{"start":{"line":58,"column":26},"end":{"line":58,"column":null}},"27":{"start":{"line":63,"column":16},"end":{"line":63,"column":28}},"28":{"start":{"line":63,"column":28},"end":{"line":63,"column":null}},"29":{"start":{"line":67,"column":22},"end":{"line":67,"column":34}},"30":{"start":{"line":67,"column":34},"end":{"line":67,"column":null}},"31":{"start":{"line":73,"column":22},"end":{"line":73,"column":34}},"32":{"start":{"line":73,"column":34},"end":{"line":73,"column":null}},"33":{"start":{"line":75,"column":14},"end":{"line":75,"column":26}},"34":{"start":{"line":75,"column":26},"end":{"line":75,"column":null}},"35":{"start":{"line":79,"column":19},"end":{"line":79,"column":31}},"36":{"start":{"line":79,"column":31},"end":{"line":79,"column":null}},"37":{"start":{"line":87,"column":12},"end":{"line":87,"column":24}},"38":{"start":{"line":87,"column":24},"end":{"line":87,"column":null}},"39":{"start":{"line":89,"column":16},"end":{"line":89,"column":28}},"40":{"start":{"line":89,"column":28},"end":{"line":89,"column":null}},"41":{"start":{"line":93,"column":14},"end":{"line":93,"column":26}},"42":{"start":{"line":93,"column":26},"end":{"line":93,"column":null}},"43":{"start":{"line":96,"column":16},"end":{"line":96,"column":28}},"44":{"start":{"line":96,"column":28},"end":{"line":96,"column":null}},"45":{"start":{"line":97,"column":22},"end":{"line":97,"column":34}},"46":{"start":{"line":97,"column":34},"end":{"line":97,"column":null}},"47":{"start":{"line":101,"column":27},"end":{"line":101,"column":null}},"48":{"start":{"line":113,"column":16},"end":{"line":113,"column":28}},"49":{"start":{"line":113,"column":28},"end":{"line":113,"column":null}},"50":{"start":{"line":114,"column":17},"end":{"line":114,"column":29}},"51":{"start":{"line":114,"column":29},"end":{"line":114,"column":null}}},"fnMap":{"0":{"name":"(anonymous_49)","decl":{"start":{"line":21,"column":4},"end":{"line":21,"column":7}},"loc":{"start":{"line":21,"column":4},"end":{"line":23,"column":9}}},"1":{"name":"(anonymous_50)","decl":{"start":{"line":36,"column":13},"end":{"line":36,"column":16}},"loc":{"start":{"line":36,"column":13},"end":{"line":38,"column":9}}},"2":{"name":"(anonymous_53)","decl":{"start":{"line":73,"column":19},"end":{"line":73,"column":22}},"loc":{"start":{"line":73,"column":19},"end":{"line":75,"column":14}}},"3":{"name":"(anonymous_56)","decl":{"start":{"line":87,"column":9},"end":{"line":87,"column":12}},"loc":{"start":{"line":87,"column":9},"end":{"line":89,"column":16}}},"4":{"name":"(anonymous_58)","decl":{"start":{"line":93,"column":11},"end":{"line":93,"column":14}},"loc":{"start":{"line":93,"column":11},"end":{"line":96,"column":16}}},"5":{"name":"(anonymous_59)","decl":{"start":{"line":96,"column":13},"end":{"line":96,"column":16}},"loc":{"start":{"line":96,"column":13},"end":{"line":97,"column":22}}},"6":{"name":"(anonymous_61)","decl":{"start":{"line":113,"column":13},"end":{"line":113,"column":16}},"loc":{"start":{"line":113,"column":13},"end":{"line":114,"column":17}}}},"branchMap":{"0":{"loc":{"start":{"line":21,"column":28},"end":{"line":21,"column":47}},"type":"cond-expr","locations":[{"start":{"line":21,"column":28},"end":{"line":21,"column":38}},{"start":{"line":21,"column":38},"end":{"line":21,"column":47}}]},"1":{"loc":{"start":{"line":21,"column":28},"end":{"line":21,"column":38}},"type":"binary-expr","locations":[{"start":{"line":21,"column":28},"end":{"line":21,"column":38}},{"start":{"line":21,"column":28},"end":{"line":21,"column":38}}]}},"s":{"0":1,"1":3,"2":3,"3":3,"4":5,"5":2,"6":3,"7":3,"8":9,"9":3,"10":3,"11":9,"12":3,"13":1,"14":1,"15":1,"16":1,"17":5,"18":5,"19":1,"20":3,"21":3,"22":1,"23":3,"24":3,"25":1,"26":1,"27":3,"28":3,"29":3,"30":3,"31":9,"32":9,"33":9,"34":9,"35":3,"36":3,"37":3,"38":3,"39":3,"40":3,"41":9,"42":9,"43":9,"44":9,"45":9,"46":9,"47":1,"48":2,"49":2,"50":2,"51":2},"f":{"0":3,"1":3,"2":9,"3":3,"4":9,"5":9,"6":2},"b":{"0":[0,3],"1":[3,3]}}
,"C:\\VSCode Projects\\twitter-app\\src\\components\\Recommendations\\constants.ts": {"path":"C:\\VSCode Projects\\twitter-app\\src\\components\\Recommendations\\constants.ts","statementMap":{"0":{"start":{"line":4,"column":13},"end":{"line":4,"column":44}},"1":{"start":{"line":6,"column":13},"end":{"line":6,"column":22}},"2":{"start":{"line":5,"column":13},"end":{"line":5,"column":28}},"3":{"start":{"line":3,"column":15},"end":{"line":3,"column":26}},"4":{"start":{"line":1,"column":22},"end":{"line":1,"column":null}},"5":{"start":{"line":3,"column":31},"end":{"line":3,"column":26}},"6":{"start":{"line":4,"column":47},"end":{"line":4,"column":null}},"7":{"start":{"line":5,"column":31},"end":{"line":5,"column":null}},"8":{"start":{"line":6,"column":25},"end":{"line":6,"column":null}}},"fnMap":{},"branchMap":{},"s":{"0":2,"1":6,"2":8,"3":3,"4":1,"5":1,"6":1,"7":1,"8":1},"f":{},"b":{}}
,"C:\\VSCode Projects\\twitter-app\\src\\components\\Recommendations\\index.tsx": {"path":"C:\\VSCode Projects\\twitter-app\\src\\components\\Recommendations\\index.tsx","statementMap":{"0":{"start":{"line":14,"column":13},"end":{"line":14,"column":31}},"1":{"start":{"line":1,"column":34},"end":{"line":1,"column":null}},"2":{"start":{"line":3,"column":36},"end":{"line":3,"column":null}},"3":{"start":{"line":10,"column":7},"end":{"line":10,"column":null}},"4":{"start":{"line":11,"column":19},"end":{"line":11,"column":null}},"5":{"start":{"line":14,"column":31},"end":{"line":53,"column":null}},"6":{"start":{"line":14,"column":34},"end":{"line":14,"column":null}},"7":{"start":{"line":15,"column":26},"end":{"line":15,"column":null}},"8":{"start":{"line":15,"column":26},"end":{"line":15,"column":34}},"9":{"start":{"line":16,"column":30},"end":{"line":16,"column":null}},"10":{"start":{"line":16,"column":30},"end":{"line":16,"column":16}},"11":{"start":{"line":16,"column":30},"end":{"line":null,"column":-1}},"12":{"start":{"line":17,"column":25},"end":{"line":17,"column":null}},"13":{"start":{"line":18,"column":27},"end":{"line":18,"column":null}},"14":{"start":{"line":20,"column":27},"end":{"line":22,"column":null}},"15":{"start":{"line":21,"column":23},"end":{"line":21,"column":null}},"16":{"start":{"line":24,"column":30},"end":{"line":29,"column":null}},"17":{"start":{"line":28,"column":23},"end":{"line":28,"column":55}}},"fnMap":{"0":{"name":"(anonymous_10)","decl":{"start":{"line":14,"column":31},"end":{"line":14,"column":34}},"loc":{"start":{"line":14,"column":31},"end":{"line":53,"column":null}}},"1":{"name":"(anonymous_11)","decl":{"start":{"line":20,"column":27},"end":{"line":20,"column":null}},"loc":{"start":{"line":20,"column":27},"end":{"line":22,"column":null}}},"2":{"name":"(anonymous_13)","decl":{"start":{"line":25,"column":4},"end":{"line":25,"column":null}},"loc":{"start":{"line":25,"column":4},"end":{"line":29,"column":5}}}},"branchMap":{"0":{"loc":{"start":{"line":17,"column":25},"end":{"line":17,"column":null}},"type":"binary-expr","locations":[{"start":{"line":17,"column":25},"end":{"line":17,"column":49}},{"start":{"line":17,"column":53},"end":{"line":17,"column":61}},{"start":{"line":17,"column":61},"end":{"line":17,"column":null}}]},"1":{"loc":{"start":{"line":18,"column":27},"end":{"line":18,"column":null}},"type":"binary-expr","locations":[{"start":{"line":18,"column":27},"end":{"line":18,"column":41}},{"start":{"line":18,"column":41},"end":{"line":18,"column":null}}]},"2":{"loc":{"start":{"line":18,"column":42},"end":{"line":18,"column":54}},"type":"cond-expr","locations":[{"start":{"line":18,"column":42},"end":{"line":18,"column":48}},{"start":{"line":18,"column":42},"end":{"line":18,"column":54}}]},"3":{"loc":{"start":{"line":18,"column":42},"end":{"line":18,"column":48}},"type":"binary-expr","locations":[{"start":{"line":18,"column":42},"end":{"line":18,"column":48}},{"start":{"line":18,"column":42},"end":{"line":18,"column":48}}]},"4":{"loc":{"start":{"line":21,"column":23},"end":{"line":21,"column":null}},"type":"cond-expr","locations":[{"start":{"line":21,"column":48},"end":{"line":21,"column":59}},{"start":{"line":21,"column":59},"end":{"line":21,"column":null}}]},"5":{"loc":{"start":{"line":26,"column":6},"end":{"line":26,"column":null}},"type":"cond-expr","locations":[{"start":{"line":26,"colum
[...]
,"C:\\VSCode Projects\\twitter-app\\src\\styles\\globals.ts": {"path":"C:\\VSCode Projects\\twitter-app\\src\\styles\\globals.ts","statementMap":{"0":{"start":{"line":68,"column":13},"end":{"line":68,"column":21}},"1":{"start":{"line":56,"column":13},"end":{"line":56,"column":24}},"2":{"start":{"line":10,"column":13},"end":{"line":10,"column":25}},"3":{"start":{"line":93,"column":13},"end":{"line":93,"column":30}},"4":{"start":{"line":49,"column":13},"end":{"line":49,"column":26}},"5":{"start":{"line":61,"column":13},"end":{"line":61,"column":30}},"6":{"start":{"line":99,"column":13},"end":{"line":99,"column":23}},"7":{"start":{"line":1,"column":42},"end":{"line":1,"column":null}},"8":{"start":{"line":3,"column":26},"end":{"line":3,"column":null}},"9":{"start":{"line":4,"column":22},"end":{"line":4,"column":null}},"10":{"start":{"line":6,"column":30},"end":{"line":6,"column":null}},"11":{"start":{"line":8,"column":24},"end":{"line":null,"column":-1}},"12":{"start":{"line":23,"column":20},"end":{"line":23,"column":32}},"13":{"start":{"line":23,"column":32},"end":{"line":23,"column":null}},"14":{"start":{"line":28,"column":22},"end":{"line":28,"column":34}},"15":{"start":{"line":28,"column":34},"end":{"line":28,"column":null}},"16":{"start":{"line":29,"column":20},"end":{"line":29,"column":32}},"17":{"start":{"line":29,"column":32},"end":{"line":29,"column":null}},"18":{"start":{"line":30,"column":16},"end":{"line":30,"column":28}},"19":{"start":{"line":30,"column":28},"end":{"line":30,"column":null}},"20":{"start":{"line":32,"column":27},"end":{"line":32,"column":39}},"21":{"start":{"line":32,"column":39},"end":{"line":32,"column":null}},"22":{"start":{"line":33,"column":32},"end":{"line":33,"column":44}},"23":{"start":{"line":33,"column":44},"end":{"line":33,"column":71}},"24":{"start":{"line":33,"column":74},"end":{"line":33,"column":86}},"25":{"start":{"line":33,"column":86},"end":{"line":33,"column":null}},"26":{"start":{"line":37,"column":16},"end":{"line":37,"column":28}},"27":{"start":{"line":37,"column":28},"end":{"line":37,"column":null}},"28":{"start":{"line":53,"column":16},"end":{"line":53,"column":28}},"29":{"start":{"line":53,"column":28},"end":{"line":53,"column":null}},"30":{"start":{"line":56,"column":27},"end":{"line":56,"column":null}},"31":{"start":{"line":65,"column":22},"end":{"line":65,"column":34}},"32":{"start":{"line":65,"column":34},"end":{"line":65,"column":null}},"33":{"start":{"line":77,"column":25},"end":{"line":77,"column":37}},"34":{"start":{"line":77,"column":37},"end":{"line":77,"column":null}},"35":{"start":{"line":78,"column":23},"end":{"line":78,"column":35}},"36":{"start":{"line":78,"column":35},"end":{"line":78,"column":null}},"37":{"start":{"line":81,"column":7},"end":{"line":81,"column":null}},"38":{"start":{"line":82,"column":4},"end":{"line":87,"column":null}},"39":{"start":{"line":94,"column":20},"end":{"line":94,"column":32}},"40":{"start":{"line":94,"column":32},"end":{"line":94,"column":null}},"41":{"start":{"line":103,"column":7},"end":{"line":103,"column":24}},"42":{"start":{"line":103,"column":24},"end":{"line":103,"column":null}}},"fnMap":{"0":{"name":"(anonymous_27)","decl":{"start":{"line":23,"column":17},"end":{"line":23,"column":20}},"loc":{"start":{"line":23,"column":17},"end":{"line":28,"column":22}}},"1":{"name":"(anonymous_28)","decl":{"start":{"line":28,"column":19},"end":{"line":28,"column":22}},"loc":{"start":{"line":28,"column":19},"end":{"line":29,"column":20}}},"2":{"name":"(anonymous_29)","decl":{"start":{"line":29,"column":17},"end":{"line":29,"column":20}},"loc":{"start":{"line":29,"column":17},"end":{"line":30,"column":16}}},"3":{"name":"(anonymous_30)","decl":{"start":{"line":30,"column":13},"end":{"line":30,"column":16}},"loc":{"start":{"line":30,"column":13},"end":{"line":32,"column":27}}},"4":{"name":"(anonymous_31)","decl":{"start":{"line":32,"column":24},"end":{"line":32,"column":27}},"loc":{"start":{"line":32,"column":24},"end":{"line":33,"column":32}}},"5":{"name":"(anonymous_32)","decl":{"start":{"line":33,"column":29},"end":{"line":33,"column":32}},"loc":{"start":{"line":33,"column":29},"end":{"line":33,"column":74}}},"6":{"name":"(anonymous_33)","decl":{"start":{"line":33,"column":71},"end":{"line":33,"column":74}},"loc":{"start":{"line":33,"column":71},"end":{"line":37,"column":16}}},"7":{"name":"(anonymous_37)","decl":{"start":{"line":77,"column":22},"end":{"line":77,"column":25}},"loc":{"start":{"line":77,"column":22},"end":{"line":78,"column":23}}},"8":{"name":"(anonymous_38)","decl":{"start":{"line":78,"column":20},"end":{"line":78,"column":23}},"loc":{"start":{"line":78,"column":20},"end":{"line":81,"column":7}}}},"branchMap":{"0":{"loc":{"start":{"line":82,"column":4},"end":{"line":87,"column":null}},"type":"cond-expr","locations":[{"start":{"line":83,"column":9},"end":{"line":83,"column":null}},{"start":{"line":87,"column":9},"end":{"line":87,"column":null}}]},"1":{"loc":{"start":{"line":103,"column":32},"end":{"line":103,"column":59}},"type":"cond-expr","locations":[{"start":{"line":103,"column":32},"end":{"line":103,"column":46}},{"start":{"line":103,"column":46},"end":{"line":103,"column":59}}]},"2":{"loc":{"start":{"line":103,"column":32},"end":{"line":103,"column":46}},"type":"binary-expr","locations":[{"start":{"line":103,"column":32},"end":{"line":103,"column":46}},{"start":{"line":103,"column":32},"end":{"line":103,"column":46}}]}},"s":{"0":12,"1":0,"2":0,"3":0,"4":0,"5":0,"6":9,"7":13,"8":13,"9":13,"10":13,"11":13,"12":0,"13":0,"14":0,"15":0,"16":0,"17":0,"18":0,"19":0,"20":0,"21":0,"22":0,"23":0,"24":0,"25":0,"26":0,"27":0,"28":0,"29":0,"30":13,"31":0,"32":0,"33":0,"34":0,"35":0,"36":0,"37":0,"38":0,"39":0,"40":0,"41":30,"42":30},"f":{"0":0,"1":0,"2":0,"3":0,"4":0,"5":0,"6":0,"7":0,"8":0},"b":{"0":[0,0],"1":[0,30],"2":[30,10]}}
,"C:\\VSCode Projects\\twitter-app\\src\\styles\\index.ts": {"path":"C:\\VSCode Projects\\twitter-app\\src\\styles\\index.ts","statementMap":{"0":{"start":{"line":1,"column":9},"end":{"line":1,"column":28}},"1":{"start":{"line":1,"column":28},"end":{"line":1,"column":null}},"2":{"start":{"line":2,"column":14},"end":{"line":2,"column":null}},"3":{"start":{"line":3,"column":14},"end":{"line":3,"column":null}},"4":{"start":{"line":4,"column":14},"end":{"line":4,"column":null}}},"fnMap":{},"branchMap":{},"s":{"0":0,"1":13,"2":13,"3":13,"4":13},"f":{},"b":{}}
,"C:\\VSCode Projects\\twitter-app\\src\\styles\\mixins.ts": {"path":"C:\\VSCode Projects\\twitter-app\\src\\styles\\mixins.ts","statementMap":{"0":{"start":{"line":50,"column":13},"end":{"line":50,"column":21}},"1":{"start":{"line":18,"column":13},"end":{"line":18,"column":20}},"2":{"start":{"line":25,"column":13},"end":{"line":25,"column":17}},"3":{"start":{"line":5,"column":13},"end":{"line":5,"column":24}},"4":{"start":{"line":31,"column":13},"end":{"line":31,"column":18}},"5":{"start":{"line":35,"column":13},"end":{"line":35,"column":25}},"6":{"start":{"line":1,"column":20},"end":{"line":1,"column":null}},"7":{"start":{"line":3,"column":29},"end":{"line":3,"column":null}},"8":{"start":{"line":6,"column":27},"end":{"line":6,"column":39}},"9":{"start":{"line":6,"column":39},"end":{"line":6,"column":null}},"10":{"start":{"line":10,"column":18},"end":{"line":10,"column":30}},"11":{"start":{"line":10,"column":30},"end":{"line":10,"column":null}},"12":{"start":{"line":14,"column":18},"end":{"line":14,"column":30}},"13":{"start":{"line":14,"column":30},"end":{"line":14,"column":null}},"14":{"start":{"line":18,"column":44},"end":{"line":19,"column":null}},"15":{"start":{"line":25,"column":21},"end":{"line":25,"column":41}},"16":{"start":{"line":25,"column":41},"end":{"line":25,"column":62}},"17":{"start":{"line":25,"column":62},"end":{"line":28,"column":null}},"18":{"start":{"line":33,"column":4},"end":{"line":33,"column":null}},"19":{"start":{"line":46,"column":27},"end":{"line":46,"column":39}},"20":{"start":{"line":46,"column":39},"end":{"line":46,"column":null}},"21":{"start":{"line":50,"column":30},"end":{"line":50,"column":null}}},"fnMap":{"0":{"name":"(anonymous_19)","decl":{"start":{"line":6,"column":24},"end":{"line":6,"column":27}},"loc":{"start":{"line":6,"column":24},"end":{"line":10,"column":18}}},"1":{"name":"(anonymous_20)","decl":{"start":{"line":10,"column":15},"end":{"line":10,"column":18}},"loc":{"start":{"line":10,"column":15},"end":{"line":14,"column":18}}}},"branchMap":{"0":{"loc":{"start":{"line":25,"column":21},"end":{"line":25,"column":41}},"type":"cond-expr","locations":[{"start":{"line":25,"column":21},"end":{"line":25,"column":31}},{"start":{"line":25,"column":31},"end":{"line":25,"column":41}}]},"1":{"loc":{"start":{"line":25,"column":21},"end":{"line":25,"column":31}},"type":"binary-expr","locations":[{"start":{"line":25,"column":21},"end":{"line":25,"column":31}},{"start":{"line":25,"column":21},"end":{"line":25,"column":31}}]},"2":{"loc":{"start":{"line":25,"column":41},"end":{"line":25,"column":62}},"type":"cond-expr","locations":[{"start":{"line":25,"column":41},"end":{"line":25,"column":49}},{"start":{"line":25,"column":49},"end":{"line":25,"column":62}}]},"3":{"loc":{"start":{"line":25,"column":41},"end":{"line":25,"column":49}},"type":"binary-expr","locations":[{"start":{"line":25,"column":41},"end":{"line":25,"column":49}},{"start":{"line":25,"column":41},"end":{"line":25,"column":49}}]}},"s":{"0":5,"1":33,"2":165,"3":96,"4":434,"5":24,"6":13,"7":13,"8":139,"9":139,"10":139,"11":139,"12":139,"13":139,"14":33,"15":165,"16":165,"17":165,"18":434,"19":20,"20":20,"21":5},"f":{"0":139,"1":139},"b":{"0":[26,139],"1":[165,26],"2":[14,151],"3":[165,14]}}
,"C:\\VSCode Projects\\twitter-app\\src\\styles\\theme.ts": {"path":"C:\\VSCode Projects\\twitter-app\\src\\styles\\theme.ts","statementMap":{"0":{"start":{"line":29,"column":13},"end":{"line":29,"column":25}},"1":{"start":{"line":91,"column":13},"end":{"line":91,"column":21}},"2":{"start":{"line":1,"column":37},"end":{"line":1,"column":null}},"3":{"start":{"line":3,"column":19},"end":{"line":14,"column":null}},"4":{"start":{"line":16,"column":18},"end":{"line":27,"column":null}},"5":{"start":{"line":29,"column":28},"end":{"line":89,"column":null}},"6":{"start":{"line":91,"column":47},"end":{"line":93,"column":null}}},"fnMap":{},"branchMap":{"0":{"loc":{"start":{"line":92,"column":10},"end":{"line":92,"column":null}},"type":"cond-expr","locations":[{"start":{"line":92,"column":37},"end":{"line":92,"column":49}},{"start":{"line":92,"column":49},"end":{"line":92,"column":null}}]}},"s":{"0":434,"1":31,"2":13,"3":13,"4":13,"5":13,"6":31},"f":{},"b":{"0":[0,31]}}
,"C:\\VSCode Projects\\twitter-app\\src\\utils\\date.ts": {"path":"C:\\VSCode Projects\\twitter-app\\src\\utils\\date.ts","statementMap":{"0":{"start":{"line":1,"column":16},"end":{"line":1,"column":29}},"1":{"start":{"line":9,"column":16},"end":{"line":9,"column":30}},"2":{"start":{"line":13,"column":16},"end":{"line":13,"column":28}},"3":{"start":{"line":2,"column":22},"end":{"line":2,"column":null}},"4":{"start":{"line":3,"column":14},"end":{"line":3,"column":null}},"5":{"start":{"line":4,"column":16},"end":{"line":4,"column":null}},"6":{"start":{"line":6,"column":2},"end":{"line":6,"column":54}},"7":{"start":{"line":10,"column":2},"end":{"line":10,"column":null}},"8":{"start":{"line":14,"column":2},"end":{"line":14,"column":null}}},"fnMap":{"0":{"name":"getDateString","decl":{"start":{"line":1,"column":16},"end":{"line":1,"column":29}},"loc":{"start":{"line":1,"column":58},"end":{"line":7,"column":null}}},"1":{"name":"getDaysInMonth","decl":{"start":{"line":9,"column":16},"end":{"line":9,"column":30}},"loc":{"start":{"line":9,"column":58},"end":{"line":11,"column":null}}},"2":{"name":"getShortDate","decl":{"start":{"line":13,"column":16},"end":{"line":13,"column":28}},"loc":{"start":{"line":13,"column":57},"end":{"line":15,"column":null}}}},"branchMap":{},"s":{"0":7,"1":14,"2":8,"3":7,"4":7,"5":7,"6":7,"7":14,"8":8},"f":{"0":7,"1":14,"2":8},"b":{}}
,"C:\\VSCode Projects\\twitter-app\\src\\utils\\firebase.ts": {"path":"C:\\VSCode Projects\\twitter-app\\src\\utils\\firebase.ts","statementMap":{"0":{"start":{"line":5,"column":16},"end":{"line":5,"column":37}},"1":{"start":{"line":3,"column":43},"end":{"line":3,"column":null}},"2":{"start":{"line":6,"column":2},"end":{"line":17,"column":null}},"3":{"start":{"line":8,"column":6},"end":{"line":8,"column":null}},"4":{"start":{"line":10,"column":6},"end":{"line":10,"column":null}},"5":{"start":{"line":12,"column":6},"end":{"line":12,"column":null}},"6":{"start":{"line":14,"column":6},"end":{"line":14,"column":null}},"7":{"start":{"line":16,"column":6},"end":{"line":16,"column":null}}},"fnMap":{"0":{"name":"firebaseErrorHandler","decl":{"start":{"line":5,"column":16},"end":{"line":5,"column":37}},"loc":{"start":{"line":5,"column":57},"end":{"line":18,"column":null}}}},"branchMap":{"0":{"loc":{"start":{"line":6,"column":2},"end":{"line":17,"column":null}},"type":"switch","locations":[{"start":{"line":7,"column":4},"end":{"line":8,"column":null}},{"start":{"line":9,"column":4},"end":{"line":10,"column":null}},{"start":{"line":11,"column":4},"end":{"line":12,"column":null}},{"start":{"line":13,"column":4},"end":{"line":14,"column":null}},{"start":{"line":15,"column":4},"end":{"line":16,"column":null}}]}},"s":{"0":0,"1":13,"2":0,"3":0,"4":0,"5":0,"6":0,"7":0},"f":{"0":0},"b":{"0":[0,0,0,0,0]}}
,"C:\\VSCode Projects\\twitter-app\\src\\utils\\index.ts": {"path":"C:\\VSCode Projects\\twitter-app\\src\\utils\\index.ts","statementMap":{"0":{"start":{"line":1,"column":14},"end":{"line":1,"column":null}},"1":{"start":{"line":2,"column":14},"end":{"line":2,"column":null}},"2":{"start":{"line":3,"column":14},"end":{"line":3,"column":null}},"3":{"start":{"line":4,"column":14},"end":{"line":4,"column":null}}},"fnMap":{},"branchMap":{},"s":{"0":13,"1":13,"2":13,"3":13},"f":{},"b":{}}
,"C:\\VSCode Projects\\twitter-app\\src\\utils\\inputs.ts": {"path":"C:\\VSCode Projects\\twitter-app\\src\\utils\\inputs.ts","statementMap":{"0":{"start":{"line":3,"column":16},"end":{"line":3,"column":29}},"1":{"start":{"line":1,"column":52},"end":{"line":1,"column":null}},"2":{"start":{"line":4,"column":2},"end":{"line":4,"column":null}},"3":{"start":{"line":4,"column":21},"end":{"line":4,"column":null}},"4":{"start":{"line":6,"column":12},"end":{"line":6,"column":null}},"5":{"start":{"line":8,"column":2},"end":{"line":8,"column":null}},"6":{"start":{"line":8,"column":26},"end":{"line":8,"column":null}},"7":{"start":{"line":10,"column":2},"end":{"line":12,"column":73}}},"fnMap":{"0":{"name":"setPhoneMask","decl":{"start":{"line":3,"column":16},"end":{"line":3,"column":29}},"loc":{"start":{"line":3,"column":42},"end":{"line":13,"column":null}}}},"branchMap":{"0":{"loc":{"start":{"line":4,"column":2},"end":{"line":4,"column":null}},"type":"if","locations":[{"start":{"line":4,"column":2},"end":{"line":4,"column":null}}]},"1":{"loc":{"start":{"line":8,"column":2},"end":{"line":8,"column":null}},"type":"if","locations":[{"start":{"line":8,"column":2},"end":{"line":8,"column":null}}]},"2":{"loc":{"start":{"line":8,"column":6},"end":{"line":8,"column":24}},"type":"binary-expr","locations":[{"start":{"line":8,"column":6},"end":{"line":8,"column":12}},{"start":{"line":8,"column":12},"end":{"line":8,"column":24}}]},"3":{"loc":{"start":{"line":10,"column":9},"end":{"line":12,"column":73}},"type":"cond-expr","locations":[{"start":{"line":11,"column":6},"end":{"line":11,"column":22}},{"start":{"line":12,"column":6},"end":{"line":12,"column":73}}]},"4":{"loc":{"start":{"line":12,"column":35},"end":{"line":12,"column":52}},"type":"binary-expr","locations":[{"start":{"line":12,"column":35},"end":{"line":12,"column":39}},{"start":{"line":12,"column":43},"end":{"line":12,"column":52}}]},"5":{"loc":{"start":{"line":12,"column":56},"end":{"line":12,"column":73}},"type":"binary-expr","locations":[{"start":{"line":12,"column":56},"end":{"line":12,"column":60}},{"start":{"line":12,"column":64},"end":{"line":12,"column":73}}]}},"s":{"0":1,"1":13,"2":1,"3":0,"4":1,"5":1,"6":0,"7":1},"f":{"0":1},"b":{"0":[0],"1":[0],"2":[1,1],"3":[0,1],"4":[1,1],"5":[1,1]}}
,"C:\\VSCode Projects\\twitter-app\\src\\utils\\signup.ts": {"path":"C:\\VSCode Projects\\twitter-app\\src\\utils\\signup.ts","statementMap":{"0":{"start":{"line":13,"column":16},"end":{"line":13,"column":31}},"1":{"start":{"line":17,"column":16},"end":{"line":17,"column":30}},"2":{"start":{"line":7,"column":16},"end":{"line":7,"column":31}},"3":{"start":{"line":1,"column":22},"end":{"line":1,"column":null}},"4":{"start":{"line":3,"column":31},"end":{"line":3,"column":null}},"5":{"start":{"line":5,"column":25},"end":{"line":5,"column":null}},"6":{"start":{"line":7,"column":32},"end":{"line":7,"column":null}},"7":{"start":{"line":8,"column":22},"end":{"line":8,"column":null}},"8":{"start":{"line":10,"column":76},"end":{"line":10,"column":null}},"9":{"start":{"line":14,"column":2},"end":{"line":14,"column":null}},"10":{"start":{"line":18,"column":27},"end":{"line":18,"column":null}},"11":{"start":{"line":19,"column":28},"end":{"line":19,"column":null}},"12":{"start":{"line":21,"column":22},"end":{"line":21,"column":null}},"13":{"start":{"line":22,"column":27},"end":{"line":24,"column":null}},"14":{"start":{"line":26,"column":80},"end":{"line":26,"column":null}}},"fnMap":{"0":{"name":"getYearsOptions","decl":{"start":{"line":7,"column":16},"end":{"line":7,"column":31}},"loc":{"start":{"line":7,"column":16},"end":{"line":11,"column":null}}},"1":{"name":"getBirthdayDate","decl":{"start":{"line":13,"column":16},"end":{"line":13,"column":31}},"loc":{"start":{"line":13,"column":72},"end":{"line":15,"column":null}}},"2":{"name":"getDaysOptions","decl":{"start":{"line":17,"column":16},"end":{"line":17,"column":30}},"loc":{"start":{"line":17,"column":60},"end":{"line":27,"column":null}}}},"branchMap":{"0":{"loc":{"start":{"line":7,"column":32},"end":{"line":7,"column":null}},"type":"cond-expr","locations":[{"start":{"line":7,"column":32},"end":{"line":7,"column":42}},{"start":{"line":7,"column":42},"end":{"line":7,"column":null}}]},"1":{"loc":{"start":{"line":7,"column":32},"end":{"line":7,"column":42}},"type":"binary-expr","locations":[{"start":{"line":7,"column":32},"end":{"line":7,"column":42}},{"start":{"line":7,"column":32},"end":{"line":7,"column":42}}]},"2":{"loc":{"start":{"line":21,"column":22},"end":{"line":21,"column":null}},"type":"cond-expr","locations":[{"start":{"line":21,"column":29},"end":{"line":21,"column":44}},{"start":{"line":21,"column":44},"end":{"line":21,"column":null}}]},"3":{"loc":{"start":{"line":22,"column":27},"end":{"line":24,"column":null}},"type":"cond-expr","locations":[{"start":{"line":23,"column":6},"end":{"line":23,"column":null}},{"start":{"line":24,"column":6},"end":{"line":24,"column":null}}]}},"s":{"0":5,"1":20,"2":15,"3":16,"4":16,"5":16,"6":15,"7":15,"8":745,"9":5,"10":20,"11":20,"12":20,"13":20,"14":616},"f":{"0":15,"1":5,"2":20},"b":{"0":[2,13],"1":[15,2],"2":[7,13],"3":[10,10]}}
,"C:\\VSCode Projects\\twitter-app\\src\\utils\\testHelpers.tsx": {"path":"C:\\VSCode Projects\\twitter-app\\src\\utils\\testHelpers.tsx","statementMap":{"0":{"start":{"line":27,"column":9},"end":{"line":27,"column":25}},"1":{"start":{"line":2,"column":25},"end":{"line":2,"column":null}},"2":{"start":{"line":3,"column":30},"end":{"line":3,"column":null}},"3":{"start":{"line":4,"column":38},"end":{"line":4,"column":null}},"4":{"start":{"line":5,"column":30},"end":{"line":5,"column":null}},"5":{"start":{"line":7,"column":26},"end":{"line":7,"column":null}},"6":{"start":{"line":8,"column":22},"end":{"line":8,"column":null}},"7":{"start":{"line":9,"column":25},"end":{"line":9,"column":null}},"8":{"start":{"line":15,"column":25},"end":{"line":15,"column":null}},"9":{"start":{"line":24,"column":2},"end":{"line":24,"column":null}}},"fnMap":{},"branchMap":{},"s":{"0":31,"1":13,"2":13,"3":13,"4":13,"5":13,"6":13,"7":13,"8":31,"9":31},"f":{},"b":{}}
}
