{"C:\\VSCode Projects\\twitter-app\\src\\components\\ChangePasswordForm\\index.tsx": {"path":"C:\\VSCode Projects\\twitter-app\\src\\components\\ChangePasswordForm\\index.tsx","statementMap":{"0":{"start":{"line":13,"column":13},"end":{"line":13,"column":34}},"1":{"start":{"line":1,"column":26},"end":{"line":1,"column":null}},"2":{"start":{"line":2,"column":24},"end":{"line":2,"column":null}},"3":{"start":{"line":4,"column":23},"end":{"line":4,"column":null}},"4":{"start":{"line":5,"column":43},"end":{"line":5,"column":null}},"5":{"start":{"line":7,"column":56},"end":{"line":7,"column":null}},"6":{"start":{"line":9,"column":62},"end":{"line":9,"column":null}},"7":{"start":{"line":10,"column":19},"end":{"line":10,"column":null}},"8":{"start":{"line":13,"column":34},"end":{"line":66,"column":null}},"9":{"start":{"line":13,"column":37},"end":{"line":13,"column":null}},"10":{"start":{"line":14,"column":60},"end":{"line":14,"column":null}},"11":{"start":{"line":14,"column":60},"end":{"line":14,"column":86}},"12":{"start":{"line":14,"column":27},"end":{"line":14,"column":38}},"13":{"start":{"line":14,"column":38},"end":{"line":14,"column":49}},"14":{"start":{"line":14,"column":49},"end":{"line":14,"column":60}},"15":{"start":{"line":20,"column":6},"end":{"line":20,"column":null}},"16":{"start":{"line":20,"column":6},"end":{"line":16,"column":null}},"17":{"start":{"line":20,"column":6},"end":{"line":17,"column":null}},"18":{"start":{"line":20,"column":6},"end":{"line":18,"column":null}},"19":{"start":{"line":20,"column":6},"end":{"line":19,"column":null}},"20":{"start":{"line":22,"column":2},"end":{"line":24,"column":null}},"21":{"start":{"line":23,"column":4},"end":{"line":23,"column":null}},"22":{"start":{"line":23,"column":19},"end":{"line":23,"column":null}},"23":{"start":{"line":26,"column":19},"end":{"line":35,"column":null}},"24":{"start":{"line":27,"column":34},"end":{"line":27,"column":22}},"25":{"start":{"line":27,"column":34},"end":{"line":null,"column":-1}},"26":{"start":{"line":29,"column":4},"end":{"line":32,"column":null}},"27":{"start":{"line":30,"column":6},"end":{"line":30,"column":null}},"28":{"start":{"line":31,"column":6},"end":{"line":31,"column":null}},"29":{"start":{"line":34,"column":4},"end":{"line":34,"column":null}}},"fnMap":{"0":{"name":"(anonymous_10)","decl":{"start":{"line":13,"column":34},"end":{"line":13,"column":37}},"loc":{"start":{"line":13,"column":34},"end":{"line":66,"column":null}}},"1":{"name":"(anonymous_11)","decl":{"start":{"line":22,"column":12},"end":{"line":22,"column":null}},"loc":{"start":{"line":22,"column":12},"end":{"line":24,"column":5}}},"2":{"name":"(anonymous_12)","decl":{"start":{"line":26,"column":19},"end":{"line":26,"column":20}},"loc":{"start":{"line":26,"column":20},"end":{"line":35,"column":null}}}},"branchMap":{"0":{"loc":{"start":{"line":23,"column":4},"end":{"line":23,"column":null}},"type":"if","locations":[{"start":{"line":23,"column":4},"end":{"line":23,"column":null}}]},"1":{"loc":{"start":{"line":29,"column":4},"end":{"line":32,"column":null}},"type":"if","locations":[{"start":{"line":29,"column":4},"end":{"line":32,"column":null}}]},"2":{"loc":{"start":{"line":44,"column":13},"end":{"line":44,"column":39}},"type":"cond-expr","locations":[{"start":{"line":44,"column":15},"end":{"line":44,"column":22}},{"start":{"line":44,"column":15},"end":{"line":44,"column":39}}]},"3":{"loc":{"start":{"line":44,"column":13},"end":{"line":44,"column":22}},"type":"binary-expr","locations":[{"start":{"line":44,"column":13},"end":{"line":44,"column":32}},{"start":{"line":44,"column":15},"end":{"line":44,"column":22}}]},"4":{"loc":{"start":{"line":50,"column":13},"end":{"line":50,"column":38}},"type":"cond-expr","locations":[{"start":{"line":50,"column":15},"end":{"line":50,"column":22}},{"start":{"line":50,"column":15},"end":{"line":50,"column":38}}]},"5":{"loc":{"start":{"line":50,"column":13},"end":{"line":50,"column":22}},"type":"binary-expr","locations":[{"start":{"line":50,"column":13},"end":{"line":50,"column":31}},{"start":{"line":50,"column":15},"end":{"line":50,"column":22}}]},"6":{"loc":{"start":{"line":54,"column":7},"end":{"line":54,"column":16}},"type":"binary-expr","locations":[{"start":{"line":54,"column":7},"end":{"line":54,"column":16}}]}},"s":{"0":1,"1":2,"2":2,"3":2,"4":2,"5":2,"6":2,"7":2,"8":2,"9":1,"10":1,"11":2,"12":1,"13":1,"14":1,"15":1,"16":1,"17":1,"18":1,"19":1,"20":1,"21":1,"22":0,"23":1,"24":0,"25":0,"26":0,"27":0,"28":0,"29":0},"f":{"0":1,"1":1,"2":0},"b":{"0":[0],"1":[0],"2":[1,0],"3":[1,1],"4":[1,0],"5":[1,1],"6":[1]}}
,"C:\\VSCode Projects\\twitter-app\\src\\components\\EditProfileForm\\index.tsx": {"path":"C:\\VSCode Projects\\twitter-app\\src\\components\\EditProfileForm\\index.tsx","statementMap":{"0":{"start":{"line":16,"column":13},"end":{"line":16,"column":31}},"1":{"start":{"line":1,"column":35},"end":{"line":1,"column":null}},"2":{"start":{"line":2,"column":24},"end":{"line":2,"column":null}},"3":{"start":{"line":4,"column":22},"end":{"line":4,"column":null}},"4":{"start":{"line":5,"column":31},"end":{"line":5,"column":null}},"5":{"start":{"line":6,"column":58},"end":{"line":6,"column":null}},"6":{"start":{"line":7,"column":29},"end":{"line":7,"column":null}},"7":{"start":{"line":8,"column":48},"end":{"line":8,"column":null}},"8":{"start":{"line":10,"column":71},"end":{"line":10,"column":null}},"9":{"start":{"line":12,"column":24},"end":{"line":12,"column":null}},"10":{"start":{"line":13,"column":19},"end":{"line":13,"column":null}},"11":{"start":{"line":16,"column":31},"end":{"line":128,"column":null}},"12":{"start":{"line":16,"column":34},"end":{"line":16,"column":44}},"13":{"start":{"line":16,"column":44},"end":{"line":16,"column":null}},"14":{"start":{"line":17,"column":49},"end":{"line":17,"column":null}},"15":{"start":{"line":17,"column":49},"end":{"line":17,"column":70}},"16":{"start":{"line":17,"column":23},"end":{"line":17,"column":34}},"17":{"start":{"line":17,"column":34},"end":{"line":17,"column":49}},"18":{"start":{"line":18,"column":29},"end":{"line":18,"column":null}},"19":{"start":{"line":18,"column":29},"end":{"line":18,"column":10}},"20":{"start":{"line":19,"column":34},"end":{"line":19,"column":null}},"21":{"start":{"line":19,"column":34},"end":{"line":19,"column":10}},"22":{"start":{"line":26,"column":6},"end":{"line":26,"column":null}},"23":{"start":{"line":26,"column":6},"end":{"line":21,"column":null}},"24":{"start":{"line":26,"column":6},"end":{"line":22,"column":null}},"25":{"start":{"line":26,"column":6},"end":{"line":23,"column":null}},"26":{"start":{"line":26,"column":6},"end":{"line":24,"column":null}},"27":{"start":{"line":26,"column":6},"end":{"line":25,"column":null}},"28":{"start":{"line":27,"column":22},"end":{"line":27,"column":null}},"29":{"start":{"line":28,"column":8},"end":{"line":28,"column":44}},"30":{"start":{"line":30,"column":17},"end":{"line":33,"column":null}},"31":{"start":{"line":32,"column":6},"end":{"line":32,"column":null}},"32":{"start":{"line":36,"column":2},"end":{"line":38,"column":null}},"33":{"start":{"line":37,"column":4},"end":{"line":37,"column":null}},"34":{"start":{"line":37,"column":19},"end":{"line":37,"column":null}},"35":{"start":{"line":40,"column":19},"end":{"line":55,"column":null}},"36":{"start":{"line":50,"column":4},"end":{"line":50,"column":10}},"37":{"start":{"line":66,"column":30},"end":{"line":66,"column":null}}},"fnMap":{"0":{"name":"(anonymous_36)","decl":{"start":{"line":16,"column":31},"end":{"line":16,"column":34}},"loc":{"start":{"line":16,"column":31},"end":{"line":128,"column":null}}},"1":{"name":"(anonymous_37)","decl":{"start":{"line":31,"column":4},"end":{"line":31,"column":null}},"loc":{"start":{"line":31,"column":4},"end":{"line":33,"column":5}}},"2":{"name":"(anonymous_38)","decl":{"start":{"line":36,"column":12},"end":{"line":36,"column":null}},"loc":{"start":{"line":36,"column":12},"end":{"line":38,"column":5}}},"3":{"name":"(anonymous_40)","decl":{"start":{"line":40,"column":19},"end":{"line":40,"column":26}},"loc":{"start":{"line":40,"column":26},"end":{"line":55,"column":null}}}},"branchMap":{"0":{"loc":{"start":{"line":19,"column":53},"end":{"line":19,"column":65}},"type":"cond-expr","locations":[{"start":{"line":19,"column":53},"end":{"line":19,"column":63}},{"start":{"line":19,"column":53},"end":{"line":19,"column":65}}]},"1":{"loc":{"start":{"line":19,"column":53},"end":{"line":19,"column":63}},"type":"binary-expr","locations":[{"start":{"line":19,"column":53},"end":{"line":19,"column":63}},{"start":{"line":19,"column":53},"end":{"line":19,"column":63}}]},"2":{"loc":{"start":{"line":28,"column":8},"end":{"line":28,"column":44}},"type":"cond-expr","locations":[{"start":{"line":28,"column":22},"end":{"line":28,"column":29}},{"start":{"line":28,"column":22},"end":{"line":28,"column":44}}]},"3":{"loc":{"start":{"line":28,"column":8},"end":{"line":28,"column":29}},"type":"binary-expr","locations":[{"start":{"line":28,"column":8},"end":{"line":28,"column":37}},{"start":{"line":28,"column":22},"end":{"line":28,"column":29}}]},"4":{"loc":{"start":{"line":32,"column":6},"end":{"line":32,"column":null}},"type":"cond-expr","locations":[{"start":{"line":32,"column":44},"end":{"line":32,"column":82}},{"start":{"line":32,"column":82},"end":{"line":32,"column":null}}]},"5":{"loc":{"start":{"line":32,"column":6},"end":{"line":32,"column":44}},"type":"binary-expr","locations":[{"start":{"line":32,"column":6},"end":{"line":32,"column":22}},{"start":{"line":32,"column":22},"end":{"line":32,"column":41}}]},"6":{"loc":{"start":{"line":32,"column":22},"end":{"line":32,"column":41}},"type":"cond-expr","locations":[{"start":{"line":32,"column":22},"end":{"line":32,"column":35}},{"start":{"line":32,"column":22},"end":{"line":32,"column":41}}]},"7":{"loc":{"start":{"line":32,"column":22},"end":{"line":32,"column":35}},"type":"binary-expr","locations":[{"start":{"line":32,"column":22},"end":{"line":32,"column":35}},{"start":{"line":32,"column":22},"end":{"line":32,"column":35}}]},"8":{"loc":{"start":{"line":37,"column":4},"end":{"line":37,"column":null}},"type":"if","locations":[{"start":{"line":37,"column":4},"end":{"line":37,"column":null}}]},"9":{"loc":{"start":{"line":53,"column":14},"end":{"line":53,"column":null}},"type":"cond-expr","locations":[{"start":{"line":53,"column":34},"end":{"line":53,"column":47}},{"start":{"line":53,"column":47},"end":{"line":53,"column":null}}]},"10":{"loc":{"start":{"line":70,"column":9},"end":{"line":70,"column":24}},"type":"binary-expr","locations":[{"start":{"line":70,"column":9},"end":{"line":70,"column":24}}]},"11":{"loc":{"start":{"line":76,"column":13},"end":{"line":76,"column":35}},"type":"cond-expr","locations":[{"start":{"line":76,"column":15},"end":{"line":76,"column":22}},{"start":{"line":76,"column":15},"end":{"line":76,"column":35}}]},"12":{"loc":{"start":{"line":76,"column":13},"end":{"line":76,"column":22}},"type":"binary-expr","locations":[{"start":{"line":76,"column":13},"end":{"line":76,"column":28}},{"start":{"line":76,"column":15},"end":{"line":76,"column":22}}]},"13":{"loc":{"start":{"line":82,"column":13},"end":{"line":82,"column":36}},"type":"cond-expr","locations":[{"start":{"line":82,"column":15},"end":{"line":82,"column":22}},{"start":{"line":82,"column":15},"end":{"line":82,"column":36}}]},"14":{"loc":{"start":{"line":82,"column":13},"end":{"line":82,"column":22}},"type":"binary-expr","locations":[{"start":{"line":82,"column":13},"end":{"line":82,"column":29}},{"start":{"line":82,"column":15},"end":{"line":82,"column":22}}]},"15":{"loc":{"start":{"line":97,"column":15},"end":{"line":97,"column":38}},"type":"cond-expr","locations":[{"start":{"line":97,"column":17},"end":{"line":97,"column":24}},{"start":{"line":97,"column":17},"end":{"line":97,"column":38}}]},"16":{"loc":{"start":{"line":97,"column":15},"end":{"line":97,"column":24}},"type":"binary-expr","locations":[{"start":{"line":97,"column":15},"end":{"line":97,"column":31}},{"start":{"line":97,"column":17},"end":{"line":97,"column":24}}]},"17":{"loc":{"start":{"line":102,"column":15},"end":{"line":102,"column":36}},"type":"cond-expr","locations":[{"start":{"line":102,"column":17},"end":{"line":102,"column":24}},{"start":{"line":102,"column":17},"end":{"line":102,"column":36}}]},"18":{"loc":{"start":{"line":102,"column":15},"end":{"line":102,"column":24}},"type":"binary-expr","locations":[{"start":{"line":102,"column":15},"end":{"line":102,"column":29}},{"start":{"line":102,"column":17},"end":{"line":102,"column":24}}]},"19":{"loc":{"start":{"line":108,"column":15},"end":{"line":108,"column":37}},"type":"cond-expr","locations":[{"start":{"line":108,"column":17},"end":{"line":108,"column":24}},{"start":{"line":108,"column":17},"end":{"line":108,"column":37}}]},"20":{"loc":{"start":{"line":108,"column":15},"end":{"line":108,"column":24}},"type":"binary-expr","locations":[{"start":{"line":108,"column":15},"end":{"line":108,"column":30}},{"start":{"line":108,"column":17},"end":{"line":108,"column":24}}]}},"s":{"0":2,"1":2,"2":2,"3":2,"4":2,"5":2,"6":2,"7":2,"8":2,"9":2,"10":2,"11":2,"12":2,"13":2,"14":2,"15":4,"16":2,"17":2,"18":2,"19":2,"20":2,"21":2,"22":2,"23":2,"24":2,"25":2,"26":2,"27":2,"28":2,"29":2,"30":2,"31":2,"32":2,"33":1,"34":0,"35":2,"36":0,"37":0},"f":{"0":2,"1":2,"2":1,"3":0},"b":{"0":[2,0],"1":[2,0],"2":[2,0],"3":[2,2],"4":[0,2],"5":[2,2],"6":[1,1],"7":[2,2],"8":[0],"9":[0,0],"10":[2],"11":[2,0],"12":[2,2],"13":[2,0],"14":[2,2],"15":[2,0],"16":[2,2],"17":[2,0],"18":[2,2],"19":[2,0],"20":[2,2]}}
,"C:\\VSCode Projects\\twitter-app\\src\\components\\ErrorBoundary\\index.tsx": {"path":"C:\\VSCode Projects\\twitter-app\\src\\components\\ErrorBoundary\\index.tsx","statementMap":{"0":{"start":{"line":8,"column":7},"end":{"line":8,"column":null}},"1":{"start":{"line":8,"column":13},"end":{"line":8,"column":35}},"2":{"start":{"line":10,"column":10},"end":{"line":10,"column":null}},"3":{"start":{"line":12,"column":4},"end":{"line":12,"column":null}},"4":{"start":{"line":20,"column":4},"end":{"line":20,"column":null}},"5":{"start":{"line":24,"column":25},"end":{"line":null,"column":-1}},"6":{"start":{"line":25,"column":25},"end":{"line":null,"column":-1}},"7":{"start":{"line":27,"column":4},"end":{"line":29,"column":null}},"8":{"start":{"line":31,"column":4},"end":{"line":31,"column":null}},"9":{"start":{"line":16,"column":4},"end":{"line":16,"column":null}}},"fnMap":{"0":{"name":"(anonymous_15)","decl":{"start":{"line":8,"column":7},"end":{"line":null,"column":-1}},"loc":{"start":{"line":8,"column":7},"end":{"line":8,"column":null}}},"1":{"name":"componentDidCatch","decl":{"start":{"line":19,"column":2},"end":{"line":19,"column":20}},"loc":{"start":{"line":19,"column":54},"end":{"line":21,"column":null}}},"2":{"name":"render","decl":{"start":{"line":23,"column":2},"end":{"line":23,"column":null}},"loc":{"start":{"line":23,"column":2},"end":{"line":32,"column":null}}},"3":{"name":"getDerivedStateFromError","decl":{"start":{"line":15,"column":9},"end":{"line":15,"column":null}},"loc":{"start":{"line":15,"column":9},"end":{"line":17,"column":null}}}},"branchMap":{"0":{"loc":{"start":{"line":27,"column":4},"end":{"line":29,"column":null}},"type":"if","locations":[{"start":{"line":27,"column":4},"end":{"line":29,"column":null}}]}},"s":{"0":0,"1":0,"2":0,"3":0,"4":0,"5":0,"6":0,"7":0,"8":0,"9":0},"f":{"0":0,"1":0,"2":0,"3":0},"b":{"0":[0]}}
,"C:\\VSCode Projects\\twitter-app\\src\\components\\LoginForm\\index.tsx": {"path":"C:\\VSCode Projects\\twitter-app\\src\\components\\LoginForm\\index.tsx","statementMap":{"0":{"start":{"line":12,"column":13},"end":{"line":12,"column":25}},"1":{"start":{"line":1,"column":24},"end":{"line":1,"column":null}},"2":{"start":{"line":3,"column":26},"end":{"line":3,"column":null}},"3":{"start":{"line":4,"column":35},"end":{"line":4,"column":null}},"4":{"start":{"line":7,"column":22},"end":{"line":7,"column":null}},"5":{"start":{"line":9,"column":52},"end":{"line":9,"column":null}},"6":{"start":{"line":10,"column":19},"end":{"line":10,"column":null}},"7":{"start":{"line":12,"column":25},"end":{"line":48,"column":null}},"8":{"start":{"line":13,"column":41},"end":{"line":13,"column":null}},"9":{"start":{"line":13,"column":41},"end":{"line":13,"column":59}},"10":{"start":{"line":13,"column":19},"end":{"line":13,"column":30}},"11":{"start":{"line":13,"column":30},"end":{"line":13,"column":41}},"12":{"start":{"line":18,"column":6},"end":{"line":18,"column":null}},"13":{"start":{"line":18,"column":6},"end":{"line":15,"column":null}},"14":{"start":{"line":18,"column":6},"end":{"line":16,"column":null}},"15":{"start":{"line":18,"column":6},"end":{"line":17,"column":null}},"16":{"start":{"line":20,"column":46},"end":{"line":20,"column":null}}},"fnMap":{"0":{"name":"(anonymous_10)","decl":{"start":{"line":12,"column":25},"end":{"line":12,"column":null}},"loc":{"start":{"line":12,"column":25},"end":{"line":48,"column":null}}}},"branchMap":{"0":{"loc":{"start":{"line":27,"column":13},"end":{"line":27,"column":36}},"type":"cond-expr","locations":[{"start":{"line":27,"column":15},"end":{"line":27,"column":22}},{"start":{"line":27,"column":15},"end":{"line":27,"column":36}}]},"1":{"loc":{"start":{"line":27,"column":13},"end":{"line":27,"column":22}},"type":"binary-expr","locations":[{"start":{"line":27,"column":13},"end":{"line":27,"column":29}},{"start":{"line":27,"column":15},"end":{"line":27,"column":22}}]},"2":{"loc":{"start":{"line":35,"column":13},"end":{"line":35,"column":39}},"type":"cond-expr","locations":[{"start":{"line":35,"column":15},"end":{"line":35,"column":22}},{"start":{"line":35,"column":15},"end":{"line":35,"column":39}}]},"3":{"loc":{"start":{"line":35,"column":13},"end":{"line":35,"column":22}},"type":"binary-expr","locations":[{"start":{"line":35,"column":13},"end":{"line":35,"column":32}},{"start":{"line":35,"column":15},"end":{"line":35,"column":22}}]},"4":{"loc":{"start":{"line":39,"column":7},"end":{"line":39,"column":16}},"type":"binary-expr","locations":[{"start":{"line":39,"column":7},"end":{"line":39,"column":16}}]}},"s":{"0":1,"1":1,"2":1,"3":1,"4":1,"5":1,"6":1,"7":1,"8":1,"9":2,"10":1,"11":1,"12":1,"13":1,"14":1,"15":1,"16":0},"f":{"0":1},"b":{"0":[1,0],"1":[1,1],"2":[1,0],"3":[1,1],"4":[1]}}
,"C:\\VSCode Projects\\twitter-app\\src\\components\\NewTweet\\index.tsx": {"path":"C:\\VSCode Projects\\twitter-app\\src\\components\\NewTweet\\index.tsx","statementMap":{"0":{"start":{"line":14,"column":13},"end":{"line":14,"column":24}},"1":{"start":{"line":1,"column":30},"end":{"line":1,"column":null}},"2":{"start":{"line":2,"column":24},"end":{"line":2,"column":null}},"3":{"start":{"line":4,"column":31},"end":{"line":4,"column":null}},"4":{"start":{"line":5,"column":56},"end":{"line":5,"column":null}},"5":{"start":{"line":6,"column":29},"end":{"line":6,"column":null}},"6":{"start":{"line":8,"column":39},"end":{"line":8,"column":null}},"7":{"start":{"line":10,"column":51},"end":{"line":10,"column":null}},"8":{"start":{"line":11,"column":19},"end":{"line":11,"column":null}},"9":{"start":{"line":14,"column":24},"end":{"line":74,"column":null}},"10":{"start":{"line":14,"column":32},"end":{"line":14,"column":43}},"11":{"start":{"line":14,"column":43},"end":{"line":14,"column":null}},"12":{"start":{"line":15,"column":36},"end":{"line":15,"column":null}},"13":{"start":{"line":15,"column":36},"end":{"line":15,"column":55}},"14":{"start":{"line":15,"column":36},"end":{"line":null,"column":-1}},"15":{"start":{"line":16,"column":29},"end":{"line":16,"column":null}},"16":{"start":{"line":16,"column":29},"end":{"line":16,"column":10}},"17":{"start":{"line":17,"column":27},"end":{"line":17,"column":null}},"18":{"start":{"line":17,"column":27},"end":{"line":17,"column":10}},"19":{"start":{"line":24,"column":6},"end":{"line":24,"column":null}},"20":{"start":{"line":24,"column":6},"end":{"line":19,"column":null}},"21":{"start":{"line":24,"column":6},"end":{"line":20,"column":null}},"22":{"start":{"line":24,"column":6},"end":{"line":21,"column":null}},"23":{"start":{"line":24,"column":6},"end":{"line":22,"column":null}},"24":{"start":{"line":24,"column":6},"end":{"line":23,"column":null}},"25":{"start":{"line":25,"column":8},"end":{"line":25,"column":42}},"26":{"start":{"line":26,"column":21},"end":{"line":26,"column":null}},"27":{"start":{"line":28,"column":19},"end":{"line":34,"column":null}},"28":{"start":{"line":29,"column":12},"end":{"line":29,"column":29}},"29":{"start":{"line":31,"column":4},"end":{"line":31,"column":10}},"30":{"start":{"line":32,"column":4},"end":{"line":32,"column":null}},"31":{"start":{"line":33,"column":4},"end":{"line":33,"column":null}},"32":{"start":{"line":33,"column":19},"end":{"line":33,"column":null}},"33":{"start":{"line":36,"column":24},"end":{"line":38,"column":null}},"34":{"start":{"line":37,"column":10},"end":{"line":37,"column":null}}},"fnMap":{"0":{"name":"(anonymous_22)","decl":{"start":{"line":14,"column":29},"end":{"line":14,"column":32}},"loc":{"start":{"line":14,"column":29},"end":{"line":74,"column":null}}},"1":{"name":"(anonymous_24)","decl":{"start":{"line":28,"column":19},"end":{"line":28,"column":26}},"loc":{"start":{"line":28,"column":26},"end":{"line":34,"column":null}}},"2":{"name":"(anonymous_27)","decl":{"start":{"line":37,"column":4},"end":{"line":37,"column":10}},"loc":{"start":{"line":37,"column":4},"end":{"line":38,"column":5}}}},"branchMap":{"0":{"loc":{"start":{"line":17,"column":46},"end":{"line":17,"column":58}},"type":"cond-expr","locations":[{"start":{"line":17,"column":46},"end":{"line":17,"column":56}},{"start":{"line":17,"column":46},"end":{"line":17,"column":58}}]},"1":{"loc":{"start":{"line":17,"column":46},"end":{"line":17,"column":56}},"type":"binary-expr","locations":[{"start":{"line":17,"column":46},"end":{"line":17,"column":56}},{"start":{"line":17,"column":46},"end":{"line":17,"column":56}}]},"2":{"loc":{"start":{"line":25,"column":8},"end":{"line":25,"column":42}},"type":"cond-expr","locations":[{"start":{"line":25,"column":21},"end":{"line":25,"column":28}},{"start":{"line":25,"column":21},"end":{"line":25,"column":42}}]},"3":{"loc":{"start":{"line":25,"column":8},"end":{"line":25,"column":28}},"type":"binary-expr","locations":[{"start":{"line":25,"column":8},"end":{"line":25,"column":35}},{"start":{"line":25,"column":21},"end":{"line":25,"column":28}}]},"4":{"loc":{"start":{"line":31,"column":35},"end":{"line":31,"column":68}},"type":"cond-expr","locations":[{"start":{"line":31,"column":50},"end":{"line":31,"column":58}},{"start":{"line":31,"column":58},"end":{"line":31,"column":68}}]},"5":{"loc":{"start":{"line":33,"column":4},"end":{"line":33,"column":null}},"type":"if","locations":[{"start":{"line":33,"column":4},"end":{"line":33,"column":null}}]},"6":{"loc":{"start":{"line":37,"column":10},"end":{"line":37,"column":null}},"type":"binary-expr","locations":[{"start":{"line":37,"column":10},"end":{"line":37,"column":25}},{"start":{"line":37,"column":25},"end":{"line":37,"column":49}},{"start":{"line":37,"column":49},"end":{"line":37,"column":null}}]},"7":{"loc":{"start":{"line":37,"column":27},"end":{"line":37,"column":45}},"type":"cond-expr","locations":[{"start":{"line":37,"column":27},"end":{"line":37,"column":39}},{"start":{"line":37,"column":27},"end":{"line":37,"column":45}}]},"8":{"loc":{"start":{"line":37,"column":27},"end":{"line":37,"column":39}},"type":"binary-expr","locations":[{"start":{"line":37,"column":27},"end":{"line":37,"column":39}},{"start":{"line":37,"column":27},"end":{"line":37,"column":39}}]},"9":{"loc":{"start":{"line":52,"column":15},"end":{"line":52,"column":38}},"type":"cond-expr","locations":[{"start":{"line":52,"column":17},"end":{"line":52,"column":24}},{"start":{"line":52,"column":17},"end":{"line":52,"column":38}}]},"10":{"loc":{"start":{"line":52,"column":15},"end":{"line":52,"column":24}},"type":"binary-expr","locations":[{"start":{"line":52,"column":15},"end":{"line":52,"column":31}},{"start":{"line":52,"column":17},"end":{"line":52,"column":24}}]},"11":{"loc":{"start":{"line":58,"column":13},"end":{"line":58,"column":30}},"type":"binary-expr","locations":[{"start":{"line":58,"column":13},"end":{"line":58,"column":30}}]},"12":{"loc":{"start":{"line":59,"column":13},"end":{"line":59,"column":27}},"type":"binary-expr","locations":[{"start":{"line":59,"column":13},"end":{"line":59,"column":27}}]}},"s":{"0":1,"1":1,"2":1,"3":1,"4":1,"5":1,"6":1,"7":1,"8":1,"9":1,"10":2,"11":2,"12":2,"13":2,"14":2,"15":2,"16":2,"17":2,"18":2,"19":2,"20":2,"21":2,"22":2,"23":2,"24":2,"25":2,"26":2,"27":2,"28":0,"29":0,"30":0,"31":0,"32":0,"33":2,"34":2},"f":{"0":2,"1":0,"2":2},"b":{"0":[2,0],"1":[2,0],"2":[2,0],"3":[2,2],"4":[0,0],"5":[0],"6":[2,2,0],"7":[1,1],"8":[2,2],"9":[2,0],"10":[2,2],"11":[2],"12":[2]}}
,"C:\\VSCode Projects\\twitter-app\\src\\components\\Profile\\index.tsx": {"path":"C:\\VSCode Projects\\twitter-app\\src\\components\\Profile\\index.tsx","statementMap":{"0":{"start":{"line":18,"column":13},"end":{"line":18,"column":23}},"1":{"start":{"line":1,"column":40},"end":{"line":1,"column":null}},"2":{"start":{"line":3,"column":52},"end":{"line":3,"column":null}},"3":{"start":{"line":4,"column":30},"end":{"line":4,"column":null}},"4":{"start":{"line":6,"column":35},"end":{"line":6,"column":null}},"5":{"start":{"line":7,"column":32},"end":{"line":7,"column":null}},"6":{"start":{"line":14,"column":7},"end":{"line":14,"column":null}},"7":{"start":{"line":15,"column":19},"end":{"line":15,"column":null}},"8":{"start":{"line":18,"column":23},"end":{"line":94,"column":null}},"9":{"start":{"line":18,"column":31},"end":{"line":18,"column":39}},"10":{"start":{"line":18,"column":39},"end":{"line":18,"column":48}},"11":{"start":{"line":18,"column":48},"end":{"line":18,"column":null}},"12":{"start":{"line":19,"column":36},"end":{"line":19,"column":null}},"13":{"start":{"line":19,"column":36},"end":{"line":19,"column":10}},"14":{"start":{"line":19,"column":36},"end":{"line":null,"column":-1}},"15":{"start":{"line":20,"column":27},"end":{"line":20,"column":null}},"16":{"start":{"line":20,"column":27},"end":{"line":20,"column":10}},"17":{"start":{"line":21,"column":44},"end":{"line":21,"column":null}},"18":{"start":{"line":21,"column":44},"end":{"line":21,"column":52}},"19":{"start":{"line":22,"column":62},"end":{"line":23,"column":null}},"20":{"start":{"line":22,"column":62},"end":{"line":22,"column":70}},"21":{"start":{"line":25,"column":56},"end":{"line":25,"column":81}},"22":{"start":{"line":25,"column":56},"end":{"line":25,"column":16}},"23":{"start":{"line":25,"column":56},"end":{"line":25,"column":23}},"24":{"start":{"line":25,"column":56},"end":{"line":25,"column":30}},"25":{"start":{"line":25,"column":56},"end":{"line":25,"column":40}},"26":{"start":{"line":25,"column":56},"end":{"line":null,"column":-1}},"27":{"start":{"line":27,"column":25},"end":{"line":27,"column":null}},"28":{"start":{"line":27,"column":39},"end":{"line":27,"column":64}},"29":{"start":{"line":29,"column":69},"end":{"line":29,"column":null}},"30":{"start":{"line":31,"column":22},"end":{"line":36,"column":null}},"31":{"start":{"line":32,"column":4},"end":{"line":35,"column":null}},"32":{"start":{"line":33,"column":6},"end":{"line":33,"column":null}},"33":{"start":{"line":33,"column":16},"end":{"line":33,"column":null}},"34":{"start":{"line":34,"column":6},"end":{"line":34,"column":null}},"35":{"start":{"line":38,"column":2},"end":{"line":44,"column":null}}},"fnMap":{"0":{"name":"(anonymous_10)","decl":{"start":{"line":18,"column":28},"end":{"line":18,"column":31}},"loc":{"start":{"line":18,"column":28},"end":{"line":94,"column":null}}},"1":{"name":"(anonymous_11)","decl":{"start":{"line":27,"column":33},"end":{"line":27,"column":39}},"loc":{"start":{"line":27,"column":33},"end":{"line":27,"column":65}}},"2":{"name":"(anonymous_14)","decl":{"start":{"line":31,"column":22},"end":{"line":31,"column":null}},"loc":{"start":{"line":31,"column":22},"end":{"line":36,"column":null}}},"3":{"name":"(anonymous_15)","decl":{"start":{"line":32,"column":21},"end":{"line":32,"column":22}},"loc":{"start":{"line":32,"column":22},"end":{"line":35,"column":null}}}},"branchMap":{"0":{"loc":{"start":{"line":25,"column":56},"end":{"line":25,"column":81}},"type":"cond-expr","locations":[{"start":{"line":25,"column":56},"end":{"line":25,"column":64}},{"start":{"line":25,"column":64},"end":{"line":25,"column":81}}]},"1":{"loc":{"start":{"line":25,"column":56},"end":{"line":25,"column":64}},"type":"binary-expr","locations":[{"start":{"line":25,"column":56},"end":{"line":25,"column":64}},{"start":{"line":25,"column":56},"end":{"line":25,"column":64}}]},"2":{"loc":{"start":{"line":33,"column":6},"end":{"line":33,"column":null}},"type":"if","locations":[{"start":{"line":33,"column":6},"end":{"line":33,"column":null}}]},"3":{"loc":{"start":{"line":38,"column":2},"end":{"line":44,"column":null}},"type":"if","locations":[{"start":{"line":38,"column":2},"end":{"line":44,"column":null}}]},"4":{"loc":{"start":{"line":51,"column":11},"end":{"line":51,"column":null}},"type":"binary-expr","locations":[{"start":{"line":51,"column":11},"end":{"line":51,"column":null}}]},"5":{"loc":{"start":{"line":81,"column":17},"end":{"line":81,"column":50}},"type":"cond-expr","locations":[{"start":{"line":81,"column":17},"end":{"line":81,"column":32}},{"start":{"line":81,"column":32},"end":{"line":81,"column":50}}]},"6":{"loc":{"start":{"line":81,"column":17},"end":{"line":81,"column":32}},"type":"binary-expr","locations":[{"start":{"line":81,"column":17},"end":{"line":81,"column":32}},{"start":{"line":81,"column":17},"end":{"line":81,"column":32}}]},"7":{"loc":{"start":{"line":87,"column":10},"end":{"line":89,"column":11}},"type":"cond-expr","locations":[{"start":{"line":87,"column":10},"end":{"line":89,"column":11}}]}},"s":{"0":1,"1":1,"2":1,"3":1,"4":1,"5":1,"6":1,"7":1,"8":1,"9":3,"10":3,"11":3,"12":3,"13":3,"14":3,"15":3,"16":3,"17":3,"18":6,"19":3,"20":6,"21":3,"22":3,"23":3,"24":3,"25":3,"26":3,"27":3,"28":2,"29":0,"30":3,"31":0,"32":0,"33":0,"34":0,"35":3},"f":{"0":3,"1":2,"2":0,"3":0},"b":{"0":[1,2],"1":[3,3],"2":[0],"3":[2],"4":[1],"5":[1,0],"6":[1,1],"7":[0]}}
,"C:\\VSCode Projects\\twitter-app\\src\\components\\Recommendations\\index.tsx": {"path":"C:\\VSCode Projects\\twitter-app\\src\\components\\Recommendations\\index.tsx","statementMap":{"0":{"start":{"line":14,"column":13},"end":{"line":14,"column":31}},"1":{"start":{"line":1,"column":34},"end":{"line":1,"column":null}},"2":{"start":{"line":3,"column":36},"end":{"line":3,"column":null}},"3":{"start":{"line":10,"column":7},"end":{"line":10,"column":null}},"4":{"start":{"line":11,"column":19},"end":{"line":11,"column":null}},"5":{"start":{"line":14,"column":31},"end":{"line":49,"column":null}},"6":{"start":{"line":14,"column":34},"end":{"line":14,"column":null}},"7":{"start":{"line":15,"column":26},"end":{"line":15,"column":null}},"8":{"start":{"line":15,"column":26},"end":{"line":15,"column":34}},"9":{"start":{"line":16,"column":30},"end":{"line":16,"column":null}},"10":{"start":{"line":16,"column":30},"end":{"line":16,"column":16}},"11":{"start":{"line":16,"column":30},"end":{"line":null,"column":-1}},"12":{"start":{"line":17,"column":25},"end":{"line":17,"column":null}},"13":{"start":{"line":18,"column":27},"end":{"line":18,"column":null}},"14":{"start":{"line":20,"column":27},"end":{"line":22,"column":null}},"15":{"start":{"line":21,"column":23},"end":{"line":21,"column":null}},"16":{"start":{"line":24,"column":30},"end":{"line":29,"column":null}},"17":{"start":{"line":28,"column":23},"end":{"line":28,"column":55}}},"fnMap":{"0":{"name":"(anonymous_10)","decl":{"start":{"line":14,"column":31},"end":{"line":14,"column":34}},"loc":{"start":{"line":14,"column":31},"end":{"line":49,"column":null}}},"1":{"name":"(anonymous_11)","decl":{"start":{"line":20,"column":27},"end":{"line":20,"column":null}},"loc":{"start":{"line":20,"column":27},"end":{"line":22,"column":null}}},"2":{"name":"(anonymous_13)","decl":{"start":{"line":25,"column":4},"end":{"line":25,"column":null}},"loc":{"start":{"line":25,"column":4},"end":{"line":29,"column":5}}}},"branchMap":{"0":{"loc":{"start":{"line":17,"column":25},"end":{"line":17,"column":null}},"type":"binary-expr","locations":[{"start":{"line":17,"column":25},"end":{"line":17,"column":49}},{"start":{"line":17,"column":53},"end":{"line":17,"column":61}},{"start":{"line":17,"column":61},"end":{"line":17,"column":null}}]},"1":{"loc":{"start":{"line":18,"column":27},"end":{"line":18,"column":null}},"type":"binary-expr","locations":[{"start":{"line":18,"column":27},"end":{"line":18,"column":41}},{"start":{"line":18,"column":41},"end":{"line":18,"column":null}}]},"2":{"loc":{"start":{"line":18,"column":42},"end":{"line":18,"column":54}},"type":"cond-expr","locations":[{"start":{"line":18,"column":42},"end":{"line":18,"column":48}},{"start":{"line":18,"column":42},"end":{"line":18,"column":54}}]},"3":{"loc":{"start":{"line":18,"column":42},"end":{"line":18,"column":48}},"type":"binary-expr","locations":[{"start":{"line":18,"column":42},"end":{"line":18,"column":48}},{"start":{"line":18,"column":42},"end":{"line":18,"column":48}}]},"4":{"loc":{"start":{"line":21,"column":23},"end":{"line":21,"column":null}},"type":"cond-expr","locations":[{"start":{"line":21,"column":48},"end":{"line":21,"column":59}},{"start":{"line":21,"column":59},"end":{"line":21,"column":null}}]},"5":{"loc":{"start":{"line":26,"column":6},"end":{"line":26,"column":null}},"type":"cond-expr","locations":[{"start":{"line":26,"column":6},"end":{"line":26,"column":null}}]},"6":{"loc":{"start":{"line":26,"column":6},"end":{"line":26,"column":null}},"type":"binary-expr","locations":[{"start":{"line":26,"column":6},"end":{"line":26,"column":null}},{"start":{"line":26,"column":6},"end":{"line":26,"column":null}}]},"7":{"loc":{"start":{"line":36,"column":7},"end":{"line":36,"column":null}},"type":"binary-expr","locations":[{"start":{"line":36,"column":7},"end":{"line":36,"column":null}}]},"8":{"loc":{"start":{"line":42,"column":7},"end":{"line":42,"column":27}},"type":"binary-expr","locations":[{"start":{"line":42,"column":7},"end":{"line":42,"column":27}}]},"9":{"loc":{"start":{"line":46,"column":7},"end":{"line":46,"column":25}},"type":"binary-expr","locations":[{"start":{"line":46,"column":7},"end":{"line":46,"column":25}}]}},"s":{"0":1,"1":1,"2":1,"3":1,"4":1,"5":1,"6":2,"7":2,"8":4,"9":2,"10":2,"11":2,"12":2,"13":2,"14":2,"15":0,"16":2,"17":0},"f":{"0":2,"1":0,"2":1},"b":{"0":[2,2,0],"1":[2,0],"2":[0,0],"3":[0,0],"4":[0,0],"5":[1],"6":[1,1],"7":[2],"8":[2],"9":[2]}}
,"C:\\VSCode Projects\\twitter-app\\src\\components\\SearchBarByTweets\\index.tsx": {"path":"C:\\VSCode Projects\\twitter-app\\src\\components\\SearchBarByTweets\\index.tsx","statementMap":{"0":{"start":{"line":16,"column":13},"end":{"line":16,"column":33}},"1":{"start":{"line":1,"column":28},"end":{"line":1,"column":null}},"2":{"start":{"line":3,"column":26},"end":{"line":3,"column":null}},"3":{"start":{"line":4,"column":28},"end":{"line":4,"column":null}},"4":{"start":{"line":5,"column":39},"end":{"line":5,"column":null}},"5":{"start":{"line":6,"column":29},"end":{"line":6,"column":null}},"6":{"start":{"line":8,"column":30},"end":{"line":8,"column":null}},"7":{"start":{"line":10,"column":19},"end":{"line":10,"column":null}},"8":{"start":{"line":16,"column":33},"end":{"line":54,"column":null}},"9":{"start":{"line":16,"column":36},"end":{"line":16,"column":null}},"10":{"start":{"line":17,"column":42},"end":{"line":17,"column":null}},"11":{"start":{"line":17,"column":42},"end":{"line":17,"column":64}},"12":{"start":{"line":17,"column":20},"end":{"line":17,"column":26}},"13":{"start":{"line":17,"column":26},"end":{"line":17,"column":42}},"14":{"start":{"line":18,"column":19},"end":{"line":18,"column":null}},"15":{"start":{"line":19,"column":19},"end":{"line":19,"column":null}},"16":{"start":{"line":20,"column":27},"end":{"line":20,"column":49}},"17":{"start":{"line":22,"column":28},"end":{"line":27,"column":null}},"18":{"start":{"line":23,"column":4},"end":{"line":26,"column":null}},"19":{"start":{"line":24,"column":6},"end":{"line":24,"column":null}},"20":{"start":{"line":25,"column":6},"end":{"line":25,"column":null}},"21":{"start":{"line":25,"column":18},"end":{"line":25,"column":null}},"22":{"start":{"line":29,"column":22},"end":{"line":31,"column":null}},"23":{"start":{"line":30,"column":4},"end":{"line":30,"column":42}},"24":{"start":{"line":43,"column":20},"end":{"line":43,"column":29}},"25":{"start":{"line":43,"column":29},"end":{"line":43,"column":37}},"26":{"start":{"line":43,"column":37},"end":{"line":43,"column":43}},"27":{"start":{"line":43,"column":43},"end":{"line":43,"column":null}},"28":{"start":{"line":44,"column":10},"end":{"line":44,"column":35}},"29":{"start":{"line":44,"column":50},"end":{"line":44,"column":null}}},"fnMap":{"0":{"name":"(anonymous_10)","decl":{"start":{"line":16,"column":33},"end":{"line":16,"column":36}},"loc":{"start":{"line":16,"column":33},"end":{"line":54,"column":null}}},"1":{"name":"(anonymous_11)","decl":{"start":{"line":22,"column":28},"end":{"line":22,"column":29}},"loc":{"start":{"line":22,"column":29},"end":{"line":27,"column":null}}},"2":{"name":"(anonymous_12)","decl":{"start":{"line":23,"column":13},"end":{"line":23,"column":null}},"loc":{"start":{"line":23,"column":13},"end":{"line":26,"column":null}}},"3":{"name":"(anonymous_13)","decl":{"start":{"line":29,"column":22},"end":{"line":29,"column":23}},"loc":{"start":{"line":29,"column":23},"end":{"line":31,"column":null}}}},"branchMap":{"0":{"loc":{"start":{"line":20,"column":27},"end":{"line":20,"column":49}},"type":"binary-expr","locations":[{"start":{"line":20,"column":27},"end":{"line":20,"column":37}},{"start":{"line":20,"column":37},"end":{"line":20,"column":49}}]},"1":{"loc":{"start":{"line":25,"column":6},"end":{"line":25,"column":null}},"type":"if","locations":[{"start":{"line":25,"column":6},"end":{"line":25,"column":null}}]},"2":{"loc":{"start":{"line":42,"column":7},"end":{"line":42,"column":null}},"type":"binary-expr","locations":[{"start":{"line":42,"column":7},"end":{"line":42,"column":null}}]}},"s":{"0":1,"1":1,"2":1,"3":1,"4":1,"5":1,"6":1,"7":1,"8":1,"9":1,"10":1,"11":2,"12":1,"13":1,"14":1,"15":1,"16":1,"17":1,"18":0,"19":0,"20":0,"21":0,"22":1,"23":0,"24":0,"25":0,"26":0,"27":0,"28":0,"29":0},"f":{"0":1,"1":0,"2":0,"3":0},"b":{"0":[1,0],"1":[0],"2":[1]}}
,"C:\\VSCode Projects\\twitter-app\\src\\components\\SearchBarByUsers\\index.tsx": {"path":"C:\\VSCode Projects\\twitter-app\\src\\components\\SearchBarByUsers\\index.tsx","statementMap":{"0":{"start":{"line":12,"column":13},"end":{"line":12,"column":32}},"1":{"start":{"line":1,"column":28},"end":{"line":1,"column":null}},"2":{"start":{"line":2,"column":38},"end":{"line":2,"column":null}},"3":{"start":{"line":4,"column":30},"end":{"line":4,"column":null}},"4":{"start":{"line":6,"column":19},"end":{"line":6,"column":null}},"5":{"start":{"line":12,"column":32},"end":{"line":36,"column":null}},"6":{"start":{"line":12,"column":35},"end":{"line":12,"column":null}},"7":{"start":{"line":13,"column":42},"end":{"line":13,"column":null}},"8":{"start":{"line":13,"column":42},"end":{"line":13,"column":63}},"9":{"start":{"line":13,"column":20},"end":{"line":13,"column":26}},"10":{"start":{"line":13,"column":26},"end":{"line":13,"column":42}},"11":{"start":{"line":14,"column":19},"end":{"line":14,"column":null}},"12":{"start":{"line":15,"column":27},"end":{"line":15,"column":49}},"13":{"start":{"line":17,"column":28},"end":{"line":22,"column":null}},"14":{"start":{"line":18,"column":4},"end":{"line":21,"column":null}},"15":{"start":{"line":19,"column":6},"end":{"line":19,"column":null}},"16":{"start":{"line":20,"column":6},"end":{"line":20,"column":null}},"17":{"start":{"line":20,"column":18},"end":{"line":20,"column":null}},"18":{"start":{"line":33,"column":34},"end":{"line":33,"column":66}}},"fnMap":{"0":{"name":"(anonymous_10)","decl":{"start":{"line":12,"column":32},"end":{"line":12,"column":35}},"loc":{"start":{"line":12,"column":32},"end":{"line":36,"column":null}}},"1":{"name":"(anonymous_11)","decl":{"start":{"line":17,"column":28},"end":{"line":17,"column":29}},"loc":{"start":{"line":17,"column":29},"end":{"line":22,"column":null}}},"2":{"name":"(anonymous_12)","decl":{"start":{"line":18,"column":13},"end":{"line":18,"column":null}},"loc":{"start":{"line":18,"column":13},"end":{"line":21,"column":null}}}},"branchMap":{"0":{"loc":{"start":{"line":15,"column":27},"end":{"line":15,"column":49}},"type":"binary-expr","locations":[{"start":{"line":15,"column":27},"end":{"line":15,"column":37}},{"start":{"line":15,"column":37},"end":{"line":15,"column":49}}]},"1":{"loc":{"start":{"line":20,"column":6},"end":{"line":20,"column":null}},"type":"if","locations":[{"start":{"line":20,"column":6},"end":{"line":20,"column":null}}]},"2":{"loc":{"start":{"line":33,"column":7},"end":{"line":33,"column":15}},"type":"binary-expr","locations":[{"start":{"line":33,"column":7},"end":{"line":33,"column":15}}]}},"s":{"0":1,"1":1,"2":1,"3":1,"4":1,"5":1,"6":1,"7":1,"8":2,"9":1,"10":1,"11":1,"12":1,"13":1,"14":0,"15":0,"16":0,"17":0,"18":0},"f":{"0":1,"1":0,"2":0},"b":{"0":[1,0],"1":[0],"2":[1]}}
,"C:\\VSCode Projects\\twitter-app\\src\\components\\SignUpEmailForm\\index.tsx": {"path":"C:\\VSCode Projects\\twitter-app\\src\\components\\SignUpEmailForm\\index.tsx","statementMap":{"0":{"start":{"line":16,"column":13},"end":{"line":16,"column":31}},"1":{"start":{"line":1,"column":24},"end":{"line":1,"column":null}},"2":{"start":{"line":2,"column":24},"end":{"line":2,"column":null}},"3":{"start":{"line":4,"column":33},"end":{"line":4,"column":null}},"4":{"start":{"line":5,"column":47},"end":{"line":5,"column":null}},"5":{"start":{"line":6,"column":31},"end":{"line":6,"column":null}},"6":{"start":{"line":7,"column":50},"end":{"line":7,"column":null}},"7":{"start":{"line":9,"column":31},"end":{"line":9,"column":null}},"8":{"start":{"line":11,"column":38},"end":{"line":11,"column":null}},"9":{"start":{"line":13,"column":24},"end":{"line":13,"column":null}},"10":{"start":{"line":14,"column":19},"end":{"line":14,"column":null}},"11":{"start":{"line":16,"column":31},"end":{"line":97,"column":null}},"12":{"start":{"line":17,"column":28},"end":{"line":null,"column":-1}},"13":{"start":{"line":18,"column":19},"end":{"line":18,"column":null}},"14":{"start":{"line":24,"column":6},"end":{"line":24,"column":null}},"15":{"start":{"line":24,"column":6},"end":{"line":20,"column":null}},"16":{"start":{"line":24,"column":6},"end":{"line":21,"column":null}},"17":{"start":{"line":24,"column":6},"end":{"line":22,"column":null}},"18":{"start":{"line":24,"column":6},"end":{"line":23,"column":null}},"19":{"start":{"line":25,"column":28},"end":{"line":25,"column":null}},"20":{"start":{"line":27,"column":21},"end":{"line":27,"column":null}},"21":{"start":{"line":27,"column":35},"end":{"line":27,"column":73}},"22":{"start":{"line":29,"column":19},"end":{"line":32,"column":null}},"23":{"start":{"line":30,"column":4},"end":{"line":30,"column":null}},"24":{"start":{"line":31,"column":4},"end":{"line":31,"column":null}}},"fnMap":{"0":{"name":"(anonymous_10)","decl":{"start":{"line":16,"column":31},"end":{"line":16,"column":null}},"loc":{"start":{"line":16,"column":31},"end":{"line":97,"column":null}}},"1":{"name":"(anonymous_11)","decl":{"start":{"line":27,"column":29},"end":{"line":27,"column":35}},"loc":{"start":{"line":27,"column":29},"end":{"line":27,"column":74}}},"2":{"name":"(anonymous_12)","decl":{"start":{"line":29,"column":19},"end":{"line":29,"column":20}},"loc":{"start":{"line":29,"column":20},"end":{"line":32,"column":null}}}},"branchMap":{"0":{"loc":{"start":{"line":39,"column":13},"end":{"line":39,"column":35}},"type":"cond-expr","locations":[{"start":{"line":39,"column":15},"end":{"line":39,"column":22}},{"start":{"line":39,"column":15},"end":{"line":39,"column":35}}]},"1":{"loc":{"start":{"line":39,"column":13},"end":{"line":39,"column":22}},"type":"binary-expr","locations":[{"start":{"line":39,"column":13},"end":{"line":39,"column":28}},{"start":{"line":39,"column":15},"end":{"line":39,"column":22}}]},"2":{"loc":{"start":{"line":46,"column":13},"end":{"line":46,"column":36}},"type":"cond-expr","locations":[{"start":{"line":46,"column":15},"end":{"line":46,"column":22}},{"start":{"line":46,"column":15},"end":{"line":46,"column":36}}]},"3":{"loc":{"start":{"line":46,"column":13},"end":{"line":46,"column":22}},"type":"binary-expr","locations":[{"start":{"line":46,"column":13},"end":{"line":46,"column":29}},{"start":{"line":46,"column":15},"end":{"line":46,"column":22}}]},"4":{"loc":{"start":{"line":53,"column":13},"end":{"line":53,"column":36}},"type":"cond-expr","locations":[{"start":{"line":53,"column":15},"end":{"line":53,"column":22}},{"start":{"line":53,"column":15},"end":{"line":53,"column":36}}]},"5":{"loc":{"start":{"line":53,"column":13},"end":{"line":53,"column":22}},"type":"binary-expr","locations":[{"start":{"line":53,"column":13},"end":{"line":53,"column":29}},{"start":{"line":53,"column":15},"end":{"line":53,"column":22}}]},"6":{"loc":{"start":{"line":71,"column":15},"end":{"line":71,"column":38}},"type":"cond-expr","locations":[{"start":{"line":71,"column":17},"end":{"line":71,"column":24}},{"start":{"line":71,"column":17},"end":{"line":71,"column":38}}]},"7":{"loc":{"start":{"line":71,"column":15},"end":{"line":71,"column":24}},"type":"binary-expr","locations":[{"start":{"line":71,"column":15},"end":{"line":71,"column":31}},{"start":{"line":71,"column":17},"end":{"line":71,"column":24}}]},"8":{"loc":{"start":{"line":78,"column":15},"end":{"line":78,"column":36}},"type":"cond-expr","locations":[{"start":{"line":78,"column":17},"end":{"line":78,"column":24}},{"start":{"line":78,"column":17},"end":{"line":78,"column":36}}]},"9":{"loc":{"start":{"line":78,"column":15},"end":{"line":78,"column":24}},"type":"binary-expr","locations":[{"start":{"line":78,"column":15},"end":{"line":78,"column":29}},{"start":{"line":78,"column":17},"end":{"line":78,"column":24}}]},"10":{"loc":{"start":{"line":87,"column":15},"end":{"line":87,"column":37}},"type":"cond-expr","locations":[{"start":{"line":87,"column":17},"end":{"line":87,"column":24}},{"start":{"line":87,"column":17},"end":{"line":87,"column":37}}]},"11":{"loc":{"start":{"line":87,"column":15},"end":{"line":87,"column":24}},"type":"binary-expr","locations":[{"start":{"line":87,"column":15},"end":{"line":87,"column":30}},{"start":{"line":87,"column":17},"end":{"line":87,"column":24}}]}},"s":{"0":1,"1":1,"2":1,"3":1,"4":1,"5":1,"6":1,"7":1,"8":1,"9":1,"10":1,"11":1,"12":1,"13":1,"14":1,"15":1,"16":1,"17":1,"18":1,"19":1,"20":1,"21":1,"22":1,"23":0,"24":0},"f":{"0":1,"1":1,"2":0},"b":{"0":[1,0],"1":[1,1],"2":[1,0],"3":[1,1],"4":[1,0],"5":[1,1],"6":[1,0],"7":[1,1],"8":[1,0],"9":[1,1],"10":[1,0],"11":[1,1]}}
,"C:\\VSCode Projects\\twitter-app\\src\\components\\SignUpPasswordForm\\index.tsx": {"path":"C:\\VSCode Projects\\twitter-app\\src\\components\\SignUpPasswordForm\\index.tsx","statementMap":{"0":{"start":{"line":16,"column":13},"end":{"line":16,"column":34}},"1":{"start":{"line":1,"column":39},"end":{"line":1,"column":null}},"2":{"start":{"line":3,"column":23},"end":{"line":3,"column":null}},"3":{"start":{"line":4,"column":47},"end":{"line":4,"column":null}},"4":{"start":{"line":5,"column":44},"end":{"line":5,"column":null}},"5":{"start":{"line":6,"column":31},"end":{"line":6,"column":null}},"6":{"start":{"line":7,"column":29},"end":{"line":7,"column":null}},"7":{"start":{"line":9,"column":32},"end":{"line":9,"column":null}},"8":{"start":{"line":11,"column":49},"end":{"line":11,"column":null}},"9":{"start":{"line":13,"column":62},"end":{"line":13,"column":null}},"10":{"start":{"line":14,"column":19},"end":{"line":14,"column":null}},"11":{"start":{"line":16,"column":34},"end":{"line":82,"column":null}},"12":{"start":{"line":17,"column":41},"end":{"line":17,"column":null}},"13":{"start":{"line":17,"column":41},"end":{"line":17,"column":59}},"14":{"start":{"line":17,"column":19},"end":{"line":17,"column":30}},"15":{"start":{"line":17,"column":30},"end":{"line":17,"column":41}},"16":{"start":{"line":18,"column":28},"end":{"line":null,"column":-1}},"17":{"start":{"line":19,"column":19},"end":{"line":19,"column":null}},"18":{"start":{"line":25,"column":6},"end":{"line":25,"column":null}},"19":{"start":{"line":25,"column":6},"end":{"line":21,"column":null}},"20":{"start":{"line":25,"column":6},"end":{"line":22,"column":null}},"21":{"start":{"line":25,"column":6},"end":{"line":23,"column":null}},"22":{"start":{"line":25,"column":6},"end":{"line":24,"column":null}},"23":{"start":{"line":27,"column":54},"end":{"line":41,"column":null}},"24":{"start":{"line":28,"column":34},"end":{"line":28,"column":22}},"25":{"start":{"line":28,"column":34},"end":{"line":null,"column":-1}},"26":{"start":{"line":30,"column":4},"end":{"line":33,"column":null}},"27":{"start":{"line":31,"column":6},"end":{"line":31,"column":null}},"28":{"start":{"line":32,"column":6},"end":{"line":32,"column":null}},"29":{"start":{"line":35,"column":4},"end":{"line":35,"column":null}},"30":{"start":{"line":35,"column":24},"end":{"line":35,"column":null}},"31":{"start":{"line":36,"column":47},"end":{"line":36,"column":17}},"32":{"start":{"line":36,"column":47},"end":{"line":36,"column":24}},"33":{"start":{"line":36,"column":47},"end":{"line":36,"column":33}},"34":{"start":{"line":37,"column":21},"end":{"line":37,"column":null}},"35":{"start":{"line":39,"column":4},"end":{"line":39,"column":null}},"36":{"start":{"line":40,"column":4},"end":{"line":40,"column":null}},"37":{"start":{"line":43,"column":27},"end":{"line":43,"column":null}}},"fnMap":{"0":{"name":"(anonymous_16)","decl":{"start":{"line":16,"column":34},"end":{"line":16,"column":null}},"loc":{"start":{"line":16,"column":34},"end":{"line":82,"column":null}}},"1":{"name":"(anonymous_17)","decl":{"start":{"line":27,"column":54},"end":{"line":27,"column":55}},"loc":{"start":{"line":27,"column":55},"end":{"line":41,"column":null}}}},"branchMap":{"0":{"loc":{"start":{"line":30,"column":4},"end":{"line":33,"column":null}},"type":"if","locations":[{"start":{"line":30,"column":4},"end":{"line":33,"column":null}}]},"1":{"loc":{"start":{"line":35,"column":4},"end":{"line":35,"column":null}},"type":"if","locations":[{"start":{"line":35,"column":4},"end":{"line":35,"column":null}}]},"2":{"loc":{"start":{"line":54,"column":13},"end":{"line":54,"column":39}},"type":"cond-expr","locations":[{"start":{"line":54,"column":15},"end":{"line":54,"column":22}},{"start":{"line":54,"column":15},"end":{"line":54,"column":39}}]},"3":{"loc":{"start":{"line":54,"column":13},"end":{"line":54,"column":22}},"type":"binary-expr","locations":[{"start":{"line":54,"column":13},"end":{"line":54,"column":32}},{"start":{"line":54,"column":15},"end":{"line":54,"column":22}}]},"4":{"loc":{"start":{"line":62,"column":13},"end":{"line":62,"column":38}},"type":"cond-expr","locations":[{"start":{"line":62,"column":15},"end":{"line":62,"column":22}},{"start":{"line":62,"column":15},"end":{"line":62,"column":38}}]},"5":{"loc":{"start":{"line":62,"column":13},"end":{"line":62,"column":22}},"type":"binary-expr","locations":[{"start":{"line":62,"column":13},"end":{"line":62,"column":31}},{"start":{"line":62,"column":15},"end":{"line":62,"column":22}}]},"6":{"loc":{"start":{"line":66,"column":7},"end":{"line":66,"column":null}},"type":"binary-expr","locations":[{"start":{"line":66,"column":7},"end":{"line":66,"column":null}}]}},"s":{"0":1,"1":1,"2":1,"3":1,"4":1,"5":1,"6":1,"7":1,"8":1,"9":1,"10":1,"11":1,"12":1,"13":2,"14":1,"15":1,"16":1,"17":1,"18":1,"19":1,"20":1,"21":1,"22":1,"23":1,"24":0,"25":0,"26":0,"27":0,"28":0,"29":0,"30":0,"31":0,"32":0,"33":0,"34":0,"35":0,"36":0,"37":0},"f":{"0":1,"1":0},"b":{"0":[0],"1":[0],"2":[1,0],"3":[1,1],"4":[1,0],"5":[1,1],"6":[1]}}
,"C:\\VSCode Projects\\twitter-app\\src\\components\\TweetItem\\index.tsx": {"path":"C:\\VSCode Projects\\twitter-app\\src\\components\\TweetItem\\index.tsx","statementMap":{"0":{"start":{"line":18,"column":13},"end":{"line":18,"column":25}},"1":{"start":{"line":1,"column":40},"end":{"line":1,"column":null}},"2":{"start":{"line":3,"column":26},"end":{"line":3,"column":null}},"3":{"start":{"line":4,"column":44},"end":{"line":4,"column":null}},"4":{"start":{"line":9,"column":7},"end":{"line":9,"column":null}},"5":{"start":{"line":10,"column":29},"end":{"line":10,"column":null}},"6":{"start":{"line":11,"column":29},"end":{"line":11,"column":null}},"7":{"start":{"line":13,"column":67},"end":{"line":13,"column":null}},"8":{"start":{"line":14,"column":19},"end":{"line":14,"column":null}},"9":{"start":{"line":15,"column":29},"end":{"line":15,"column":null}},"10":{"start":{"line":18,"column":25},"end":{"line":72,"column":null}},"11":{"start":{"line":18,"column":33},"end":{"line":18,"column":null}},"12":{"start":{"line":19,"column":63},"end":{"line":19,"column":10}},"13":{"start":{"line":19,"column":63},"end":{"line":19,"column":32}},"14":{"start":{"line":19,"column":63},"end":{"line":19,"column":40}},"15":{"start":{"line":19,"column":63},"end":{"line":19,"column":46}},"16":{"start":{"line":19,"column":63},"end":{"line":19,"column":53}},"17":{"start":{"line":19,"column":63},"end":{"line":null,"column":-1}},"18":{"start":{"line":20,"column":40},"end":{"line":20,"column":10}},"19":{"start":{"line":20,"column":40},"end":{"line":20,"column":30}},"20":{"start":{"line":20,"column":40},"end":{"line":null,"column":-1}},"21":{"start":{"line":22,"column":19},"end":{"line":22,"column":null}},"22":{"start":{"line":23,"column":27},"end":{"line":23,"column":null}},"23":{"start":{"line":23,"column":27},"end":{"line":23,"column":10}},"24":{"start":{"line":24,"column":20},"end":{"line":24,"column":null}},"25":{"start":{"line":24,"column":20},"end":{"line":24,"column":45}},"26":{"start":{"line":25,"column":23},"end":{"line":25,"column":null}},"27":{"start":{"line":25,"column":23},"end":{"line":25,"column":51}},"28":{"start":{"line":26,"column":26},"end":{"line":26,"column":null}},"29":{"start":{"line":26,"column":26},"end":{"line":26,"column":10}},"30":{"start":{"line":27,"column":38},"end":{"line":27,"column":null}},"31":{"start":{"line":27,"column":38},"end":{"line":27,"column":46}},"32":{"start":{"line":28,"column":42},"end":{"line":29,"column":null}},"33":{"start":{"line":28,"column":42},"end":{"line":28,"column":50}},"34":{"start":{"line":31,"column":20},"end":{"line":31,"column":null}},"35":{"start":{"line":31,"column":34},"end":{"line":31,"column":54}},"36":{"start":{"line":32,"column":23},"end":{"line":32,"column":null}},"37":{"start":{"line":34,"column":26},"end":{"line":46,"column":null}},"38":{"start":{"line":35,"column":4},"end":{"line":35,"column":null}},"39":{"start":{"line":35,"column":16},"end":{"line":35,"column":null}},"40":{"start":{"line":37,"column":30},"end":{"line":37,"column":null}},"41":{"start":{"line":39,"column":4},"end":{"line":39,"column":null}},"42":{"start":{"line":40,"column":4},"end":{"line":40,"column":null}},"43":{"start":{"line":42,"column":4},"end":{"line":45,"column":null}},"44":{"start":{"line":43,"column":6},"end":{"line":44,"column":null}},"45":{"start":{"line":43,"column":29},"end":{"line":43,"column":null}},"46":{"start":{"line":44,"column":11},"end":{"line":44,"column":null}}},"fnMap":{"0":{"name":"(anonymous_10)","decl":{"start":{"line":18,"column":30},"end":{"line":18,"column":33}},"loc":{"start":{"line":18,"column":30},"end":{"line":72,"column":null}}},"1":{"name":"(anonymous_11)","decl":{"start":{"line":31,"column":28},"end":{"line":31,"column":34}},"loc":{"start":{"line":31,"column":28},"end":{"line":31,"column":55}}},"2":{"name":"(anonymous_12)","decl":{"start":{"line":34,"column":26},"end":{"line":34,"column":null}},"loc":{"start":{"line":34,"column":26},"end":{"line":46,"column":null}}},"3":{"name":"(anonymous_13)","decl":{"start":{"line":42,"column":13},"end":{"line":42,"column":null}},"loc":{"start":{"line":42,"column":13},"end":{"line":45,"column":null}}}},"branchMap":{"0":{"loc":{"start":{"line":27,"column":55},"end":{"line":27,"column":89}},"type":"cond-expr","locations":[{"start":{"line":27,"column":55},"end":{"line":27,"column":61}},{"start":{"line":27,"column":70},"end":{"line":27,"column":89}}]},"1":{"loc":{"start":{"line":27,"column":55},"end":{"line":27,"column":61}},"type":"binary-expr","locations":[{"start":{"line":27,"column":55},"end":{"line":27,"column":70}},{"start":{"line":27,"column":55},"end":{"line":27,"column":61}}]},"2":{"loc":{"start":{"line":29,"column":4},"end":{"line":29,"column":null}},"type":"binary-expr","locations":[{"start":{"line":29,"column":4},"end":{"line":29,"column":15}},{"start":{"line":29,"column":15},"end":{"line":29,"column":null}}]},"3":{"loc":{"start":{"line":32,"column":23},"end":{"line":32,"column":32}},"type":"cond-expr","locations":[{"start":{"line":32,"column":23},"end":{"line":32,"column":30}},{"start":{"line":32,"column":23},"end":{"line":32,"column":32}}]},"4":{"loc":{"start":{"line":32,"column":23},"end":{"line":32,"column":30}},"type":"binary-expr","locations":[{"start":{"line":32,"column":23},"end":{"line":32,"column":30}},{"start":{"line":32,"column":23},"end":{"line":32,"column":30}}]},"5":{"loc":{"start":{"line":35,"column":4},"end":{"line":35,"column":null}},"type":"if","locations":[{"start":{"line":35,"column":4},"end":{"line":35,"column":null}}]},"6":{"loc":{"start":{"line":40,"column":18},"end":{"line":40,"column":null}},"type":"cond-expr","locations":[{"start":{"line":40,"column":38},"end":{"line":40,"column":55}},{"start":{"line":40,"column":55},"end":{"line":40,"column":null}}]},"7":{"loc":{"start":{"line":43,"column":6},"end":{"line":44,"column":null}},"type":"if","locations":[{"start":{"line":43,"column":6},"end":{"line":44,"column":null}},{"start":{"line":44,"column":11},"end":{"line":44,"column":null}}]},"8":{"loc":{"start":{"line":59,"column":9},"end":{"line":59,"column":20}},"type":"binary-expr","locations":[{"start":{"line":59,"column":9},"end":{"line":59,"column":20}}]},"9":{"loc":{"start":{"line":61,"column":9},"end":{"line":61,"column":18}},"type":"binary-expr","locations":[{"start":{"line":61,"column":9},"end":{"line":61,"column":18}}]},"10":{"loc":{"start":{"line":64,"column":11},"end":{"line":64,"column":null}},"type":"cond-expr","locations":[{"start":{"line":64,"column":26},"end":{"line":64,"column":45}},{"start":{"line":64,"column":45},"end":{"line":64,"column":null}}]}},"s":{"0":1,"1":2,"2":2,"3":2,"4":2,"5":2,"6":2,"7":2,"8":2,"9":2,"10":2,"11":2,"12":2,"13":2,"14":2,"15":2,"16":2,"17":2,"18":2,"19":2,"20":2,"21":2,"22":2,"23":2,"24":2,"25":2,"26":2,"27":2,"28":2,"29":2,"30":2,"31":4,"32":2,"33":4,"34":2,"35":1,"36":2,"37":2,"38":0,"39":0,"40":0,"41":0,"42":0,"43":0,"44":0,"45":0,"46":0},"f":{"0":2,"1":1,"2":0,"3":0},"b":{"0":[2,0],"1":[2,2],"2":[2,0],"3":[2,0],"4":[2,0],"5":[0],"6":[0,0],"7":[0,0],"8":[2],"9":[2],"10":[0,2]}}
,"C:\\VSCode Projects\\twitter-app\\src\\components\\TweetItem\\TweetOptions\\index.tsx": {"path":"C:\\VSCode Projects\\twitter-app\\src\\components\\TweetItem\\TweetOptions\\index.tsx","statementMap":{"0":{"start":{"line":9,"column":13},"end":{"line":9,"column":28}},"1":{"start":{"line":1,"column":31},"end":{"line":1,"column":null}},"2":{"start":{"line":3,"column":39},"end":{"line":3,"column":null}},"3":{"start":{"line":5,"column":67},"end":{"line":5,"column":null}},"4":{"start":{"line":6,"column":19},"end":{"line":6,"column":null}},"5":{"start":{"line":9,"column":28},"end":{"line":35,"column":null}},"6":{"start":{"line":9,"column":36},"end":{"line":9,"column":45}},"7":{"start":{"line":9,"column":45},"end":{"line":9,"column":null}},"8":{"start":{"line":10,"column":39},"end":{"line":10,"column":null}},"9":{"start":{"line":10,"column":39},"end":{"line":10,"column":61}},"10":{"start":{"line":10,"column":39},"end":{"line":null,"column":-1}},"11":{"start":{"line":11,"column":40},"end":{"line":11,"column":null}},"12":{"start":{"line":11,"column":40},"end":{"line":11,"column":48}},"13":{"start":{"line":13,"column":64},"end":{"line":13,"column":null}},"14":{"start":{"line":15,"column":29},"end":{"line":15,"column":null}}},"fnMap":{"0":{"name":"(anonymous_10)","decl":{"start":{"line":9,"column":33},"end":{"line":9,"column":36}},"loc":{"start":{"line":9,"column":33},"end":{"line":35,"column":null}}}},"branchMap":{},"s":{"0":2,"1":2,"2":2,"3":2,"4":2,"5":2,"6":1,"7":1,"8":1,"9":1,"10":1,"11":1,"12":2,"13":0,"14":0},"f":{"0":1},"b":{}}
,"C:\\VSCode Projects\\twitter-app\\src\\components\\TweetList\\index.tsx": {"path":"C:\\VSCode Projects\\twitter-app\\src\\components\\TweetList\\index.tsx","statementMap":{"0":{"start":{"line":6,"column":13},"end":{"line":6,"column":25}},"1":{"start":{"line":1,"column":26},"end":{"line":1,"column":null}},"2":{"start":{"line":3,"column":19},"end":{"line":3,"column":null}},"3":{"start":{"line":6,"column":25},"end":{"line":23,"column":null}},"4":{"start":{"line":7,"column":32},"end":{"line":7,"column":18}},"5":{"start":{"line":7,"column":32},"end":{"line":null,"column":-1}},"6":{"start":{"line":8,"column":27},"end":{"line":8,"column":65}},"7":{"start":{"line":19,"column":41},"end":{"line":19,"column":67}}},"fnMap":{"0":{"name":"(anonymous_4)","decl":{"start":{"line":6,"column":25},"end":{"line":6,"column":26}},"loc":{"start":{"line":6,"column":26},"end":{"line":23,"column":null}}}},"branchMap":{"0":{"loc":{"start":{"line":8,"column":27},"end":{"line":8,"column":65}},"type":"binary-expr","locations":[{"start":{"line":8,"column":27},"end":{"line":8,"column":41}},{"start":{"line":8,"column":41},"end":{"line":8,"column":51}},{"start":{"line":8,"column":51},"end":{"line":8,"column":65}}]},"1":{"loc":{"start":{"line":14,"column":7},"end":{"line":14,"column":null}},"type":"binary-expr","locations":[{"start":{"line":14,"column":7},"end":{"line":14,"column":20}},{"start":{"line":14,"column":20},"end":{"line":14,"column":null}}]},"2":{"loc":{"start":{"line":16,"column":7},"end":{"line":16,"column":27}},"type":"binary-expr","locations":[{"start":{"line":16,"column":7},"end":{"line":16,"column":27}}]},"3":{"loc":{"start":{"line":19,"column":9},"end":{"line":19,"column":19}},"type":"binary-expr","locations":[{"start":{"line":19,"column":9},"end":{"line":19,"column":19}}]}},"s":{"0":1,"1":1,"2":1,"3":1,"4":1,"5":1,"6":1,"7":0},"f":{"0":1},"b":{"0":[1,1,1],"1":[1,0],"2":[1],"3":[1]}}
,"C:\\VSCode Projects\\twitter-app\\src\\components\\UI\\AppLoader\\index.tsx": {"path":"C:\\VSCode Projects\\twitter-app\\src\\components\\UI\\AppLoader\\index.tsx","statementMap":{"0":{"start":{"line":9,"column":13},"end":{"line":9,"column":25}},"1":{"start":{"line":7,"column":7},"end":{"line":7,"column":null}}},"fnMap":{},"branchMap":{},"s":{"0":0,"1":12},"f":{},"b":{}}
,"C:\\VSCode Projects\\twitter-app\\src\\components\\UI\\ButtonWithSpinner\\index.tsx": {"path":"C:\\VSCode Projects\\twitter-app\\src\\components\\UI\\ButtonWithSpinner\\index.tsx","statementMap":{"0":{"start":{"line":6,"column":13},"end":{"line":6,"column":33}},"1":{"start":{"line":1,"column":23},"end":{"line":1,"column":null}},"2":{"start":{"line":3,"column":46},"end":{"line":3,"column":null}},"3":{"start":{"line":6,"column":33},"end":{"line":16,"column":null}},"4":{"start":{"line":7,"column":66},"end":{"line":7,"column":20}},"5":{"start":{"line":7,"column":66},"end":{"line":7,"column":31}},"6":{"start":{"line":7,"column":66},"end":{"line":7,"column":41}},"7":{"start":{"line":7,"column":66},"end":{"line":7,"column":51}}},"fnMap":{"0":{"name":"(anonymous_11)","decl":{"start":{"line":6,"column":33},"end":{"line":6,"column":34}},"loc":{"start":{"line":6,"column":34},"end":{"line":16,"column":null}}}},"branchMap":{"0":{"loc":{"start":{"line":10,"column":36},"end":{"line":10,"column":63}},"type":"binary-expr","locations":[{"start":{"line":10,"column":36},"end":{"line":10,"column":49}},{"start":{"line":10,"column":49},"end":{"line":10,"column":63}}]}},"s":{"0":6,"1":12,"2":12,"3":12,"4":7,"5":7,"6":7,"7":7},"f":{"0":7},"b":{"0":[7,7]}}
,"C:\\VSCode Projects\\twitter-app\\src\\components\\UI\\ElasticSearch\\index.tsx": {"path":"C:\\VSCode Projects\\twitter-app\\src\\components\\UI\\ElasticSearch\\index.tsx","statementMap":{"0":{"start":{"line":12,"column":13},"end":{"line":12,"column":29}},"1":{"start":{"line":1,"column":65},"end":{"line":1,"column":null}},"2":{"start":{"line":8,"column":7},"end":{"line":8,"column":null}},"3":{"start":{"line":9,"column":19},"end":{"line":9,"column":null}},"4":{"start":{"line":12,"column":29},"end":{"line":78,"column":null}},"5":{"start":{"line":21,"column":6},"end":{"line":14,"column":null}},"6":{"start":{"line":21,"column":6},"end":{"line":15,"column":null}},"7":{"start":{"line":21,"column":6},"end":{"line":16,"column":null}},"8":{"start":{"line":21,"column":6},"end":{"line":17,"column":null}},"9":{"start":{"line":21,"column":6},"end":{"line":18,"column":null}},"10":{"start":{"line":21,"column":6},"end":{"line":19,"column":4}},"11":{"start":{"line":23,"column":28},"end":{"line":23,"column":null}},"12":{"start":{"line":23,"column":28},"end":{"line":23,"column":36}},"13":{"start":{"line":24,"column":27},"end":{"line":24,"column":null}},"14":{"start":{"line":25,"column":26},"end":{"line":25,"column":40}},"15":{"start":{"line":26,"column":22},"end":{"line":26,"column":null}},"16":{"start":{"line":28,"column":41},"end":{"line":28,"column":null}},"17":{"start":{"line":30,"column":19},"end":{"line":35,"column":null}},"18":{"start":{"line":31,"column":21},"end":{"line":31,"column":39}},"19":{"start":{"line":33,"column":4},"end":{"line":33,"column":null}},"20":{"start":{"line":34,"column":4},"end":{"line":34,"column":null}},"21":{"start":{"line":34,"column":23},"end":{"line":34,"column":null}},"22":{"start":{"line":37,"column":18},"end":{"line":40,"column":null}},"23":{"start":{"line":38,"column":4},"end":{"line":38,"column":null}},"24":{"start":{"line":39,"column":4},"end":{"line":39,"column":null}},"25":{"start":{"line":39,"column":23},"end":{"line":39,"column":null}}},"fnMap":{"0":{"name":"(anonymous_20)","decl":{"start":{"line":12,"column":34},"end":{"line":12,"column":35}},"loc":{"start":{"line":12,"column":35},"end":{"line":78,"column":null}}},"1":{"name":"(anonymous_22)","decl":{"start":{"line":30,"column":19},"end":{"line":30,"column":20}},"loc":{"start":{"line":30,"column":20},"end":{"line":35,"column":null}}},"2":{"name":"(anonymous_23)","decl":{"start":{"line":37,"column":18},"end":{"line":37,"column":null}},"loc":{"start":{"line":37,"column":18},"end":{"line":40,"column":null}}}},"branchMap":{"0":{"loc":{"start":{"line":24,"column":27},"end":{"line":24,"column":null}},"type":"binary-expr","locations":[{"start":{"line":24,"column":27},"end":{"line":24,"column":41}},{"start":{"line":24,"column":41},"end":{"line":24,"column":null}}]},"1":{"loc":{"start":{"line":26,"column":22},"end":{"line":26,"column":null}},"type":"binary-expr","locations":[{"start":{"line":26,"column":22},"end":{"line":26,"column":35}},{"start":{"line":26,"column":35},"end":{"line":26,"column":46}},{"start":{"line":26,"column":46},"end":{"line":26,"column":null}}]},"2":{"loc":{"start":{"line":34,"column":4},"end":{"line":34,"column":null}},"type":"if","locations":[{"start":{"line":34,"column":4},"end":{"line":34,"column":null}}]},"3":{"loc":{"start":{"line":39,"column":4},"end":{"line":39,"column":null}},"type":"if","locations":[{"start":{"line":39,"column":4},"end":{"line":39,"column":null}}]},"4":{"loc":{"start":{"line":51,"column":23},"end":{"line":51,"column":57}},"type":"cond-expr","locations":[{"start":{"line":51,"column":23},"end":{"line":51,"column":38}},{"start":{"line":51,"column":38},"end":{"line":51,"column":57}}]},"5":{"loc":{"start":{"line":51,"column":23},"end":{"line":51,"column":38}},"type":"binary-expr","locations":[{"start":{"line":51,"column":23},"end":{"line":51,"column":38}},{"start":{"line":51,"column":23},"end":{"line":51,"column":38}}]},"6":{"loc":{"start":{"line":54,"column":9},"end":{"line":54,"column":null}},"type":"binary-expr","locations":[{"start":{"line":54,"column":9},"end":{"line":54,"column":null}}]},"7":{"loc":{"start":{"line":61,"column":7},"end":{"line":61,"column":null}},"type":"binary-expr","locations":[{"start":{"line":61,"column":7},"end":{"line":61,"column":null}}]},"8":{"loc":{"start":{"line":63,"column":11},"end":{"line":68,"column":null}},"type":"cond-expr","locations":[{"start":{"line":64,"column":12},"end":{"line":68,"column":null}},{"start":{"line":68,"column":12},"end":{"line":68,"column":null}}]},"9":{"loc":{"start":{"line":71,"column":11},"end":{"line":71,"column":null}},"type":"binary-expr","locations":[{"start":{"line":71,"column":11},"end":{"line":71,"column":null}}]},"10":{"loc":{"start":{"line":72,"column":36},"end":{"line":72,"column":73}},"type":"cond-expr","locations":[{"start":{"line":72,"column":36},"end":{"line":72,"column":52}},{"start":{"line":72,"column":52},"end":{"line":72,"column":73}}]},"11":{"loc":{"start":{"line":72,"column":36},"end":{"line":72,"column":52}},"type":"binary-expr","locations":[{"start":{"line":72,"column":36},"end":{"line":72,"column":52}},{"start":{"line":72,"column":36},"end":{"line":72,"column":52}}]}},"s":{"0":2,"1":12,"2":12,"3":12,"4":12,"5":2,"6":2,"7":2,"8":2,"9":2,"10":2,"11":2,"12":4,"13":2,"14":2,"15":2,"16":0,"17":2,"18":0,"19":0,"20":0,"21":0,"22":2,"23":0,"24":0,"25":0},"f":{"0":2,"1":0,"2":0},"b":{"0":[2,2],"1":[2,2,2],"2":[0],"3":[0],"4":[2,0],"5":[2,2],"6":[2],"7":[2],"8":[0,0],"9":[0],"10":[0,0],"11":[0,0]}}
,"C:\\VSCode Projects\\twitter-app\\src\\components\\UI\\FileInput\\index.tsx": {"path":"C:\\VSCode Projects\\twitter-app\\src\\components\\UI\\FileInput\\index.tsx","statementMap":{"0":{"start":{"line":10,"column":13},"end":{"line":10,"column":25}},"1":{"start":{"line":1,"column":21},"end":{"line":1,"column":null}},"2":{"start":{"line":3,"column":22},"end":{"line":3,"column":null}},"3":{"start":{"line":5,"column":45},"end":{"line":5,"column":null}},"4":{"start":{"line":8,"column":22},"end":{"line":null,"column":-1}},"5":{"start":{"line":10,"column":33},"end":{"line":10,"column":44}},"6":{"start":{"line":10,"column":44},"end":{"line":10,"column":57}}},"fnMap":{},"branchMap":{},"s":{"0":3,"1":12,"2":12,"3":12,"4":12,"5":4,"6":4},"f":{},"b":{}}
,"C:\\VSCode Projects\\twitter-app\\src\\components\\UI\\Input\\index.tsx": {"path":"C:\\VSCode Projects\\twitter-app\\src\\components\\UI\\Input\\index.tsx","statementMap":{"0":{"start":{"line":14,"column":13},"end":{"line":14,"column":21}},"1":{"start":{"line":1,"column":38},"end":{"line":1,"column":null}},"2":{"start":{"line":3,"column":29},"end":{"line":3,"column":null}},"3":{"start":{"line":10,"column":7},"end":{"line":10,"column":null}},"4":{"start":{"line":11,"column":82},"end":{"line":11,"column":null}},"5":{"start":{"line":14,"column":21},"end":{"line":52,"column":null}},"6":{"start":{"line":15,"column":92},"end":{"line":15,"column":17}},"7":{"start":{"line":15,"column":92},"end":{"line":15,"column":24}},"8":{"start":{"line":15,"column":17},"end":{"line":15,"column":44}},"9":{"start":{"line":15,"column":92},"end":{"line":15,"column":57}},"10":{"start":{"line":15,"column":92},"end":{"line":15,"column":64}},"11":{"start":{"line":15,"column":92},"end":{"line":15,"column":77}},"12":{"start":{"line":17,"column":42},"end":{"line":17,"column":null}},"13":{"start":{"line":17,"column":42},"end":{"line":17,"column":50}},"14":{"start":{"line":18,"column":13},"end":{"line":18,"column":null}},"15":{"start":{"line":19,"column":26},"end":{"line":19,"column":null}},"16":{"start":{"line":21,"column":41},"end":{"line":21,"column":null}}},"fnMap":{"0":{"name":"(anonymous_13)","decl":{"start":{"line":14,"column":26},"end":{"line":14,"column":27}},"loc":{"start":{"line":14,"column":27},"end":{"line":52,"column":null}}}},"branchMap":{"0":{"loc":{"start":{"line":15,"column":17},"end":{"line":15,"column":44}},"type":"cond-expr","locations":[{"start":{"line":15,"column":24},"end":{"line":15,"column":42}},{"start":{"line":15,"column":42},"end":{"line":15,"column":44}}]},"1":{"loc":{"start":{"line":25,"column":7},"end":{"line":25,"column":18}},"type":"binary-expr","locations":[{"start":{"line":25,"column":7},"end":{"line":25,"column":18}}]},"2":{"loc":{"start":{"line":31,"column":16},"end":{"line":31,"column":null}},"type":"cond-expr","locations":[{"start":{"line":31,"column":50},"end":{"line":31,"column":59}},{"start":{"line":31,"column":59},"end":{"line":31,"column":null}}]},"3":{"loc":{"start":{"line":31,"column":16},"end":{"line":31,"column":50}},"type":"binary-expr","locations":[{"start":{"line":31,"column":16},"end":{"line":31,"column":35}},{"start":{"line":31,"column":35},"end":{"line":31,"column":50}}]},"4":{"loc":{"start":{"line":38,"column":9},"end":{"line":38,"column":null}},"type":"binary-expr","locations":[{"start":{"line":38,"column":9},"end":{"line":38,"column":null}}]},"5":{"loc":{"start":{"line":44,"column":13},"end":{"line":44,"column":null}},"type":"cond-expr","locations":[{"start":{"line":44,"column":28},"end":{"line":44,"column":46}},{"start":{"line":44,"column":46},"end":{"line":44,"column":null}}]},"6":{"loc":{"start":{"line":49,"column":7},"end":{"line":49,"column":16}},"type":"binary-expr","locations":[{"start":{"line":49,"column":7},"end":{"line":49,"column":16}}]}},"s":{"0":13,"1":12,"2":12,"3":12,"4":12,"5":12,"6":13,"7":13,"8":13,"9":13,"10":13,"11":13,"12":13,"13":26,"14":13,"15":13,"16":0},"f":{"0":13},"b":{"0":[8,5],"1":[13],"2":[0,13],"3":[13,5],"4":[13],"5":[0,5],"6":[13]}}
,"C:\\VSCode Projects\\twitter-app\\src\\components\\UI\\Modal\\index.tsx": {"path":"C:\\VSCode Projects\\twitter-app\\src\\components\\UI\\Modal\\index.tsx","statementMap":{"0":{"start":{"line":11,"column":13},"end":{"line":11,"column":21}},"1":{"start":{"line":2,"column":29},"end":{"line":2,"column":null}},"2":{"start":{"line":4,"column":22},"end":{"line":4,"column":null}},"3":{"start":{"line":6,"column":63},"end":{"line":6,"column":null}},"4":{"start":{"line":9,"column":22},"end":{"line":null,"column":-1}},"5":{"start":{"line":11,"column":21},"end":{"line":30,"column":null}},"6":{"start":{"line":11,"column":24},"end":{"line":11,"column":35}},"7":{"start":{"line":11,"column":35},"end":{"line":11,"column":45}},"8":{"start":{"line":11,"column":45},"end":{"line":11,"column":55}},"9":{"start":{"line":11,"column":55},"end":{"line":11,"column":null}},"10":{"start":{"line":12,"column":52},"end":{"line":12,"column":null}},"11":{"start":{"line":14,"column":2},"end":{"line":16,"column":null}},"12":{"start":{"line":15,"column":4},"end":{"line":15,"column":null}},"13":{"start":{"line":18,"column":2},"end":{"line":28,"column":null}}},"fnMap":{"0":{"name":"(anonymous_1)","decl":{"start":{"line":11,"column":21},"end":{"line":11,"column":24}},"loc":{"start":{"line":11,"column":21},"end":{"line":30,"column":null}}}},"branchMap":{"0":{"loc":{"start":{"line":14,"column":2},"end":{"line":16,"column":null}},"type":"if","locations":[{"start":{"line":14,"column":2},"end":{"line":16,"column":null}}]}},"s":{"0":1,"1":12,"2":12,"3":12,"4":12,"5":12,"6":1,"7":1,"8":1,"9":1,"10":0,"11":1,"12":1,"13":0},"f":{"0":1},"b":{"0":[1]}}
,"C:\\VSCode Projects\\twitter-app\\src\\components\\UI\\Select\\index.tsx": {"path":"C:\\VSCode Projects\\twitter-app\\src\\components\\UI\\Select\\index.tsx","statementMap":{"0":{"start":{"line":8,"column":13},"end":{"line":8,"column":22}},"1":{"start":{"line":1,"column":28},"end":{"line":1,"column":null}},"2":{"start":{"line":3,"column":29},"end":{"line":3,"column":null}},"3":{"start":{"line":5,"column":63},"end":{"line":5,"column":null}},"4":{"start":{"line":8,"column":22},"end":{"line":44,"column":null}},"5":{"start":{"line":9,"column":59},"end":{"line":9,"column":17}},"6":{"start":{"line":9,"column":59},"end":{"line":9,"column":26}},"7":{"start":{"line":9,"column":59},"end":{"line":9,"column":39}},"8":{"start":{"line":9,"column":59},"end":{"line":9,"column":49}},"9":{"start":{"line":9,"column":59},"end":{"line":null,"column":-1}},"10":{"start":{"line":11,"column":13},"end":{"line":11,"column":null}},"11":{"start":{"line":32,"column":12},"end":{"line":32,"column":31}}},"fnMap":{"0":{"name":"(anonymous_9)","decl":{"start":{"line":8,"column":27},"end":{"line":8,"column":28}},"loc":{"start":{"line":8,"column":28},"end":{"line":44,"column":null}}}},"branchMap":{"0":{"loc":{"start":{"line":16,"column":9},"end":{"line":16,"column":18}},"type":"binary-expr","locations":[{"start":{"line":16,"column":9},"end":{"line":16,"column":18}}]},"1":{"loc":{"start":{"line":25,"column":11},"end":{"line":25,"column":null}},"type":"binary-expr","locations":[{"start":{"line":25,"column":11},"end":{"line":25,"column":null}}]},"2":{"loc":{"start":{"line":41,"column":7},"end":{"line":41,"column":16}},"type":"binary-expr","locations":[{"start":{"line":41,"column":7},"end":{"line":41,"column":16}}]}},"s":{"0":9,"1":12,"2":12,"3":12,"4":12,"5":9,"6":9,"7":9,"8":9,"9":9,"10":9,"11":294},"f":{"0":9},"b":{"0":[9],"1":[9],"2":[9]}}
,"C:\\VSCode Projects\\twitter-app\\src\\components\\UI\\Spinner\\index.tsx": {"path":"C:\\VSCode Projects\\twitter-app\\src\\components\\UI\\Spinner\\index.tsx","statementMap":{"0":{"start":{"line":5,"column":13},"end":{"line":5,"column":23}},"1":{"start":{"line":1,"column":79},"end":{"line":1,"column":null}},"2":{"start":{"line":2,"column":31},"end":{"line":2,"column":null}},"3":{"start":{"line":5,"column":23},"end":{"line":17,"column":null}},"4":{"start":{"line":6,"column":66},"end":{"line":6,"column":21}},"5":{"start":{"line":6,"column":66},"end":{"line":6,"column":28}},"6":{"start":{"line":6,"column":66},"end":{"line":6,"column":36}},"7":{"start":{"line":6,"column":66},"end":{"line":6,"column":43}},"8":{"start":{"line":6,"column":36},"end":{"line":6,"column":66}},"9":{"start":{"line":8,"column":2},"end":{"line":10,"column":null}},"10":{"start":{"line":9,"column":4},"end":{"line":9,"column":null}}},"fnMap":{"0":{"name":"(anonymous_1)","decl":{"start":{"line":5,"column":23},"end":{"line":5,"column":24}},"loc":{"start":{"line":5,"column":24},"end":{"line":17,"column":null}}}},"branchMap":{"0":{"loc":{"start":{"line":6,"column":36},"end":{"line":6,"column":66}},"type":"cond-expr","locations":[{"start":{"line":6,"column":43},"end":{"line":6,"column":61}},{"start":{"line":6,"column":61},"end":{"line":6,"column":66}}]},"1":{"loc":{"start":{"line":8,"column":2},"end":{"line":10,"column":null}},"type":"if","locations":[{"start":{"line":8,"column":2},"end":{"line":10,"column":null}}]},"2":{"loc":{"start":{"line":14,"column":26},"end":{"line":14,"column":48}},"type":"cond-expr","locations":[{"start":{"line":14,"column":26},"end":{"line":14,"column":35}},{"start":{"line":14,"column":35},"end":{"line":14,"column":48}}]},"3":{"loc":{"start":{"line":14,"column":26},"end":{"line":14,"column":35}},"type":"binary-expr","locations":[{"start":{"line":14,"column":26},"end":{"line":14,"column":35}},{"start":{"line":14,"column":26},"end":{"line":14,"column":35}}]},"4":{"loc":{"start":{"line":14,"column":58},"end":{"line":14,"column":82}},"type":"cond-expr","locations":[{"start":{"line":14,"column":58},"end":{"line":14,"column":68}},{"start":{"line":14,"column":68},"end":{"line":14,"column":82}}]},"5":{"loc":{"start":{"line":14,"column":58},"end":{"line":14,"column":68}},"type":"binary-expr","locations":[{"start":{"line":14,"column":58},"end":{"line":14,"column":68}},{"start":{"line":14,"column":58},"end":{"line":14,"column":68}}]}},"s":{"0":14,"1":12,"2":12,"3":12,"4":9,"5":9,"6":9,"7":9,"8":9,"9":9,"10":7},"f":{"0":9},"b":{"0":[2,7],"1":[7],"2":[0,2],"3":[2,2],"4":[0,2],"5":[2,2]}}
,"C:\\VSCode Projects\\twitter-app\\src\\components\\UI\\Switch\\index.tsx": {"path":"C:\\VSCode Projects\\twitter-app\\src\\components\\UI\\Switch\\index.tsx","statementMap":{"0":{"start":{"line":6,"column":13},"end":{"line":6,"column":22}},"1":{"start":{"line":1,"column":28},"end":{"line":1,"column":null}},"2":{"start":{"line":3,"column":51},"end":{"line":3,"column":null}},"3":{"start":{"line":6,"column":22},"end":{"line":18,"column":null}},"4":{"start":{"line":6,"column":30},"end":{"line":6,"column":41}},"5":{"start":{"line":6,"column":41},"end":{"line":6,"column":54}},"6":{"start":{"line":7,"column":13},"end":{"line":7,"column":null}}},"fnMap":{"0":{"name":"(anonymous_11)","decl":{"start":{"line":6,"column":27},"end":{"line":6,"column":30}},"loc":{"start":{"line":6,"column":27},"end":{"line":18,"column":null}}}},"branchMap":{},"s":{"0":0,"1":12,"2":12,"3":12,"4":0,"5":0,"6":0},"f":{"0":0},"b":{}}
,"C:\\VSCode Projects\\twitter-app\\src\\components\\UI\\Textaria\\index.tsx": {"path":"C:\\VSCode Projects\\twitter-app\\src\\components\\UI\\Textaria\\index.tsx","statementMap":{"0":{"start":{"line":8,"column":13},"end":{"line":8,"column":24}},"1":{"start":{"line":1,"column":22},"end":{"line":1,"column":null}},"2":{"start":{"line":3,"column":29},"end":{"line":3,"column":null}},"3":{"start":{"line":5,"column":19},"end":{"line":5,"column":null}},"4":{"start":{"line":8,"column":24},"end":{"line":20,"column":null}},"5":{"start":{"line":9,"column":63},"end":{"line":9,"column":21}},"6":{"start":{"line":9,"column":63},"end":{"line":9,"column":31}},"7":{"start":{"line":9,"column":63},"end":{"line":9,"column":38}},"8":{"start":{"line":9,"column":63},"end":{"line":9,"column":48}},"9":{"start":{"line":11,"column":13},"end":{"line":11,"column":null}}},"fnMap":{"0":{"name":"(anonymous_10)","decl":{"start":{"line":8,"column":24},"end":{"line":8,"column":25}},"loc":{"start":{"line":8,"column":25},"end":{"line":20,"column":null}}}},"branchMap":{"0":{"loc":{"start":{"line":15,"column":7},"end":{"line":15,"column":16}},"type":"binary-expr","locations":[{"start":{"line":15,"column":7},"end":{"line":15,"column":16}}]},"1":{"loc":{"start":{"line":17,"column":7},"end":{"line":17,"column":16}},"type":"binary-expr","locations":[{"start":{"line":17,"column":7},"end":{"line":17,"column":16}}]}},"s":{"0":4,"1":12,"2":12,"3":12,"4":12,"5":4,"6":4,"7":4,"8":4,"9":4},"f":{"0":4},"b":{"0":[4],"1":[4]}}
,"C:\\VSCode Projects\\twitter-app\\src\\components\\UserCard\\index.tsx": {"path":"C:\\VSCode Projects\\twitter-app\\src\\components\\UserCard\\index.tsx","statementMap":{"0":{"start":{"line":12,"column":13},"end":{"line":12,"column":24}},"1":{"start":{"line":1,"column":21},"end":{"line":1,"column":null}},"2":{"start":{"line":2,"column":28},"end":{"line":2,"column":null}},"3":{"start":{"line":4,"column":26},"end":{"line":4,"column":null}},"4":{"start":{"line":5,"column":31},"end":{"line":5,"column":null}},"5":{"start":{"line":6,"column":35},"end":{"line":6,"column":null}},"6":{"start":{"line":7,"column":29},"end":{"line":7,"column":null}},"7":{"start":{"line":9,"column":19},"end":{"line":9,"column":null}},"8":{"start":{"line":12,"column":24},"end":{"line":41,"column":null}},"9":{"start":{"line":12,"column":32},"end":{"line":12,"column":43}},"10":{"start":{"line":12,"column":43},"end":{"line":12,"column":null}},"11":{"start":{"line":13,"column":30},"end":{"line":13,"column":16}},"12":{"start":{"line":13,"column":30},"end":{"line":13,"column":23}},"13":{"start":{"line":13,"column":30},"end":{"line":null,"column":-1}},"14":{"start":{"line":15,"column":27},"end":{"line":15,"column":null}},"15":{"start":{"line":15,"column":27},"end":{"line":15,"column":10}},"16":{"start":{"line":16,"column":30},"end":{"line":16,"column":null}},"17":{"start":{"line":16,"column":30},"end":{"line":16,"column":10}},"18":{"start":{"line":17,"column":19},"end":{"line":17,"column":null}},"19":{"start":{"line":18,"column":22},"end":{"line":18,"column":null}},"20":{"start":{"line":20,"column":22},"end":{"line":24,"column":null}},"21":{"start":{"line":21,"column":4},"end":{"line":23,"column":null}},"22":{"start":{"line":22,"column":6},"end":{"line":22,"column":42}}},"fnMap":{"0":{"name":"(anonymous_4)","decl":{"start":{"line":12,"column":29},"end":{"line":12,"column":32}},"loc":{"start":{"line":12,"column":29},"end":{"line":41,"column":null}}},"1":{"name":"(anonymous_5)","decl":{"start":{"line":20,"column":22},"end":{"line":20,"column":null}},"loc":{"start":{"line":20,"column":22},"end":{"line":24,"column":null}}}},"branchMap":{"0":{"loc":{"start":{"line":18,"column":22},"end":{"line":18,"column":35}},"type":"cond-expr","locations":[{"start":{"line":18,"column":22},"end":{"line":18,"column":33}},{"start":{"line":18,"column":22},"end":{"line":18,"column":35}}]},"1":{"loc":{"start":{"line":18,"column":22},"end":{"line":18,"column":33}},"type":"binary-expr","locations":[{"start":{"line":18,"column":22},"end":{"line":18,"column":33}},{"start":{"line":18,"column":22},"end":{"line":18,"column":33}}]},"2":{"loc":{"start":{"line":21,"column":4},"end":{"line":23,"column":null}},"type":"if","locations":[{"start":{"line":21,"column":4},"end":{"line":23,"column":null}}]}},"s":{"0":3,"1":3,"2":3,"3":3,"4":3,"5":3,"6":3,"7":3,"8":3,"9":2,"10":2,"11":2,"12":2,"13":2,"14":2,"15":2,"16":2,"17":2,"18":2,"19":2,"20":2,"21":0,"22":0},"f":{"0":2,"1":0},"b":{"0":[2,0],"1":[2,0],"2":[0]}}
,"C:\\VSCode Projects\\twitter-app\\src\\utils\\date.ts": {"path":"C:\\VSCode Projects\\twitter-app\\src\\utils\\date.ts","statementMap":{"0":{"start":{"line":1,"column":16},"end":{"line":1,"column":29}},"1":{"start":{"line":9,"column":16},"end":{"line":9,"column":30}},"2":{"start":{"line":13,"column":16},"end":{"line":13,"column":28}},"3":{"start":{"line":2,"column":22},"end":{"line":2,"column":null}},"4":{"start":{"line":3,"column":14},"end":{"line":3,"column":null}},"5":{"start":{"line":4,"column":16},"end":{"line":4,"column":null}},"6":{"start":{"line":6,"column":2},"end":{"line":6,"column":54}},"7":{"start":{"line":10,"column":2},"end":{"line":10,"column":null}},"8":{"start":{"line":14,"column":2},"end":{"line":14,"column":null}}},"fnMap":{"0":{"name":"getDateString","decl":{"start":{"line":1,"column":16},"end":{"line":1,"column":29}},"loc":{"start":{"line":1,"column":58},"end":{"line":7,"column":null}}},"1":{"name":"getDaysInMonth","decl":{"start":{"line":9,"column":16},"end":{"line":9,"column":30}},"loc":{"start":{"line":9,"column":58},"end":{"line":11,"column":null}}},"2":{"name":"getShortDate","decl":{"start":{"line":13,"column":16},"end":{"line":13,"column":28}},"loc":{"start":{"line":13,"column":57},"end":{"line":15,"column":null}}}},"branchMap":{},"s":{"0":5,"1":10,"2":8,"3":5,"4":5,"5":5,"6":5,"7":10,"8":8},"f":{"0":5,"1":10,"2":8},"b":{}}
,"C:\\VSCode Projects\\twitter-app\\src\\utils\\firebase.ts": {"path":"C:\\VSCode Projects\\twitter-app\\src\\utils\\firebase.ts","statementMap":{"0":{"start":{"line":5,"column":16},"end":{"line":5,"column":37}},"1":{"start":{"line":3,"column":43},"end":{"line":3,"column":null}},"2":{"start":{"line":6,"column":2},"end":{"line":17,"column":null}},"3":{"start":{"line":8,"column":6},"end":{"line":8,"column":null}},"4":{"start":{"line":10,"column":6},"end":{"line":10,"column":null}},"5":{"start":{"line":12,"column":6},"end":{"line":12,"column":null}},"6":{"start":{"line":14,"column":6},"end":{"line":14,"column":null}},"7":{"start":{"line":16,"column":6},"end":{"line":16,"column":null}}},"fnMap":{"0":{"name":"firebaseErrorHandler","decl":{"start":{"line":5,"column":16},"end":{"line":5,"column":37}},"loc":{"start":{"line":5,"column":57},"end":{"line":18,"column":null}}}},"branchMap":{"0":{"loc":{"start":{"line":6,"column":2},"end":{"line":17,"column":null}},"type":"switch","locations":[{"start":{"line":7,"column":4},"end":{"line":8,"column":null}},{"start":{"line":9,"column":4},"end":{"line":10,"column":null}},{"start":{"line":11,"column":4},"end":{"line":12,"column":null}},{"start":{"line":13,"column":4},"end":{"line":14,"column":null}},{"start":{"line":15,"column":4},"end":{"line":16,"column":null}}]}},"s":{"0":0,"1":13,"2":0,"3":0,"4":0,"5":0,"6":0,"7":0},"f":{"0":0},"b":{"0":[0,0,0,0,0]}}
,"C:\\VSCode Projects\\twitter-app\\src\\utils\\index.ts": {"path":"C:\\VSCode Projects\\twitter-app\\src\\utils\\index.ts","statementMap":{"0":{"start":{"line":1,"column":14},"end":{"line":1,"column":null}},"1":{"start":{"line":2,"column":14},"end":{"line":2,"column":null}},"2":{"start":{"line":3,"column":14},"end":{"line":3,"column":null}},"3":{"start":{"line":4,"column":14},"end":{"line":4,"column":null}}},"fnMap":{},"branchMap":{},"s":{"0":13,"1":13,"2":13,"3":13},"f":{},"b":{}}
,"C:\\VSCode Projects\\twitter-app\\src\\utils\\inputs.ts": {"path":"C:\\VSCode Projects\\twitter-app\\src\\utils\\inputs.ts","statementMap":{"0":{"start":{"line":3,"column":16},"end":{"line":3,"column":29}},"1":{"start":{"line":1,"column":52},"end":{"line":1,"column":null}},"2":{"start":{"line":4,"column":2},"end":{"line":4,"column":null}},"3":{"start":{"line":4,"column":21},"end":{"line":4,"column":null}},"4":{"start":{"line":6,"column":12},"end":{"line":6,"column":null}},"5":{"start":{"line":8,"column":2},"end":{"line":8,"column":null}},"6":{"start":{"line":8,"column":26},"end":{"line":8,"column":null}},"7":{"start":{"line":10,"column":2},"end":{"line":12,"column":73}}},"fnMap":{"0":{"name":"setPhoneMask","decl":{"start":{"line":3,"column":16},"end":{"line":3,"column":29}},"loc":{"start":{"line":3,"column":42},"end":{"line":13,"column":null}}}},"branchMap":{"0":{"loc":{"start":{"line":4,"column":2},"end":{"line":4,"column":null}},"type":"if","locations":[{"start":{"line":4,"column":2},"end":{"line":4,"column":null}}]},"1":{"loc":{"start":{"line":8,"column":2},"end":{"line":8,"column":null}},"type":"if","locations":[{"start":{"line":8,"column":2},"end":{"line":8,"column":null}}]},"2":{"loc":{"start":{"line":8,"column":6},"end":{"line":8,"column":24}},"type":"binary-expr","locations":[{"start":{"line":8,"column":6},"end":{"line":8,"column":12}},{"start":{"line":8,"column":12},"end":{"line":8,"column":24}}]},"3":{"loc":{"start":{"line":10,"column":9},"end":{"line":12,"column":73}},"type":"cond-expr","locations":[{"start":{"line":11,"column":6},"end":{"line":11,"column":22}},{"start":{"line":12,"column":6},"end":{"line":12,"column":73}}]},"4":{"loc":{"start":{"line":12,"column":35},"end":{"line":12,"column":52}},"type":"binary-expr","locations":[{"start":{"line":12,"column":35},"end":{"line":12,"column":39}},{"start":{"line":12,"column":43},"end":{"line":12,"column":52}}]},"5":{"loc":{"start":{"line":12,"column":56},"end":{"line":12,"column":73}},"type":"binary-expr","locations":[{"start":{"line":12,"column":56},"end":{"line":12,"column":60}},{"start":{"line":12,"column":64},"end":{"line":12,"column":73}}]}},"s":{"0":0,"1":13,"2":0,"3":0,"4":0,"5":0,"6":0,"7":0},"f":{"0":0},"b":{"0":[0],"1":[0],"2":[0,0],"3":[0,0],"4":[0,0],"5":[0,0]}}
,"C:\\VSCode Projects\\twitter-app\\src\\utils\\signup.ts": {"path":"C:\\VSCode Projects\\twitter-app\\src\\utils\\signup.ts","statementMap":{"0":{"start":{"line":13,"column":16},"end":{"line":13,"column":31}},"1":{"start":{"line":17,"column":16},"end":{"line":17,"column":30}},"2":{"start":{"line":7,"column":16},"end":{"line":7,"column":31}},"3":{"start":{"line":1,"column":22},"end":{"line":1,"column":null}},"4":{"start":{"line":3,"column":31},"end":{"line":3,"column":null}},"5":{"start":{"line":5,"column":25},"end":{"line":5,"column":null}},"6":{"start":{"line":7,"column":32},"end":{"line":7,"column":null}},"7":{"start":{"line":8,"column":22},"end":{"line":8,"column":null}},"8":{"start":{"line":10,"column":76},"end":{"line":10,"column":null}},"9":{"start":{"line":14,"column":2},"end":{"line":14,"column":null}},"10":{"start":{"line":18,"column":27},"end":{"line":18,"column":null}},"11":{"start":{"line":19,"column":28},"end":{"line":19,"column":null}},"12":{"start":{"line":21,"column":22},"end":{"line":21,"column":null}},"13":{"start":{"line":22,"column":27},"end":{"line":24,"column":null}},"14":{"start":{"line":26,"column":80},"end":{"line":26,"column":null}}},"fnMap":{"0":{"name":"getYearsOptions","decl":{"start":{"line":7,"column":16},"end":{"line":7,"column":31}},"loc":{"start":{"line":7,"column":16},"end":{"line":11,"column":null}}},"1":{"name":"getBirthdayDate","decl":{"start":{"line":13,"column":16},"end":{"line":13,"column":31}},"loc":{"start":{"line":13,"column":72},"end":{"line":15,"column":null}}},"2":{"name":"getDaysOptions","decl":{"start":{"line":17,"column":16},"end":{"line":17,"column":30}},"loc":{"start":{"line":17,"column":60},"end":{"line":27,"column":null}}}},"branchMap":{"0":{"loc":{"start":{"line":7,"column":32},"end":{"line":7,"column":null}},"type":"cond-expr","locations":[{"start":{"line":7,"column":32},"end":{"line":7,"column":42}},{"start":{"line":7,"column":42},"end":{"line":7,"column":null}}]},"1":{"loc":{"start":{"line":7,"column":32},"end":{"line":7,"column":42}},"type":"binary-expr","locations":[{"start":{"line":7,"column":32},"end":{"line":7,"column":42}},{"start":{"line":7,"column":32},"end":{"line":7,"column":42}}]},"2":{"loc":{"start":{"line":21,"column":22},"end":{"line":21,"column":null}},"type":"cond-expr","locations":[{"start":{"line":21,"column":29},"end":{"line":21,"column":44}},{"start":{"line":21,"column":44},"end":{"line":21,"column":null}}]},"3":{"loc":{"start":{"line":22,"column":27},"end":{"line":24,"column":null}},"type":"cond-expr","locations":[{"start":{"line":23,"column":6},"end":{"line":23,"column":null}},{"start":{"line":24,"column":6},"end":{"line":24,"column":null}}]}},"s":{"0":4,"1":11,"2":6,"3":16,"4":16,"5":16,"6":6,"7":6,"8":250,"9":4,"10":11,"11":11,"12":11,"13":11,"14":337},"f":{"0":6,"1":4,"2":11},"b":{"0":[2,4],"1":[6,2],"2":[4,7],"3":[6,5]}}
}
