TN:
SF:src\assets\fonts\Roboto\Roboto-Black.woff
FNF:0
FNH:0
DA:1,13
LF:1
LH:1
BRF:0
BRH:0
end_of_record
TN:
SF:src\assets\fonts\Roboto\Roboto-Bold.woff
FNF:0
FNH:0
DA:1,13
LF:1
LH:1
BRF:0
BRH:0
end_of_record
TN:
SF:src\assets\fonts\Roboto\Roboto-Medium.woff
FNF:0
FNH:0
DA:1,13
LF:1
LH:1
BRF:0
BRH:0
end_of_record
TN:
SF:src\assets\fonts\Roboto\Roboto-Regular.woff
FNF:0
FNH:0
DA:1,13
LF:1
LH:1
BRF:0
BRH:0
end_of_record
TN:
SF:src\assets\icons\arrow-down.svg
FN:3,SvgArrowDown
FNF:1
FNH:1
FNDA:36,SvgArrowDown
DA:2,25
DA:4,36
DA:9,25
LF:3
LH:3
BRF:0
BRH:0
end_of_record
TN:
SF:src\assets\icons\back.svg
FN:3,SvgBack
FNF:1
FNH:0
FNDA:0,SvgBack
DA:2,25
DA:4,0
DA:9,25
LF:3
LH:2
BRF:0
BRH:0
end_of_record
TN:
SF:src\assets\icons\bookmarks-fill.svg
FN:3,SvgBookmarksFill
FNF:1
FNH:0
FNDA:0,SvgBookmarksFill
DA:2,25
DA:4,0
DA:9,25
LF:3
LH:2
BRF:0
BRH:0
end_of_record
TN:
SF:src\assets\icons\bookmarks-outline.svg
FN:3,SvgBookmarksOutline
FNF:1
FNH:0
FNDA:0,SvgBookmarksOutline
DA:2,25
DA:4,0
DA:9,25
LF:3
LH:2
BRF:0
BRH:0
end_of_record
TN:
SF:src\assets\icons\burger.svg
FN:3,SvgBurger
FNF:1
FNH:0
FNDA:0,SvgBurger
DA:2,25
DA:4,0
DA:9,25
LF:3
LH:2
BRF:0
BRH:0
end_of_record
TN:
SF:src\assets\icons\cross.svg
FN:3,SvgCross
FNF:1
FNH:0
FNDA:0,SvgCross
DA:2,25
DA:4,0
DA:9,25
LF:3
LH:2
BRF:0
BRH:0
end_of_record
TN:
SF:src\assets\icons\dots.svg
FN:3,SvgDots
FNF:1
FNH:1
FNDA:1,SvgDots
DA:2,25
DA:4,1
DA:9,25
LF:3
LH:3
BRF:0
BRH:0
end_of_record
TN:
SF:src\assets\icons\explore-fill.svg
FN:3,SvgExploreFill
FNF:1
FNH:0
FNDA:0,SvgExploreFill
DA:2,25
DA:4,0
DA:9,25
LF:3
LH:2
BRF:0
BRH:0
end_of_record
TN:
SF:src\assets\icons\explore.svg
FN:3,SvgExplore
FNF:1
FNH:0
FNDA:0,SvgExplore
DA:2,25
DA:4,0
DA:9,25
LF:3
LH:2
BRF:0
BRH:0
end_of_record
TN:
SF:src\assets\icons\google-icon.svg
FN:3,SvgGoogleIcon
FNF:1
FNH:0
FNDA:0,SvgGoogleIcon
DA:2,25
DA:4,0
DA:9,25
LF:3
LH:2
BRF:0
BRH:0
end_of_record
TN:
SF:src\assets\icons\home-fill.svg
FN:3,SvgHomeFill
FNF:1
FNH:0
FNDA:0,SvgHomeFill
DA:2,25
DA:4,0
DA:9,25
LF:3
LH:2
BRF:0
BRH:0
end_of_record
TN:
SF:src\assets\icons\home-outline.svg
FN:3,SvgHomeOutline
FNF:1
FNH:0
FNDA:0,SvgHomeOutline
DA:2,25
DA:4,0
DA:9,25
LF:3
LH:2
BRF:0
BRH:0
end_of_record
TN:
SF:src\assets\icons\image.svg
FN:3,SvgImage
FNF:1
FNH:1
FNDA:20,SvgImage
DA:2,25
DA:4,20
DA:9,25
LF:3
LH:3
BRF:0
BRH:0
end_of_record
TN:
SF:src\assets\icons\like-fill.svg
FN:3,SvgLikeFill
FNF:1
FNH:0
FNDA:0,SvgLikeFill
DA:2,25
DA:4,0
DA:9,25
LF:3
LH:2
BRF:0
BRH:0
end_of_record
TN:
SF:src\assets\icons\like.svg
FN:3,SvgLike
FNF:1
FNH:1
FNDA:2,SvgLike
DA:2,25
DA:4,2
DA:9,25
LF:3
LH:3
BRF:0
BRH:0
end_of_record
TN:
SF:src\assets\icons\list-fill.svg
FN:3,SvgListFill
FNF:1
FNH:0
FNDA:0,SvgListFill
DA:2,25
DA:4,0
DA:9,25
LF:3
LH:2
BRF:0
BRH:0
end_of_record
TN:
SF:src\assets\icons\lists.svg
FN:3,SvgLists
FNF:1
FNH:0
FNDA:0,SvgLists
DA:2,25
DA:4,0
DA:9,25
LF:3
LH:2
BRF:0
BRH:0
end_of_record
TN:
SF:src\assets\icons\messages-fill.svg
FN:3,SvgMessagesFill
FNF:1
FNH:0
FNDA:0,SvgMessagesFill
DA:2,25
DA:4,0
DA:9,25
LF:3
LH:2
BRF:0
BRH:0
end_of_record
TN:
SF:src\assets\icons\messages.svg
FN:3,SvgMessages
FNF:1
FNH:0
FNDA:0,SvgMessages
DA:2,25
DA:4,0
DA:9,25
LF:3
LH:2
BRF:0
BRH:0
end_of_record
TN:
SF:src\assets\icons\more.svg
FN:3,SvgMore
FNF:1
FNH:0
FNDA:0,SvgMore
DA:2,25
DA:4,0
DA:9,25
LF:3
LH:2
BRF:0
BRH:0
end_of_record
TN:
SF:src\assets\icons\notification-fill.svg
FN:3,SvgNotificationFill
FNF:1
FNH:0
FNDA:0,SvgNotificationFill
DA:2,25
DA:4,0
DA:9,25
LF:3
LH:2
BRF:0
BRH:0
end_of_record
TN:
SF:src\assets\icons\notification.svg
FN:3,SvgNotification
FNF:1
FNH:0
FNDA:0,SvgNotification
DA:2,25
DA:4,0
DA:9,25
LF:3
LH:2
BRF:0
BRH:0
end_of_record
TN:
SF:src\assets\icons\profile-fill.svg
FN:3,SvgProfileFill
FNF:1
FNH:0
FNDA:0,SvgProfileFill
DA:2,25
DA:4,0
DA:9,25
LF:3
LH:2
BRF:0
BRH:0
end_of_record
TN:
SF:src\assets\icons\profile-outline.svg
FN:3,SvgProfileOutline
FNF:1
FNH:0
FNDA:0,SvgProfileOutline
DA:2,25
DA:4,0
DA:9,25
LF:3
LH:2
BRF:0
BRH:0
end_of_record
TN:
SF:src\assets\icons\search.svg
FN:3,SvgSearch
FNF:1
FNH:1
FNDA:2,SvgSearch
DA:2,25
DA:4,2
DA:9,25
LF:3
LH:3
BRF:0
BRH:0
end_of_record
TN:
SF:src\assets\icons\spinner.svg
FN:3,SvgSpinner
FNF:1
FNH:1
FNDA:6,SvgSpinner
DA:2,25
DA:4,6
DA:9,25
LF:3
LH:3
BRF:0
BRH:0
end_of_record
TN:
SF:src\assets\icons\twitter-logo.svg
FN:3,SvgTwitterLogo
FNF:1
FNH:0
FNDA:0,SvgTwitterLogo
DA:2,25
DA:4,0
DA:9,25
LF:3
LH:2
BRF:0
BRH:0
end_of_record
TN:
SF:src\assets\icons\unvisible-icon.svg
FN:3,SvgUnvisibleIcon
FNF:1
FNH:1
FNDA:28,SvgUnvisibleIcon
DA:2,25
DA:4,28
DA:9,25
LF:3
LH:3
BRF:0
BRH:0
end_of_record
TN:
SF:src\assets\icons\visible-icon.svg
FN:3,SvgVisibleIcon
FNF:1
FNH:0
FNDA:0,SvgVisibleIcon
DA:2,25
DA:4,0
DA:9,25
LF:3
LH:2
BRF:0
BRH:0
end_of_record
TN:
SF:src\assets\images\default-avatar.png
FNF:0
FNH:0
DA:1,13
LF:1
LH:1
BRF:0
BRH:0
end_of_record
TN:
SF:src\assets\images\default-profile-bg.jpg
FNF:0
FNH:0
DA:1,1
LF:1
LH:1
BRF:0
BRH:0
end_of_record
TN:
SF:src\components\ChangePasswordForm\config.ts
FNF:0
FNH:0
DA:3,2
DA:5,6
DA:13,6
LF:3
LH:3
BRF:0
BRH:0
end_of_record
TN:
SF:src\components\ChangePasswordForm\index.tsx
FN:13,(anonymous_10)
FN:22,(anonymous_11)
FN:26,(anonymous_12)
FNF:3
FNH:3
FNDA:6,(anonymous_10)
FNDA:5,(anonymous_11)
FNDA:2,(anonymous_12)
DA:1,2
DA:2,2
DA:4,2
DA:5,2
DA:7,2
DA:9,2
DA:10,2
DA:13,6
DA:14,12
DA:20,6
DA:22,6
DA:23,5
DA:26,6
DA:27,2
DA:29,2
DA:30,1
DA:31,1
DA:34,1
LF:18
LH:18
BRDA:23,0,0,1
BRDA:29,1,0,1
BRDA:45,2,0,6
BRDA:45,2,1,0
BRDA:45,3,0,6
BRDA:45,3,1,6
BRDA:52,4,0,5
BRDA:52,4,1,1
BRDA:52,5,0,6
BRDA:52,5,1,6
BRDA:56,6,0,6
BRF:11
BRH:10
end_of_record
TN:
SF:src\components\ChangePasswordForm\styled.ts
FN:10,(anonymous_9)
FNF:1
FNH:1
FNDA:6,(anonymous_9)
DA:1,2
DA:3,2
DA:5,2
DA:7,6
DA:10,6
DA:12,6
DA:15,2
LF:7
LH:7
BRF:0
BRH:0
end_of_record
TN:
SF:src\components\EditProfileForm\config.ts
FN:21,onChange
FN:32,validate
FN:40,getDefaultFormFields
FNF:3
FNH:3
FNDA:1,onChange
FNDA:1,validate
FNDA:11,getDefaultFormFields
DA:3,2
DA:5,2
DA:7,11
DA:15,11
DA:22,1
DA:23,1
DA:27,33
DA:31,11
DA:33,1
DA:35,0
DA:36,0
DA:40,11
DA:41,11
LF:13
LH:11
BRDA:33,0,0,1
BRDA:36,1,0,0
BRDA:36,1,1,0
BRDA:42,2,0,5
BRDA:42,2,1,6
BRDA:42,3,0,11
BRDA:42,3,1,6
BRDA:43,4,0,5
BRDA:43,4,1,6
BRDA:43,5,0,11
BRDA:43,5,1,6
BRDA:44,6,0,5
BRDA:44,6,1,6
BRDA:44,7,0,11
BRDA:44,7,1,6
BRDA:45,8,0,6
BRDA:45,8,1,5
BRDA:46,9,0,6
BRDA:46,9,1,5
BRDA:47,10,0,6
BRDA:47,10,1,5
BRF:21
BRH:19
end_of_record
TN:
SF:src\components\EditProfileForm\index.tsx
FN:16,(anonymous_36)
FN:31,(anonymous_37)
FN:36,(anonymous_38)
FN:40,(anonymous_40)
FNF:4
FNH:4
FNDA:11,(anonymous_36)
FNDA:6,(anonymous_37)
FNDA:5,(anonymous_38)
FNDA:1,(anonymous_40)
DA:1,2
DA:2,2
DA:4,2
DA:5,2
DA:6,2
DA:7,2
DA:8,2
DA:10,2
DA:12,2
DA:13,2
DA:16,11
DA:17,22
DA:18,11
DA:19,11
DA:26,11
DA:27,11
DA:28,11
DA:30,11
DA:32,6
DA:36,11
DA:37,5
DA:40,11
DA:50,1
DA:66,0
LF:24
LH:23
BRDA:19,0,0,5
BRDA:19,0,1,6
BRDA:19,1,0,11
BRDA:19,1,1,6
BRDA:28,2,0,11
BRDA:28,2,1,0
BRDA:28,3,0,11
BRDA:28,3,1,11
BRDA:32,4,0,0
BRDA:32,4,1,6
BRDA:32,5,0,6
BRDA:32,5,1,6
BRDA:32,6,0,4
BRDA:32,6,1,2
BRDA:32,7,0,6
BRDA:32,7,1,6
BRDA:37,8,0,1
BRDA:53,9,0,0
BRDA:53,9,1,1
BRDA:70,10,0,11
BRDA:76,11,0,11
BRDA:76,11,1,0
BRDA:76,12,0,11
BRDA:76,12,1,11
BRDA:82,13,0,11
BRDA:82,13,1,0
BRDA:82,14,0,11
BRDA:82,14,1,11
BRDA:98,15,0,11
BRDA:98,15,1,0
BRDA:98,16,0,11
BRDA:98,16,1,11
BRDA:104,17,0,11
BRDA:104,17,1,0
BRDA:104,18,0,11
BRDA:104,18,1,11
BRDA:111,19,0,11
BRDA:111,19,1,0
BRDA:111,20,0,11
BRDA:111,20,1,11
BRF:40
BRH:32
end_of_record
TN:
SF:src\components\EditProfileForm\styled.ts
FN:14,(anonymous_31)
FN:26,(anonymous_34)
FN:35,(anonymous_36)
FN:63,(anonymous_39)
FNF:4
FNH:4
FNDA:11,(anonymous_31)
FNDA:11,(anonymous_34)
FNDA:11,(anonymous_36)
FNDA:11,(anonymous_39)
DA:1,2
DA:3,2
DA:5,2
DA:7,11
DA:8,11
DA:11,11
DA:14,11
DA:16,11
DA:19,11
DA:20,11
DA:23,11
DA:26,11
DA:28,11
DA:31,11
DA:35,11
DA:37,11
DA:40,11
DA:48,11
DA:49,11
DA:53,11
DA:59,11
DA:63,11
LF:22
LH:22
BRF:0
BRH:0
end_of_record
TN:
SF:src\components\LoginForm\config.ts
FNF:0
FNH:0
DA:3,1
DA:5,4
DA:13,4
LF:3
LH:3
BRF:0
BRH:0
end_of_record
TN:
SF:src\components\LoginForm\index.tsx
FN:12,(anonymous_10)
FNF:1
FNH:1
FNDA:4,(anonymous_10)
DA:1,1
DA:3,1
DA:4,1
DA:7,1
DA:9,1
DA:10,1
DA:12,3
DA:13,8
DA:18,4
DA:20,1
LF:10
LH:10
BRDA:27,0,0,4
BRDA:27,0,1,0
BRDA:27,1,0,4
BRDA:27,1,1,4
BRDA:35,2,0,4
BRDA:35,2,1,0
BRDA:35,3,0,4
BRDA:35,3,1,4
BRDA:39,4,0,4
BRF:9
BRH:7
end_of_record
TN:
SF:src\components\LoginForm\styled.ts
FN:13,(anonymous_16)
FN:14,(anonymous_17)
FNF:2
FNH:2
FNDA:4,(anonymous_16)
FNDA:4,(anonymous_17)
DA:1,1
DA:3,1
DA:5,1
DA:7,4
DA:9,4
DA:12,4
DA:13,4
DA:14,4
DA:16,4
DA:19,4
DA:23,1
LF:11
LH:11
BRF:0
BRH:0
end_of_record
TN:
SF:src\components\NewTweet\config.ts
FN:11,validate
FNF:1
FNH:1
FNDA:2,validate
DA:3,1
DA:5,9
DA:10,9
DA:12,2
DA:14,1
DA:15,1
LF:6
LH:6
BRDA:12,0,0,1
BRDA:15,1,0,1
BRDA:15,1,1,0
BRF:3
BRH:2
end_of_record
TN:
SF:src\components\NewTweet\index.tsx
FN:14,(anonymous_22)
FN:28,(anonymous_24)
FN:37,(anonymous_27)
FNF:3
FNH:3
FNDA:9,(anonymous_22)
FNDA:1,(anonymous_24)
FNDA:8,(anonymous_27)
DA:1,1
DA:2,1
DA:4,1
DA:5,1
DA:6,1
DA:8,1
DA:10,1
DA:11,1
DA:14,9
DA:15,9
DA:16,9
DA:17,9
DA:24,9
DA:25,9
DA:26,9
DA:28,9
DA:29,1
DA:31,1
DA:32,1
DA:33,1
DA:36,9
DA:37,8
LF:22
LH:22
BRDA:17,0,0,5
BRDA:17,0,1,4
BRDA:17,1,0,9
BRDA:17,1,1,4
BRDA:25,2,0,9
BRDA:25,2,1,0
BRDA:25,3,0,9
BRDA:25,3,1,9
BRDA:31,4,0,0
BRDA:31,4,1,1
BRDA:33,5,0,0
BRDA:37,6,0,8
BRDA:37,6,1,8
BRDA:37,6,2,1
BRDA:37,7,0,4
BRDA:37,7,1,4
BRDA:37,8,0,8
BRDA:37,8,1,8
BRDA:52,9,0,9
BRDA:52,9,1,0
BRDA:52,10,0,9
BRDA:52,10,1,9
BRDA:62,11,0,9
BRDA:65,12,0,9
BRF:24
BRH:20
end_of_record
TN:
SF:src\components\NewTweet\styled.ts
FN:9,(anonymous_29)
FN:12,(anonymous_30)
FN:14,(anonymous_31)
FN:57,(anonymous_34)
FNF:4
FNH:4
FNDA:9,(anonymous_29)
FNDA:9,(anonymous_30)
FNDA:9,(anonymous_31)
FNDA:1,(anonymous_34)
DA:1,1
DA:3,1
DA:5,1
DA:7,9
DA:9,9
DA:12,9
DA:14,9
DA:16,9
DA:17,9
DA:22,9
DA:30,9
DA:34,9
DA:38,9
DA:42,9
DA:45,9
DA:48,9
DA:53,1
DA:57,1
DA:62,1
LF:19
LH:19
BRF:0
BRH:0
end_of_record
TN:
SF:src\components\Profile\constants.ts
FNF:0
FNH:0
DA:3,5
DA:4,5
DA:5,1
DA:7,2
LF:4
LH:4
BRF:0
BRH:0
end_of_record
TN:
SF:src\components\Profile\index.tsx
FN:18,(anonymous_10)
FN:27,(anonymous_11)
FN:31,(anonymous_14)
FN:32,(anonymous_15)
FNF:4
FNH:2
FNDA:5,(anonymous_10)
FNDA:4,(anonymous_11)
FNDA:0,(anonymous_14)
FNDA:0,(anonymous_15)
DA:1,1
DA:3,1
DA:4,1
DA:6,1
DA:7,1
DA:14,1
DA:15,1
DA:18,5
DA:19,5
DA:20,5
DA:21,10
DA:22,10
DA:25,5
DA:27,5
DA:29,0
DA:31,5
DA:32,0
DA:33,0
DA:34,0
DA:38,5
LF:20
LH:16
BRDA:25,0,0,3
BRDA:25,0,1,2
BRDA:25,1,0,5
BRDA:25,1,1,5
BRDA:33,2,0,0
BRDA:38,3,0,2
BRDA:51,4,0,3
BRDA:81,5,0,3
BRDA:81,5,1,0
BRDA:81,6,0,3
BRDA:81,6,1,3
BRDA:91,7,0,0
BRF:12
BRH:9
end_of_record
TN:
SF:src\components\Profile\styled.ts
FN:21,(anonymous_49)
FN:36,(anonymous_50)
FN:73,(anonymous_53)
FN:87,(anonymous_56)
FN:93,(anonymous_58)
FN:96,(anonymous_59)
FN:113,(anonymous_61)
FNF:7
FNH:7
FNDA:3,(anonymous_49)
FNDA:3,(anonymous_50)
FNDA:9,(anonymous_53)
FNDA:3,(anonymous_56)
FNDA:9,(anonymous_58)
FNDA:9,(anonymous_59)
FNDA:2,(anonymous_61)
DA:1,1
DA:3,1
DA:4,1
DA:6,1
DA:10,5
DA:11,5
DA:14,3
DA:21,3
DA:28,3
DA:36,3
DA:43,3
DA:58,1
DA:62,3
DA:63,3
DA:66,3
DA:67,3
DA:72,9
DA:73,9
DA:75,9
DA:78,3
DA:79,3
DA:83,3
DA:87,3
DA:89,3
DA:92,9
DA:93,9
DA:96,9
DA:97,9
DA:101,3
DA:106,2
DA:113,2
DA:114,2
LF:32
LH:32
BRDA:21,0,0,0
BRDA:21,0,1,3
BRDA:21,1,0,3
BRDA:21,1,1,3
BRF:4
BRH:3
end_of_record
TN:
SF:src\components\Recommendations\constants.ts
FNF:0
FNH:0
DA:1,1
DA:3,3
DA:4,2
DA:5,8
DA:6,6
LF:5
LH:5
BRF:0
BRH:0
end_of_record
TN:
SF:src\components\Recommendations\index.tsx
FN:14,(anonymous_10)
FN:20,(anonymous_11)
FN:25,(anonymous_13)
FNF:3
FNH:2
FNDA:6,(anonymous_10)
FNDA:0,(anonymous_11)
FNDA:4,(anonymous_13)
DA:1,1
DA:3,1
DA:10,1
DA:11,1
DA:14,6
DA:15,12
DA:16,6
DA:17,6
DA:18,6
DA:20,6
DA:21,0
DA:24,6
DA:28,0
LF:13
LH:11
BRDA:17,0,0,6
BRDA:17,0,1,6
BRDA:17,0,2,2
BRDA:18,1,0,6
BRDA:18,1,1,3
BRDA:18,2,0,1
BRDA:18,2,1,2
BRDA:18,3,0,3
BRDA:18,3,1,3
BRDA:21,4,0,0
BRDA:21,4,1,0
BRDA:26,5,0,2
BRDA:26,6,0,4
BRDA:26,6,1,4
BRDA:36,7,0,6
BRDA:42,8,0,6
BRDA:46,9,0,6
BRF:17
BRH:15
end_of_record
TN:
SF:src\components\Recommendations\styled.ts
FN:9,(anonymous_18)
FN:10,(anonymous_19)
FN:20,(anonymous_22)
FN:23,(anonymous_23)
FN:34,(anonymous_24)
FN:37,(anonymous_25)
FNF:6
FNH:4
FNDA:6,(anonymous_18)
FNDA:6,(anonymous_19)
FNDA:0,(anonymous_22)
FNDA:0,(anonymous_23)
FNDA:3,(anonymous_24)
FNDA:3,(anonymous_25)
DA:1,1
DA:3,1
DA:5,1
DA:6,1
DA:8,6
DA:9,6
DA:10,6
DA:12,6
DA:15,0
DA:16,0
DA:19,1
DA:20,0
DA:23,0
DA:31,3
DA:34,3
DA:37,3
DA:38,3
DA:42,3
DA:43,3
LF:19
LH:15
BRF:0
BRH:0
end_of_record
TN:
SF:src\components\SearchBarByTweets\index.tsx
FN:16,(anonymous_10)
FN:22,(anonymous_11)
FN:23,(anonymous_12)
FN:29,(anonymous_13)
FNF:4
FNH:1
FNDA:1,(anonymous_10)
FNDA:0,(anonymous_11)
FNDA:0,(anonymous_12)
FNDA:0,(anonymous_13)
DA:1,1
DA:3,1
DA:4,1
DA:5,1
DA:6,1
DA:8,1
DA:10,1
DA:16,1
DA:17,2
DA:18,1
DA:19,1
DA:20,1
DA:22,1
DA:23,0
DA:24,0
DA:25,0
DA:29,1
DA:30,0
DA:43,0
DA:44,0
LF:20
LH:14
BRDA:20,0,0,1
BRDA:20,0,1,0
BRDA:25,1,0,0
BRDA:42,2,0,1
BRF:4
BRH:2
end_of_record
TN:
SF:src\components\SearchBarByTweets\styled.ts
FN:16,(anonymous_15)
FN:24,(anonymous_16)
FNF:2
FNH:0
FNDA:0,(anonymous_15)
FNDA:0,(anonymous_16)
DA:1,1
DA:3,1
DA:5,1
DA:13,1
DA:16,0
DA:21,0
DA:24,0
DA:25,0
DA:28,1
LF:9
LH:5
BRF:0
BRH:0
end_of_record
TN:
SF:src\components\SearchBarByUsers\index.tsx
FN:12,(anonymous_10)
FN:17,(anonymous_11)
FN:18,(anonymous_12)
FNF:3
FNH:1
FNDA:1,(anonymous_10)
FNDA:0,(anonymous_11)
FNDA:0,(anonymous_12)
DA:1,1
DA:2,1
DA:4,1
DA:6,1
DA:12,1
DA:13,2
DA:14,1
DA:15,1
DA:17,1
DA:18,0
DA:19,0
DA:20,0
DA:33,0
LF:13
LH:9
BRDA:15,0,0,1
BRDA:15,0,1,0
BRDA:20,1,0,0
BRDA:33,2,0,1
BRF:4
BRH:2
end_of_record
TN:
SF:src\components\SearchBarByUsers\styled.ts
FNF:0
FNH:0
DA:1,1
DA:3,1
DA:5,1
LF:3
LH:3
BRF:0
BRH:0
end_of_record
TN:
SF:src\components\SignUpEmailForm\config.ts
FN:31,onChange
FNF:1
FNH:0
FNDA:0,onChange
DA:3,1
DA:4,1
DA:6,1
DA:7,1
DA:9,1
DA:17,1
DA:25,1
DA:32,0
DA:33,0
DA:37,3
DA:41,1
LF:11
LH:9
BRF:0
BRH:0
end_of_record
TN:
SF:src\components\SignUpEmailForm\index.tsx
FN:16,(anonymous_10)
FN:27,(anonymous_11)
FN:29,(anonymous_12)
FNF:3
FNH:2
FNDA:1,(anonymous_10)
FNDA:1,(anonymous_11)
FNDA:0,(anonymous_12)
DA:1,1
DA:2,1
DA:4,1
DA:5,1
DA:6,1
DA:7,1
DA:9,1
DA:11,1
DA:13,1
DA:14,1
DA:16,1
DA:17,1
DA:18,1
DA:24,1
DA:25,1
DA:27,1
DA:29,1
DA:30,0
DA:31,0
LF:19
LH:17
BRDA:39,0,0,1
BRDA:39,0,1,0
BRDA:39,1,0,1
BRDA:39,1,1,1
BRDA:46,2,0,1
BRDA:46,2,1,0
BRDA:46,3,0,1
BRDA:46,3,1,1
BRDA:53,4,0,1
BRDA:53,4,1,0
BRDA:53,5,0,1
BRDA:53,5,1,1
BRDA:71,6,0,1
BRDA:71,6,1,0
BRDA:71,7,0,1
BRDA:71,7,1,1
BRDA:78,8,0,1
BRDA:78,8,1,0
BRDA:78,9,0,1
BRDA:78,9,1,1
BRDA:87,10,0,1
BRDA:87,10,1,0
BRDA:87,11,0,1
BRDA:87,11,1,1
BRF:24
BRH:18
end_of_record
TN:
SF:src\components\SignUpEmailForm\styled.ts
FN:18,(anonymous_20)
FN:27,(anonymous_22)
FN:29,(anonymous_23)
FN:40,(anonymous_25)
FN:42,(anonymous_26)
FNF:5
FNH:5
FNDA:1,(anonymous_20)
FNDA:1,(anonymous_22)
FNDA:1,(anonymous_23)
FNDA:1,(anonymous_25)
FNDA:1,(anonymous_26)
DA:1,1
DA:3,1
DA:4,1
DA:6,1
DA:8,1
DA:11,1
DA:14,1
DA:17,1
DA:18,1
DA:20,1
DA:21,1
DA:26,1
DA:27,1
DA:29,1
DA:31,1
DA:32,1
DA:37,1
DA:40,1
DA:42,1
DA:44,1
DA:45,1
LF:21
LH:21
BRF:0
BRH:0
end_of_record
TN:
SF:src\components\SignUpPasswordForm\config.ts
FNF:0
FNH:0
DA:3,1
DA:5,6
DA:13,6
LF:3
LH:3
BRF:0
BRH:0
end_of_record
TN:
SF:src\components\SignUpPasswordForm\index.tsx
FN:16,(anonymous_16)
FN:27,(anonymous_17)
FNF:2
FNH:2
FNDA:6,(anonymous_16)
FNDA:2,(anonymous_17)
DA:1,1
DA:3,1
DA:4,1
DA:5,1
DA:6,1
DA:7,1
DA:9,1
DA:11,1
DA:13,1
DA:14,1
DA:16,3
DA:17,12
DA:18,6
DA:19,6
DA:25,6
DA:27,6
DA:28,2
DA:30,2
DA:31,1
DA:32,1
DA:35,1
DA:36,1
DA:37,1
DA:39,1
DA:40,1
DA:43,0
LF:26
LH:25
BRDA:30,0,0,1
BRDA:35,1,0,0
BRDA:54,2,0,6
BRDA:54,2,1,0
BRDA:54,3,0,6
BRDA:54,3,1,6
BRDA:62,4,0,5
BRDA:62,4,1,1
BRDA:62,5,0,6
BRDA:62,5,1,6
BRDA:66,6,0,6
BRF:11
BRH:9
end_of_record
TN:
SF:src\components\SignUpPasswordForm\styled.ts
FN:15,(anonymous_13)
FN:17,(anonymous_14)
FNF:2
FNH:2
FNDA:6,(anonymous_13)
FNDA:6,(anonymous_14)
DA:1,1
DA:3,1
DA:5,1
DA:7,6
DA:9,6
DA:12,6
DA:15,6
DA:17,6
DA:19,6
DA:20,6
DA:29,1
LF:11
LH:11
BRF:0
BRH:0
end_of_record
TN:
SF:src\components\TweetItem\constants.ts
FNF:0
FNH:0
DA:1,2
DA:3,2
DA:4,2
LF:3
LH:3
BRF:0
BRH:0
end_of_record
TN:
SF:src\components\TweetItem\index.tsx
FN:18,(anonymous_10)
FN:31,(anonymous_11)
FN:34,(anonymous_12)
FN:42,(anonymous_13)
FNF:4
FNH:2
FNDA:2,(anonymous_10)
FNDA:1,(anonymous_11)
FNDA:0,(anonymous_12)
FNDA:0,(anonymous_13)
DA:1,2
DA:3,2
DA:4,2
DA:9,2
DA:10,2
DA:11,2
DA:13,2
DA:14,2
DA:15,2
DA:18,2
DA:19,2
DA:20,2
DA:22,2
DA:23,2
DA:24,2
DA:25,2
DA:26,2
DA:27,4
DA:28,4
DA:31,2
DA:32,2
DA:34,2
DA:35,0
DA:37,0
DA:39,0
DA:40,0
DA:42,0
DA:43,0
DA:44,0
LF:29
LH:22
BRDA:27,0,0,2
BRDA:27,0,1,0
BRDA:27,1,0,2
BRDA:27,1,1,2
BRDA:29,2,0,2
BRDA:29,2,1,0
BRDA:32,3,0,2
BRDA:32,3,1,0
BRDA:32,4,0,2
BRDA:32,4,1,0
BRDA:35,5,0,0
BRDA:40,6,0,0
BRDA:40,6,1,0
BRDA:43,7,0,0
BRDA:43,7,1,0
BRDA:59,8,0,2
BRDA:61,9,0,2
BRDA:64,10,0,0
BRDA:64,10,1,2
BRF:19
BRH:9
end_of_record
TN:
SF:src\components\TweetItem\styled.ts
FN:11,(anonymous_31)
FN:13,(anonymous_32)
FN:15,(anonymous_33)
FN:60,(anonymous_35)
FN:62,(anonymous_36)
FN:92,(anonymous_39)
FN:93,(anonymous_40)
FN:99,(anonymous_41)
FN:100,(anonymous_42)
FN:103,(anonymous_43)
FN:120,(anonymous_45)
FN:122,(anonymous_46)
FNF:12
FNH:10
FNDA:2,(anonymous_31)
FNDA:2,(anonymous_32)
FNDA:2,(anonymous_33)
FNDA:2,(anonymous_35)
FNDA:2,(anonymous_36)
FNDA:2,(anonymous_39)
FNDA:2,(anonymous_40)
FNDA:2,(anonymous_41)
FNDA:2,(anonymous_42)
FNDA:2,(anonymous_43)
FNDA:0,(anonymous_45)
FNDA:0,(anonymous_46)
DA:1,2
DA:3,2
DA:4,2
DA:8,2
DA:11,2
DA:13,2
DA:15,2
DA:21,2
DA:22,2
DA:32,2
DA:45,2
DA:57,2
DA:60,2
DA:62,2
DA:71,2
DA:74,2
DA:75,2
DA:80,2
DA:81,2
DA:84,2
DA:92,2
DA:93,2
DA:99,2
DA:100,2
DA:103,2
DA:107,2
DA:108,2
DA:116,2
DA:120,0
DA:122,0
LF:30
LH:28
BRDA:103,0,0,2
BRDA:103,0,1,2
BRF:2
BRH:2
end_of_record
TN:
SF:src\components\TweetItem\TweetOptions\constants.ts
FNF:0
FNH:0
DA:1,2
DA:3,2
DA:4,2
LF:3
LH:3
BRF:0
BRH:0
end_of_record
TN:
SF:src\components\TweetItem\TweetOptions\index.tsx
FN:9,(anonymous_10)
FNF:1
FNH:1
FNDA:1,(anonymous_10)
DA:1,2
DA:3,2
DA:5,2
DA:6,2
DA:9,2
DA:10,1
DA:11,2
DA:13,0
DA:15,0
LF:9
LH:7
BRF:0
BRH:0
end_of_record
TN:
SF:src\components\TweetItem\TweetOptions\styled.ts
FN:33,(anonymous_24)
FN:35,(anonymous_25)
FN:36,(anonymous_26)
FN:52,(anonymous_28)
FN:59,(anonymous_30)
FN:63,(anonymous_31)
FN:64,(anonymous_32)
FN:65,(anonymous_33)
FN:101,(anonymous_35)
FNF:9
FNH:9
FNDA:1,(anonymous_24)
FNDA:1,(anonymous_25)
FNDA:1,(anonymous_26)
FNDA:1,(anonymous_28)
FNDA:1,(anonymous_30)
FNDA:1,(anonymous_31)
FNDA:1,(anonymous_32)
FNDA:1,(anonymous_33)
FNDA:1,(anonymous_35)
DA:1,2
DA:3,2
DA:7,1
DA:15,1
DA:27,1
DA:33,1
DA:35,1
DA:36,1
DA:40,1
DA:43,1
DA:52,1
DA:53,1
DA:57,1
DA:59,1
DA:63,1
DA:64,1
DA:65,1
DA:68,1
DA:69,1
DA:81,2
DA:93,1
DA:101,1
DA:102,1
DA:110,1
DA:111,1
LF:25
LH:25
BRDA:69,0,0,1
BRDA:69,0,1,0
BRDA:102,1,0,1
BRDA:102,1,1,0
BRDA:111,2,0,1
BRDA:111,2,1,1
BRF:6
BRH:4
end_of_record
TN:
SF:src\components\TweetList\index.tsx
FN:6,(anonymous_4)
FNF:1
FNH:1
FNDA:1,(anonymous_4)
DA:1,1
DA:3,1
DA:6,1
DA:7,1
DA:8,1
DA:19,0
LF:6
LH:5
BRDA:8,0,0,1
BRDA:8,0,1,1
BRDA:8,0,2,1
BRDA:14,1,0,1
BRDA:14,1,1,0
BRDA:16,2,0,1
BRDA:19,3,0,1
BRF:7
BRH:6
end_of_record
TN:
SF:src\components\TweetList\styled.ts
FN:14,(anonymous_15)
FN:34,(anonymous_18)
FNF:2
FNH:1
FNDA:1,(anonymous_15)
FNDA:0,(anonymous_18)
DA:1,1
DA:3,1
DA:5,1
DA:7,1
DA:11,1
DA:14,1
DA:18,1
DA:21,1
DA:24,1
DA:27,0
DA:34,0
DA:35,0
LF:12
LH:9
BRF:0
BRH:0
end_of_record
TN:
SF:src\components\UI\index.ts
FNF:0
FNH:0
DA:1,12
DA:2,25
DA:3,25
DA:4,12
DA:5,12
DA:6,12
DA:7,57
DA:8,12
DA:9,12
DA:10,12
DA:11,36
DA:12,12
DA:13,12
DA:14,12
DA:15,13
LF:15
LH:15
BRF:0
BRH:0
end_of_record
TN:
SF:src\components\UI\AppLoader\index.tsx
FNF:0
FNH:0
DA:7,12
DA:9,0
LF:2
LH:1
BRF:0
BRH:0
end_of_record
TN:
SF:src\components\UI\AppLoader\styled.ts
FN:35,(anonymous_21)
FN:40,(anonymous_23)
FN:41,(anonymous_24)
FNF:3
FNH:0
FNDA:0,(anonymous_21)
FNDA:0,(anonymous_23)
FNDA:0,(anonymous_24)
DA:1,12
DA:3,12
DA:4,12
DA:6,12
DA:8,12
DA:10,0
DA:22,0
DA:25,0
DA:27,0
DA:30,0
DA:31,0
DA:34,0
DA:35,0
DA:36,0
DA:39,0
DA:40,0
DA:41,0
DA:44,0
LF:18
LH:5
BRF:0
BRH:0
end_of_record
TN:
SF:src\components\UI\Button\index.ts
FN:12,(anonymous_7)
FN:17,(anonymous_8)
FN:18,(anonymous_9)
FN:20,(anonymous_10)
FN:21,(anonymous_11)
FN:25,(anonymous_12)
FN:40,(anonymous_13)
FN:44,(anonymous_14)
FN:51,(anonymous_15)
FNF:9
FNH:9
FNDA:61,(anonymous_7)
FNDA:61,(anonymous_8)
FNDA:61,(anonymous_9)
FNDA:61,(anonymous_10)
FNDA:61,(anonymous_11)
FNDA:61,(anonymous_12)
FNDA:61,(anonymous_13)
FNDA:61,(anonymous_14)
FNDA:61,(anonymous_15)
DA:1,12
DA:3,12
DA:7,61
DA:12,61
DA:17,61
DA:18,61
DA:20,61
DA:21,61
DA:25,61
DA:26,61
DA:40,61
DA:44,61
DA:45,61
DA:51,61
DA:52,61
LF:15
LH:15
BRDA:26,0,0,1
BRDA:26,0,1,60
BRF:2
BRH:2
end_of_record
TN:
SF:src\components\UI\ButtonWithSpinner\index.tsx
FN:6,(anonymous_11)
FNF:1
FNH:1
FNDA:36,(anonymous_11)
DA:1,12
DA:3,12
DA:6,25
DA:7,36
LF:4
LH:4
BRDA:10,0,0,36
BRDA:10,0,1,36
BRF:2
BRH:2
end_of_record
TN:
SF:src\components\UI\ButtonWithSpinner\styled.ts
FNF:0
FNH:0
DA:1,12
DA:3,12
DA:5,12
DA:9,36
DA:10,36
DA:13,36
DA:14,36
DA:15,36
LF:8
LH:8
BRDA:10,0,0,0
BRDA:10,0,1,36
BRDA:15,1,0,0
BRDA:15,1,1,36
BRF:4
BRH:2
end_of_record
TN:
SF:src\components\UI\ElasticSearch\constants.ts
FNF:0
FNH:0
DA:1,12
DA:3,12
DA:4,12
DA:5,12
DA:6,12
LF:5
LH:5
BRF:0
BRH:0
end_of_record
TN:
SF:src\components\UI\ElasticSearch\index.tsx
FN:12,(anonymous_20)
FN:30,(anonymous_22)
FN:37,(anonymous_23)
FNF:3
FNH:1
FNDA:2,(anonymous_20)
FNDA:0,(anonymous_22)
FNDA:0,(anonymous_23)
DA:1,12
DA:8,12
DA:9,12
DA:12,12
DA:21,2
DA:23,4
DA:24,2
DA:25,2
DA:26,2
DA:28,0
DA:30,2
DA:31,0
DA:33,0
DA:34,0
DA:37,2
DA:38,0
DA:39,0
LF:17
LH:11
BRDA:24,0,0,2
BRDA:24,0,1,2
BRDA:26,1,0,2
BRDA:26,1,1,2
BRDA:26,1,2,2
BRDA:34,2,0,0
BRDA:39,3,0,0
BRDA:51,4,0,2
BRDA:51,4,1,0
BRDA:51,5,0,2
BRDA:51,5,1,2
BRDA:54,6,0,2
BRDA:61,7,0,2
BRDA:63,8,0,0
BRDA:63,8,1,0
BRDA:71,9,0,0
BRDA:72,10,0,0
BRDA:72,10,1,0
BRDA:72,11,0,0
BRDA:72,11,1,0
BRF:20
BRH:10
end_of_record
TN:
SF:src\components\UI\ElasticSearch\styled.ts
FN:24,(anonymous_32)
FN:25,(anonymous_33)
FN:33,(anonymous_35)
FN:34,(anonymous_36)
FN:49,(anonymous_38)
FN:59,(anonymous_39)
FN:60,(anonymous_40)
FN:63,(anonymous_41)
FN:65,(anonymous_42)
FN:68,(anonymous_43)
FN:92,(anonymous_45)
FN:93,(anonymous_46)
FN:95,(anonymous_47)
FN:122,(anonymous_49)
FNF:14
FNH:7
FNDA:2,(anonymous_32)
FNDA:2,(anonymous_33)
FNDA:0,(anonymous_35)
FNDA:0,(anonymous_36)
FNDA:0,(anonymous_38)
FNDA:2,(anonymous_39)
FNDA:2,(anonymous_40)
FNDA:2,(anonymous_41)
FNDA:2,(anonymous_42)
FNDA:2,(anonymous_43)
FNDA:0,(anonymous_45)
FNDA:0,(anonymous_46)
FNDA:0,(anonymous_47)
FNDA:0,(anonymous_49)
DA:1,12
DA:3,12
DA:5,12
DA:7,12
DA:11,12
DA:16,2
DA:24,2
DA:25,2
DA:28,2
DA:32,0
DA:33,0
DA:34,0
DA:37,0
DA:41,12
DA:49,0
DA:55,2
DA:59,2
DA:60,2
DA:63,2
DA:65,2
DA:68,2
DA:71,2
DA:72,2
DA:77,12
DA:92,0
DA:93,0
DA:95,0
DA:100,12
DA:106,0
DA:109,0
DA:121,0
DA:122,0
DA:124,0
LF:33
LH:20
BRF:0
BRH:0
end_of_record
TN:
SF:src\components\UI\ErrorMessage\index.ts
FN:8,(anonymous_5)
FN:9,(anonymous_6)
FNF:2
FNH:2
FNDA:2,(anonymous_5)
FNDA:2,(anonymous_6)
DA:1,12
DA:3,12
DA:5,6
DA:8,2
DA:9,2
DA:11,2
LF:6
LH:6
BRF:0
BRH:0
end_of_record
TN:
SF:src\components\UI\FileInput\index.tsx
FNF:0
FNH:0
DA:1,12
DA:3,12
DA:5,12
DA:8,12
DA:10,20
LF:5
LH:5
BRF:0
BRH:0
end_of_record
TN:
SF:src\components\UI\FileInput\styled.ts
FN:13,(anonymous_9)
FN:14,(anonymous_10)
FN:15,(anonymous_11)
FNF:3
FNH:3
FNDA:20,(anonymous_9)
FNDA:20,(anonymous_10)
FNDA:20,(anonymous_11)
DA:1,12
DA:3,12
DA:5,20
DA:13,20
DA:14,20
DA:15,20
DA:18,20
DA:30,20
LF:8
LH:8
BRF:0
BRH:0
end_of_record
TN:
SF:src\components\UI\Input\constants.ts
FNF:0
FNH:0
DA:1,12
DA:3,28
DA:4,29
DA:5,57
LF:4
LH:4
BRF:0
BRH:0
end_of_record
TN:
SF:src\components\UI\Input\index.tsx
FN:14,(anonymous_13)
FNF:1
FNH:1
FNDA:57,(anonymous_13)
DA:1,12
DA:3,12
DA:10,12
DA:11,12
DA:14,57
DA:15,57
DA:17,114
DA:18,57
DA:19,57
DA:21,0
LF:10
LH:9
BRDA:15,0,0,29
BRDA:15,0,1,28
BRDA:25,1,0,57
BRDA:31,2,0,0
BRDA:31,2,1,57
BRDA:31,3,0,57
BRDA:31,3,1,28
BRDA:38,4,0,57
BRDA:44,5,0,0
BRDA:44,5,1,28
BRDA:49,6,0,57
BRF:11
BRH:9
end_of_record
TN:
SF:src\components\UI\Input\styled.ts
FN:8,(anonymous_15)
FN:24,(anonymous_17)
FN:27,(anonymous_18)
FN:28,(anonymous_19)
FN:32,(anonymous_20)
FN:33,(anonymous_21)
FN:35,(anonymous_22)
FN:45,(anonymous_23)
FN:73,(anonymous_25)
FN:74,(anonymous_26)
FN:76,(anonymous_27)
FN:77,(anonymous_28)
FN:81,(anonymous_29)
FNF:13
FNH:13
FNDA:57,(anonymous_15)
FNDA:57,(anonymous_17)
FNDA:57,(anonymous_18)
FNDA:57,(anonymous_19)
FNDA:57,(anonymous_20)
FNDA:57,(anonymous_21)
FNDA:57,(anonymous_22)
FNDA:57,(anonymous_23)
FNDA:28,(anonymous_25)
FNDA:28,(anonymous_26)
FNDA:28,(anonymous_27)
FNDA:28,(anonymous_28)
FNDA:28,(anonymous_29)
DA:1,12
DA:3,12
DA:7,57
DA:8,57
DA:10,57
DA:11,57
DA:16,57
DA:22,57
DA:24,57
DA:27,57
DA:28,57
DA:32,57
DA:33,57
DA:35,57
DA:36,57
DA:45,57
DA:48,57
DA:49,57
DA:57,28
DA:73,28
DA:74,28
DA:76,28
DA:77,28
DA:81,28
DA:91,28
DA:92,28
LF:26
LH:26
BRDA:36,0,0,2
BRDA:36,0,1,55
BRDA:45,1,0,2
BRDA:45,1,1,55
BRF:4
BRH:4
end_of_record
TN:
SF:src\components\UI\Modal\index.tsx
FN:11,(anonymous_1)
FNF:1
FNH:1
FNDA:3,(anonymous_1)
DA:2,12
DA:4,12
DA:6,12
DA:9,12
DA:11,12
DA:12,0
DA:14,3
DA:15,3
DA:18,0
LF:9
LH:7
BRDA:14,0,0,3
BRF:1
BRH:1
end_of_record
TN:
SF:src\components\UI\Modal\styled.ts
FN:17,(anonymous_14)
FN:18,(anonymous_15)
FN:19,(anonymous_16)
FN:40,(anonymous_17)
FNF:4
FNH:0
FNDA:0,(anonymous_14)
FNDA:0,(anonymous_15)
FNDA:0,(anonymous_16)
FNDA:0,(anonymous_17)
DA:1,12
DA:3,12
DA:5,12
DA:11,12
DA:17,0
DA:18,0
DA:19,0
DA:26,0
DA:40,0
DA:41,0
LF:10
LH:4
BRF:0
BRH:0
end_of_record
TN:
SF:src\components\UI\MyLink\index.ts
FN:7,(anonymous_5)
FNF:1
FNH:1
FNDA:5,(anonymous_5)
DA:1,12
DA:2,12
DA:4,12
DA:6,2
DA:7,5
DA:11,5
DA:12,5
LF:7
LH:7
BRF:0
BRH:0
end_of_record
TN:
SF:src\components\UI\Paragraph\index.ts
FN:10,(anonymous_5)
FN:12,(anonymous_6)
FNF:2
FNH:2
FNDA:10,(anonymous_5)
FNDA:10,(anonymous_6)
DA:1,12
DA:3,12
DA:9,6
DA:10,10
DA:12,10
DA:15,10
DA:16,10
LF:7
LH:7
BRDA:12,0,0,10
BRDA:12,0,1,0
BRF:2
BRH:1
end_of_record
TN:
SF:src\components\UI\Select\index.tsx
FN:8,(anonymous_9)
FNF:1
FNH:1
FNDA:36,(anonymous_9)
DA:1,12
DA:3,12
DA:5,12
DA:8,36
DA:9,36
DA:11,36
DA:32,1176
LF:7
LH:7
BRDA:16,0,0,36
BRDA:25,1,0,36
BRDA:41,2,0,36
BRF:3
BRH:3
end_of_record
TN:
SF:src\components\UI\Select\styled.ts
FN:16,(anonymous_14)
FN:19,(anonymous_15)
FN:20,(anonymous_16)
FN:24,(anonymous_17)
FN:25,(anonymous_18)
FN:33,(anonymous_19)
FN:43,(anonymous_20)
FN:66,(anonymous_22)
FNF:8
FNH:8
FNDA:36,(anonymous_14)
FNDA:36,(anonymous_15)
FNDA:36,(anonymous_16)
FNDA:36,(anonymous_17)
FNDA:36,(anonymous_18)
FNDA:36,(anonymous_19)
FNDA:36,(anonymous_20)
FNDA:36,(anonymous_22)
DA:1,12
DA:3,12
DA:4,12
DA:8,12
DA:10,36
DA:14,36
DA:16,36
DA:19,36
DA:20,36
DA:24,36
DA:25,36
DA:33,36
DA:34,36
DA:43,36
DA:46,36
DA:47,36
DA:54,36
DA:66,36
LF:18
LH:18
BRDA:34,0,0,0
BRDA:34,0,1,36
BRDA:43,1,0,0
BRDA:43,1,1,36
BRF:4
BRH:2
end_of_record
TN:
SF:src\components\UI\Spinner\constants.ts
FNF:0
FNH:0
DA:1,12
DA:3,12
DA:4,12
DA:5,12
DA:6,12
LF:5
LH:5
BRF:0
BRH:0
end_of_record
TN:
SF:src\components\UI\Spinner\index.tsx
FN:5,(anonymous_1)
FNF:1
FNH:1
FNDA:38,(anonymous_1)
DA:1,12
DA:2,12
DA:5,14
DA:6,38
DA:8,38
DA:9,36
LF:6
LH:6
BRDA:6,0,0,2
BRDA:6,0,1,36
BRDA:8,1,0,36
BRDA:14,2,0,0
BRDA:14,2,1,2
BRDA:14,3,0,2
BRDA:14,3,1,2
BRDA:14,4,0,0
BRDA:14,4,1,2
BRDA:14,5,0,2
BRDA:14,5,1,2
BRF:11
BRH:9
end_of_record
TN:
SF:src\components\UI\Spinner\styled.ts
FNF:0
FNH:0
DA:1,12
DA:3,12
DA:5,2
DA:20,2
LF:4
LH:4
BRF:0
BRH:0
end_of_record
TN:
SF:src\components\UI\Switch\index.tsx
FN:6,(anonymous_11)
FNF:1
FNH:0
FNDA:0,(anonymous_11)
DA:1,12
DA:3,12
DA:6,12
DA:7,0
LF:4
LH:3
BRF:0
BRH:0
end_of_record
TN:
SF:src\components\UI\Switch\styled.ts
FN:25,(anonymous_13)
FN:26,(anonymous_14)
FN:34,(anonymous_16)
FNF:3
FNH:0
FNDA:0,(anonymous_13)
FNDA:0,(anonymous_14)
FNDA:0,(anonymous_16)
DA:1,12
DA:3,12
DA:5,0
DA:12,0
DA:16,0
DA:25,0
DA:26,0
DA:27,0
DA:30,12
DA:34,0
LF:10
LH:3
BRF:0
BRH:0
end_of_record
TN:
SF:src\components\UI\Textaria\index.tsx
FN:8,(anonymous_10)
FNF:1
FNH:1
FNDA:20,(anonymous_10)
DA:1,12
DA:3,12
DA:5,12
DA:8,12
DA:9,20
DA:11,20
LF:6
LH:6
BRDA:15,0,0,20
BRDA:17,1,0,20
BRF:2
BRH:2
end_of_record
TN:
SF:src\components\UI\Textaria\styled.ts
FN:13,(anonymous_13)
FN:16,(anonymous_14)
FN:18,(anonymous_15)
FN:19,(anonymous_16)
FN:20,(anonymous_17)
FN:24,(anonymous_18)
FN:29,(anonymous_19)
FNF:7
FNH:7
FNDA:20,(anonymous_13)
FNDA:20,(anonymous_14)
FNDA:20,(anonymous_15)
FNDA:20,(anonymous_16)
FNDA:20,(anonymous_17)
FNDA:20,(anonymous_18)
FNDA:20,(anonymous_19)
DA:1,12
DA:3,12
DA:7,20
DA:8,20
DA:11,20
DA:13,20
DA:16,20
DA:18,20
DA:19,20
DA:20,20
DA:24,20
DA:29,20
DA:30,20
DA:34,11
DA:36,11
LF:15
LH:15
BRDA:24,0,0,0
BRDA:24,0,1,20
BRF:2
BRH:1
end_of_record
TN:
SF:src\components\UI\Title\index.ts
FN:10,(anonymous_5)
FN:12,(anonymous_6)
FN:13,(anonymous_7)
FNF:3
FNH:3
FNDA:29,(anonymous_5)
FNDA:29,(anonymous_6)
FNDA:29,(anonymous_7)
DA:1,12
DA:3,12
DA:9,25
DA:10,29
DA:12,29
DA:13,29
DA:15,29
LF:7
LH:7
BRDA:13,0,0,29
BRDA:13,0,1,0
BRF:2
BRH:1
end_of_record
TN:
SF:src\components\UserCard\index.tsx
FN:12,(anonymous_4)
FN:20,(anonymous_5)
FNF:2
FNH:2
FNDA:5,(anonymous_4)
FNDA:2,(anonymous_5)
DA:1,3
DA:2,3
DA:4,3
DA:5,3
DA:6,3
DA:7,3
DA:9,3
DA:12,5
DA:13,5
DA:15,5
DA:16,5
DA:17,5
DA:18,5
DA:20,5
DA:21,2
DA:22,1
LF:16
LH:16
BRDA:18,0,0,0
BRDA:18,0,1,5
BRDA:18,1,0,5
BRDA:18,1,1,5
BRDA:21,2,0,1
BRF:5
BRH:4
end_of_record
TN:
SF:src\components\UserCard\styled.ts
FN:10,(anonymous_20)
FN:13,(anonymous_21)
FN:16,(anonymous_22)
FNF:3
FNH:3
FNDA:5,(anonymous_20)
FNDA:5,(anonymous_21)
FNDA:5,(anonymous_22)
DA:1,3
DA:3,3
DA:7,5
DA:10,5
DA:13,5
DA:16,5
DA:18,5
DA:19,5
DA:26,5
DA:35,5
DA:39,5
DA:42,5
DA:45,5
DA:48,5
LF:14
LH:14
BRDA:16,0,0,5
BRDA:16,0,1,2
BRF:2
BRH:2
end_of_record
TN:
SF:src\constants\app.ts
FN:1,(anonymous_4)
FN:17,(anonymous_5)
FN:22,(anonymous_6)
FNF:3
FNH:3
FNDA:25,(anonymous_4)
FNDA:25,(anonymous_5)
FNDA:25,(anonymous_6)
DA:1,25
DA:17,25
DA:22,25
LF:3
LH:3
BRDA:1,0,0,25
BRDA:1,0,1,25
BRDA:17,1,0,25
BRDA:17,1,1,25
BRDA:22,2,0,25
BRDA:22,2,1,25
BRF:6
BRH:6
end_of_record
TN:
SF:src\constants\errors.ts
FN:1,(anonymous_1)
FNF:1
FNH:1
FNDA:25,(anonymous_1)
DA:1,25
LF:1
LH:1
BRDA:1,0,0,25
BRDA:1,0,1,25
BRF:2
BRH:2
end_of_record
TN:
SF:src\constants\firebase.ts
FN:9,(anonymous_10)
FN:17,(anonymous_11)
FNF:2
FNH:2
FNDA:25,(anonymous_10)
FNDA:25,(anonymous_11)
DA:1,25
DA:2,25
DA:3,25
DA:4,25
DA:5,25
DA:6,25
DA:7,25
DA:9,25
DA:17,25
LF:9
LH:9
BRDA:1,0,0,25
BRDA:1,0,1,25
BRDA:2,1,0,25
BRDA:2,1,1,25
BRDA:3,2,0,25
BRDA:3,2,1,25
BRDA:4,3,0,25
BRDA:4,3,1,25
BRDA:5,4,0,25
BRDA:5,4,1,25
BRDA:6,5,0,25
BRDA:6,5,1,25
BRDA:7,6,0,25
BRDA:7,6,1,25
BRDA:9,7,0,25
BRDA:9,7,1,25
BRDA:17,8,0,25
BRDA:17,8,1,25
BRF:18
BRH:18
end_of_record
TN:
SF:src\constants\footerLinks.ts
FNF:0
FNH:0
DA:6,25
LF:1
LH:1
BRF:0
BRH:0
end_of_record
TN:
SF:src\constants\icons.ts
FNF:0
FNH:0
DA:1,25
DA:2,25
DA:3,25
DA:4,25
DA:5,25
DA:6,25
DA:7,25
DA:8,25
DA:9,25
DA:10,25
DA:11,25
DA:12,25
DA:13,25
DA:14,25
DA:15,25
DA:16,25
DA:17,25
DA:18,25
DA:19,25
DA:20,25
DA:21,25
DA:22,25
DA:23,25
DA:24,25
DA:25,25
DA:26,25
DA:27,25
DA:28,25
DA:29,25
DA:31,529
LF:30
LH:30
BRF:0
BRH:0
end_of_record
TN:
SF:src\constants\index.ts
FNF:0
FNH:0
DA:1,25
DA:2,25
DA:3,25
DA:4,25
DA:5,25
DA:6,25
DA:7,25
DA:8,25
DA:10,25
DA:11,25
LF:10
LH:10
BRF:0
BRH:0
end_of_record
TN:
SF:src\constants\navigationList.ts
FNF:0
FNH:0
DA:1,25
DA:2,25
DA:20,25
DA:22,25
LF:4
LH:4
BRF:0
BRH:0
end_of_record
TN:
SF:src\constants\regexes.ts
FNF:0
FNH:0
DA:1,25
DA:2,25
DA:3,25
DA:4,25
DA:5,2
DA:6,25
DA:7,25
LF:7
LH:7
BRF:0
BRH:0
end_of_record
TN:
SF:src\constants\signup.ts
FN:16,(anonymous_3)
FNF:1
FNH:1
FNDA:25,(anonymous_3)
DA:1,34
DA:16,25
LF:2
LH:2
BRDA:16,0,0,25
BRDA:16,0,1,25
BRF:2
BRH:2
end_of_record
TN:
SF:src\firebase\index.ts
FNF:0
FNH:0
DA:1,20
DA:2,20
DA:3,20
DA:4,20
DA:14,20
DA:16,20
DA:26,20
DA:27,20
DA:28,20
DA:29,20
DA:30,20
DA:32,20
DA:33,20
DA:34,20
DA:35,20
LF:15
LH:15
BRDA:32,0,0,20
BRF:1
BRH:1
end_of_record
TN:
SF:src\hooks\index.ts
FNF:0
FNH:0
DA:1,34
DA:2,11
DA:3,11
DA:4,11
DA:5,11
LF:5
LH:5
BRF:0
BRH:0
end_of_record
TN:
SF:src\hooks\redux.ts
FNF:0
FNH:0
DA:1,11
DA:5,11
DA:6,34
LF:3
LH:3
BRF:0
BRH:0
end_of_record
TN:
SF:src\hooks\useAuth.ts
FN:10,useAuth
FN:14,(anonymous_20)
FN:15,(anonymous_22)
FNF:3
FNH:0
FNDA:0,useAuth
FNDA:0,(anonymous_20)
FNDA:0,(anonymous_22)
DA:1,11
DA:2,11
DA:4,11
DA:5,11
DA:6,11
DA:8,11
DA:10,0
DA:11,0
DA:12,0
DA:14,0
DA:15,0
DA:17,0
DA:19,0
DA:21,0
DA:24,0
DA:27,0
DA:30,0
LF:17
LH:6
BRF:0
BRH:0
end_of_record
TN:
SF:src\hooks\useDebounce.ts
FN:5,useDebounce
FN:8,(anonymous_2)
FNF:2
FNH:1
FNDA:4,useDebounce
FNDA:0,(anonymous_2)
DA:1,11
DA:3,11
DA:5,4
DA:6,4
DA:8,4
DA:9,0
DA:11,0
DA:14,4
LF:8
LH:6
BRDA:5,0,0,0
BRDA:5,0,1,4
BRDA:5,1,0,4
BRDA:5,1,1,0
BRDA:9,2,0,0
BRF:5
BRH:2
end_of_record
TN:
SF:src\hooks\usePagination.ts
FN:5,usePagination
FNF:1
FNH:0
FNDA:0,usePagination
DA:1,11
DA:3,11
DA:5,0
DA:6,0
DA:8,0
DA:10,0
LF:6
LH:2
BRF:0
BRH:0
end_of_record
TN:
SF:src\hooks\useTheme.ts
FN:9,useTheme
FN:13,(anonymous_2)
FNF:2
FNH:0
FNDA:0,useTheme
FNDA:0,(anonymous_2)
DA:1,11
DA:3,11
DA:4,11
DA:5,11
DA:7,11
DA:9,0
DA:10,0
DA:11,0
DA:13,0
DA:14,0
DA:17,0
LF:11
LH:5
BRDA:14,0,0,0
BRDA:14,0,1,0
BRF:2
BRH:0
end_of_record
TN:
SF:src\services\index.ts
FNF:0
FNH:0
DA:1,13
DA:2,13
DA:3,13
LF:3
LH:3
BRF:0
BRH:0
end_of_record
TN:
SF:src\services\authentication\index.ts
FNF:0
FNH:0
DA:1,13
DA:2,13
DA:3,13
DA:4,13
DA:5,13
LF:5
LH:5
BRF:0
BRH:0
end_of_record
TN:
SF:src\services\authentication\signIn.ts
FN:5,(anonymous_15)
FNF:1
FNH:0
FNDA:0,(anonymous_15)
DA:1,13
DA:3,13
DA:5,9
DA:6,0
LF:4
LH:3
BRF:0
BRH:0
end_of_record
TN:
SF:src\services\authentication\signInViaGoogle.ts
FN:7,(anonymous_15)
FNF:1
FNH:0
FNDA:0,(anonymous_15)
DA:1,13
DA:3,13
DA:5,13
DA:7,9
DA:11,0
DA:13,0
DA:22,0
DA:25,0
DA:26,0
LF:9
LH:4
BRDA:15,0,0,0
BRDA:15,0,1,0
BRDA:15,1,0,0
BRDA:15,1,1,0
BRDA:17,2,0,0
BRDA:17,2,1,0
BRDA:17,3,0,0
BRDA:17,3,1,0
BRDA:18,4,0,0
BRDA:18,4,1,0
BRDA:18,5,0,0
BRDA:18,5,1,0
BRF:12
BRH:0
end_of_record
TN:
SF:src\services\authentication\signOut.ts
FN:5,signOut
FNF:1
FNH:0
FNDA:0,signOut
DA:1,13
DA:3,13
DA:5,9
DA:6,0
LF:4
LH:3
BRF:0
BRH:0
end_of_record
TN:
SF:src\services\authentication\signUp.ts
FN:8,(anonymous_21)
FNF:1
FNH:0
FNDA:0,(anonymous_21)
DA:1,13
DA:3,13
DA:6,13
DA:8,9
DA:13,0
DA:15,0
DA:21,0
LF:7
LH:4
BRF:0
BRH:0
end_of_record
TN:
SF:src\services\authentication\updatePassword.ts
FN:5,(anonymous_15)
FNF:1
FNH:0
FNDA:0,(anonymous_15)
DA:1,13
DA:3,13
DA:5,9
DA:6,0
DA:10,0
LF:5
LH:3
BRF:0
BRH:0
end_of_record
TN:
SF:src\services\firestore\addLikeToTweet.ts
FN:7,(anonymous_21)
FNF:1
FNH:0
FNDA:0,(anonymous_21)
DA:1,20
DA:3,20
DA:4,20
DA:7,9
DA:8,0
DA:9,0
DA:10,0
DA:14,0
LF:8
LH:4
BRF:0
BRH:0
end_of_record
TN:
SF:src\services\firestore\addTweet.ts
FN:7,(anonymous_15)
FNF:1
FNH:0
FNDA:0,(anonymous_15)
DA:1,20
DA:3,20
DA:4,20
DA:7,9
DA:8,0
DA:9,0
LF:6
LH:4
BRF:0
BRH:0
end_of_record
TN:
SF:src\services\firestore\deleteTweet.ts
FN:6,(anonymous_15)
FNF:1
FNH:0
FNDA:0,(anonymous_15)
DA:1,20
DA:3,20
DA:4,20
DA:6,9
DA:7,0
LF:5
LH:4
BRF:0
BRH:0
end_of_record
TN:
SF:src\services\firestore\findTweetsByMessage.ts
FN:9,(anonymous_15)
FNF:1
FNH:0
FNDA:0,(anonymous_15)
DA:1,20
DA:3,20
DA:4,20
DA:7,20
DA:9,9
DA:10,0
DA:11,0
DA:17,0
DA:18,0
LF:9
LH:5
BRDA:9,0,0,0
BRDA:9,0,1,0
BRDA:9,1,0,0
BRDA:9,1,1,0
BRF:4
BRH:0
end_of_record
TN:
SF:src\services\firestore\findUsersByName.ts
FN:9,(anonymous_15)
FNF:1
FNH:0
FNDA:0,(anonymous_15)
DA:1,20
DA:3,20
DA:4,20
DA:7,20
DA:9,9
DA:10,0
DA:11,0
DA:12,0
DA:18,0
DA:19,0
LF:10
LH:5
BRDA:9,0,0,0
BRDA:9,0,1,0
BRDA:9,1,0,0
BRDA:9,1,1,0
BRF:4
BRH:0
end_of_record
TN:
SF:src\services\firestore\getAllTweets.ts
FN:10,(anonymous_15)
FNF:1
FNH:0
FNDA:0,(anonymous_15)
DA:1,20
DA:3,20
DA:4,20
DA:7,20
DA:8,20
DA:10,9
DA:11,0
DA:12,0
DA:13,0
DA:14,0
DA:15,0
DA:16,0
LF:12
LH:6
BRDA:10,0,0,0
BRDA:10,0,1,0
BRDA:10,1,0,0
BRDA:10,1,1,0
BRDA:10,2,0,0
BRDA:10,2,1,0
BRDA:10,3,0,0
BRDA:10,3,1,0
BRF:8
BRH:0
end_of_record
TN:
SF:src\services\firestore\getAllUsers.ts
FN:9,(anonymous_15)
FNF:1
FNH:0
FNDA:0,(anonymous_15)
DA:1,20
DA:3,20
DA:4,20
DA:7,20
DA:9,9
DA:10,0
DA:11,0
DA:12,0
DA:13,0
LF:9
LH:5
BRDA:9,0,0,0
BRDA:9,0,1,0
BRDA:9,1,0,0
BRDA:9,1,1,0
BRF:4
BRH:0
end_of_record
TN:
SF:src\services\firestore\getTweetById.ts
FN:7,(anonymous_15)
FNF:1
FNH:0
FNDA:0,(anonymous_15)
DA:1,20
DA:3,20
DA:4,20
DA:7,9
DA:8,0
DA:9,0
DA:10,0
LF:7
LH:4
BRF:0
BRH:0
end_of_record
TN:
SF:src\services\firestore\getUserById.ts
FN:7,(anonymous_15)
FNF:1
FNH:0
FNDA:0,(anonymous_15)
DA:1,20
DA:3,20
DA:4,20
DA:7,9
DA:8,0
DA:9,0
DA:10,0
LF:7
LH:4
BRF:0
BRH:0
end_of_record
TN:
SF:src\services\firestore\getUserTweets.ts
FN:18,(anonymous_15)
FNF:1
FNH:0
FNDA:0,(anonymous_15)
DA:9,20
DA:11,20
DA:12,20
DA:15,20
DA:16,20
DA:18,9
DA:19,0
DA:20,0
DA:21,0
DA:22,0
DA:24,0
DA:30,0
DA:31,0
LF:13
LH:6
BRDA:18,0,0,0
BRDA:18,0,1,0
BRDA:18,1,0,0
BRDA:18,1,1,0
BRDA:18,2,0,0
BRDA:18,2,1,0
BRDA:18,3,0,0
BRDA:18,3,1,0
BRF:8
BRH:0
end_of_record
TN:
SF:src\services\firestore\index.ts
FNF:0
FNH:0
DA:1,20
DA:2,20
DA:3,20
DA:4,20
DA:5,20
DA:6,20
DA:7,20
DA:8,20
DA:9,20
DA:10,20
DA:11,20
DA:12,20
LF:12
LH:12
BRF:0
BRH:0
end_of_record
TN:
SF:src\services\firestore\removeLikeToTweet.ts
FN:7,(anonymous_21)
FNF:1
FNH:0
FNDA:0,(anonymous_21)
DA:1,20
DA:3,20
DA:4,20
DA:7,9
DA:8,0
DA:9,0
DA:10,0
DA:12,0
DA:14,0
LF:9
LH:4
BRF:0
BRH:0
end_of_record
TN:
SF:src\services\firestore\setUserById.ts
FN:7,(anonymous_15)
FNF:1
FNH:0
FNDA:0,(anonymous_15)
DA:1,20
DA:3,20
DA:4,20
DA:7,9
DA:8,0
LF:5
LH:4
BRF:0
BRH:0
end_of_record
TN:
SF:src\services\storage\addTweetImage.ts
FN:5,(anonymous_15)
FNF:1
FNH:0
FNDA:0,(anonymous_15)
DA:1,13
DA:3,13
DA:5,9
DA:6,0
DA:7,0
DA:8,0
DA:9,0
LF:7
LH:3
BRF:0
BRH:0
end_of_record
TN:
SF:src\services\storage\addUserAvatar.ts
FN:6,(anonymous_15)
FNF:1
FNH:0
FNDA:0,(anonymous_15)
DA:1,13
DA:2,13
DA:4,13
DA:6,9
DA:7,0
DA:8,0
DA:9,0
LF:7
LH:4
BRF:0
BRH:0
end_of_record
TN:
SF:src\services\storage\getUserAvatar.ts
FN:5,(anonymous_15)
FNF:1
FNH:0
FNDA:0,(anonymous_15)
DA:1,13
DA:3,13
DA:5,9
DA:6,0
DA:7,0
DA:8,0
DA:11,0
LF:7
LH:3
BRF:0
BRH:0
end_of_record
TN:
SF:src\services\storage\index.ts
FNF:0
FNH:0
DA:1,13
DA:2,13
DA:3,13
LF:3
LH:3
BRF:0
BRH:0
end_of_record
TN:
SF:src\store\index.ts
FNF:0
FNH:0
DA:1,13
DA:11,13
DA:12,13
DA:14,13
DA:15,13
DA:17,13
DA:23,13
DA:25,35
DA:28,13
DA:35,13
LF:10
LH:10
BRF:0
BRH:0
end_of_record
TN:
SF:src\store\rootReducer.ts
FNF:0
FNH:0
DA:1,13
DA:3,13
DA:4,13
DA:5,13
DA:6,13
DA:8,13
LF:6
LH:6
BRF:0
BRH:0
end_of_record
TN:
SF:src\store\api\authApi.ts
FN:22,(anonymous_20)
FN:37,(anonymous_24)
FN:51,(anonymous_28)
FNF:3
FNH:3
FNDA:1,(anonymous_20)
FNDA:1,(anonymous_24)
FNDA:1,(anonymous_28)
DA:1,13
DA:2,13
DA:4,13
DA:9,13
DA:11,13
DA:13,13
DA:15,13
DA:17,39
DA:20,13
DA:22,13
DA:24,1
DA:25,1
DA:28,0
DA:31,0
DA:37,13
DA:39,1
DA:42,0
DA:45,0
DA:51,13
DA:53,1
DA:56,0
DA:57,0
DA:66,13
LF:23
LH:17
BRF:0
BRH:0
end_of_record
TN:
SF:src\store\api\index.ts
FNF:0
FNH:0
DA:1,13
DA:2,13
DA:3,13
LF:3
LH:3
BRF:0
BRH:0
end_of_record
TN:
SF:src\store\api\tweetApi.ts
FN:26,(anonymous_24)
FN:40,(anonymous_28)
FN:83,(anonymous_32)
FN:99,(anonymous_36)
FN:113,(anonymous_40)
FN:128,(anonymous_44)
FN:142,(anonymous_48)
FN:156,(anonymous_52)
FNF:8
FNH:1
FNDA:0,(anonymous_24)
FNDA:1,(anonymous_28)
FNDA:0,(anonymous_32)
FNDA:0,(anonymous_36)
FNDA:0,(anonymous_40)
FNDA:0,(anonymous_44)
FNDA:0,(anonymous_48)
FNDA:0,(anonymous_52)
DA:1,13
DA:2,13
DA:4,13
DA:15,13
DA:18,13
DA:20,39
DA:24,13
DA:26,13
DA:28,0
DA:31,0
DA:32,0
DA:40,13
DA:44,1
DA:45,1
DA:46,1
DA:47,1
DA:63,0
DA:65,0
DA:68,1
DA:71,0
DA:72,0
DA:83,13
DA:87,0
DA:90,0
DA:91,0
DA:99,13
DA:101,0
DA:104,0
DA:105,0
DA:113,13
DA:117,0
DA:120,0
DA:121,0
DA:128,13
DA:130,0
DA:133,0
DA:134,0
DA:142,13
DA:144,0
DA:147,0
DA:148,0
DA:156,13
DA:158,0
DA:161,0
DA:162,0
DA:173,9
DA:174,0
DA:175,0
DA:176,1
DA:177,0
DA:178,2
DA:179,2
DA:180,1
DA:181,13
LF:54
LH:26
BRDA:101,0,0,0
BRDA:101,0,1,0
BRDA:101,1,0,0
BRDA:101,1,1,0
BRF:4
BRH:0
end_of_record
TN:
SF:src\store\api\userApi.ts
FN:24,(anonymous_25)
FN:38,(anonymous_29)
FN:58,(anonymous_34)
FN:80,(anonymous_38)
FN:98,(anonymous_43)
FNF:5
FNH:4
FNDA:1,(anonymous_25)
FNDA:2,(anonymous_29)
FNDA:1,(anonymous_34)
FNDA:0,(anonymous_38)
FNDA:9,(anonymous_43)
DA:1,13
DA:3,13
DA:11,13
DA:14,13
DA:16,13
DA:18,40
DA:22,13
DA:24,13
DA:26,1
DA:29,0
DA:30,0
DA:38,13
DA:40,2
DA:41,2
DA:42,2
DA:43,0
DA:46,1
DA:47,1
DA:58,13
DA:60,1
DA:63,0
DA:66,1
DA:68,1
DA:71,0
DA:72,0
DA:80,13
DA:84,0
DA:85,0
DA:86,0
DA:87,0
DA:90,0
DA:91,0
DA:98,13
DA:102,7
DA:105,0
DA:106,0
DA:117,5
DA:118,11
DA:119,1
DA:120,6
DA:121,32
DA:122,13
LF:42
LH:28
BRDA:43,0,0,0
BRDA:43,0,1,0
BRDA:43,1,0,0
BRDA:43,1,1,0
BRDA:87,2,0,0
BRDA:87,2,1,0
BRDA:87,3,0,0
BRDA:87,3,1,0
BRF:8
BRH:0
end_of_record
TN:
SF:src\store\selectors\index.ts
FNF:0
FNH:0
DA:3,58
DA:4,14
DA:5,0
LF:3
LH:2
BRF:0
BRH:0
end_of_record
TN:
SF:src\store\slices\index.ts
FNF:0
FNH:0
DA:1,13
DA:2,13
DA:3,13
LF:3
LH:3
BRF:0
BRH:0
end_of_record
TN:
SF:src\store\slices\signUpSlice.ts
FN:19,setEmailStep
FN:22,setPasswordStep
FN:25,setEmailFormData
FN:28,clearEmailFormData
FNF:4
FNH:2
FNDA:1,setEmailStep
FNDA:0,setPasswordStep
FNDA:1,setEmailFormData
FNDA:0,clearEmailFormData
DA:1,13
DA:3,13
DA:11,13
DA:15,13
DA:20,1
DA:23,0
DA:26,1
DA:29,0
DA:34,1
DA:35,13
DA:37,13
LF:11
LH:9
BRDA:29,0,0,0
BRF:1
BRH:0
end_of_record
TN:
SF:src\store\slices\themeSlice.ts
FN:17,changeTheme
FNF:1
FNH:0
FNDA:0,changeTheme
DA:1,13
DA:3,13
DA:9,13
DA:13,13
DA:18,0
DA:23,13
DA:25,13
LF:7
LH:6
BRF:0
BRH:0
end_of_record
TN:
SF:src\store\slices\userSlice.ts
FN:23,clearUserStatus
FN:27,setIsNotAuth
FN:31,setIsAuth
FN:35,updateUserData
FNF:4
FNH:2
FNDA:0,clearUserStatus
FNDA:0,setIsNotAuth
FNDA:3,setIsAuth
FNDA:1,updateUserData
DA:1,13
DA:12,13
DA:19,13
DA:24,0
DA:25,0
DA:28,0
DA:29,0
DA:32,3
DA:33,3
DA:36,1
DA:41,13
DA:43,13
LF:12
LH:8
BRDA:24,0,0,0
BRDA:25,1,0,0
BRF:2
BRH:0
end_of_record
TN:
SF:src\styles\fonts.ts
FNF:0
FNH:0
DA:1,13
DA:3,13
DA:4,13
DA:5,13
DA:6,13
DA:8,13
LF:6
LH:6
BRF:0
BRH:0
end_of_record
TN:
SF:src\styles\globals.ts
FN:23,(anonymous_27)
FN:28,(anonymous_28)
FN:29,(anonymous_29)
FN:30,(anonymous_30)
FN:32,(anonymous_31)
FN:33,(anonymous_32)
FN:33,(anonymous_33)
FN:77,(anonymous_37)
FN:78,(anonymous_38)
FNF:9
FNH:0
FNDA:0,(anonymous_27)
FNDA:0,(anonymous_28)
FNDA:0,(anonymous_29)
FNDA:0,(anonymous_30)
FNDA:0,(anonymous_31)
FNDA:0,(anonymous_32)
FNDA:0,(anonymous_33)
FNDA:0,(anonymous_37)
FNDA:0,(anonymous_38)
DA:1,13
DA:3,13
DA:4,13
DA:6,13
DA:8,13
DA:10,0
DA:23,0
DA:28,0
DA:29,0
DA:30,0
DA:32,0
DA:33,0
DA:37,0
DA:49,0
DA:53,0
DA:56,13
DA:61,0
DA:65,0
DA:68,12
DA:77,0
DA:78,0
DA:81,0
DA:82,0
DA:93,0
DA:94,0
DA:99,9
DA:103,30
LF:27
LH:9
BRDA:82,0,0,0
BRDA:82,0,1,0
BRDA:103,1,0,0
BRDA:103,1,1,30
BRDA:103,2,0,30
BRDA:103,2,1,10
BRF:6
BRH:3
end_of_record
TN:
SF:src\styles\index.ts
FNF:0
FNH:0
DA:1,13
DA:2,13
DA:3,13
DA:4,13
LF:4
LH:4
BRF:0
BRH:0
end_of_record
TN:
SF:src\styles\mixins.ts
FN:6,(anonymous_19)
FN:10,(anonymous_20)
FNF:2
FNH:2
FNDA:139,(anonymous_19)
FNDA:139,(anonymous_20)
DA:1,13
DA:3,13
DA:5,96
DA:6,139
DA:10,139
DA:14,139
DA:18,33
DA:25,165
DA:31,434
DA:33,434
DA:35,24
DA:46,20
DA:50,5
LF:13
LH:13
BRDA:25,0,0,26
BRDA:25,0,1,139
BRDA:25,1,0,165
BRDA:25,1,1,26
BRDA:25,2,0,14
BRDA:25,2,1,151
BRDA:25,3,0,165
BRDA:25,3,1,14
BRF:8
BRH:8
end_of_record
TN:
SF:src\styles\theme.ts
FNF:0
FNH:0
DA:1,13
DA:3,13
DA:16,13
DA:29,434
DA:91,31
LF:5
LH:5
BRDA:92,0,0,0
BRDA:92,0,1,31
BRF:2
BRH:1
end_of_record
TN:
SF:src\utils\date.ts
FN:1,getDateString
FN:9,getDaysInMonth
FN:13,getShortDate
FNF:3
FNH:3
FNDA:7,getDateString
FNDA:14,getDaysInMonth
FNDA:8,getShortDate
DA:1,7
DA:2,7
DA:3,7
DA:4,7
DA:6,7
DA:9,14
DA:10,14
DA:13,8
DA:14,8
LF:9
LH:9
BRF:0
BRH:0
end_of_record
TN:
SF:src\utils\firebase.ts
FN:5,firebaseErrorHandler
FNF:1
FNH:0
FNDA:0,firebaseErrorHandler
DA:3,13
DA:5,0
DA:6,0
DA:8,0
DA:10,0
DA:12,0
DA:14,0
DA:16,0
LF:8
LH:1
BRDA:6,0,0,0
BRDA:6,0,1,0
BRDA:6,0,2,0
BRDA:6,0,3,0
BRDA:6,0,4,0
BRF:5
BRH:0
end_of_record
TN:
SF:src\utils\index.ts
FNF:0
FNH:0
DA:1,13
DA:2,13
DA:3,13
DA:4,13
LF:4
LH:4
BRF:0
BRH:0
end_of_record
TN:
SF:src\utils\inputs.ts
FN:3,setPhoneMask
FNF:1
FNH:1
FNDA:1,setPhoneMask
DA:1,13
DA:3,1
DA:4,1
DA:6,1
DA:8,1
DA:10,1
LF:6
LH:6
BRDA:4,0,0,0
BRDA:8,1,0,0
BRDA:8,2,0,1
BRDA:8,2,1,1
BRDA:10,3,0,0
BRDA:10,3,1,1
BRDA:12,4,0,1
BRDA:12,4,1,1
BRDA:12,5,0,1
BRDA:12,5,1,1
BRF:10
BRH:7
end_of_record
TN:
SF:src\utils\signup.ts
FN:7,getYearsOptions
FN:13,getBirthdayDate
FN:17,getDaysOptions
FNF:3
FNH:3
FNDA:15,getYearsOptions
FNDA:5,getBirthdayDate
FNDA:20,getDaysOptions
DA:1,16
DA:3,16
DA:5,16
DA:7,15
DA:8,15
DA:10,745
DA:13,5
DA:14,5
DA:17,20
DA:18,20
DA:19,20
DA:21,20
DA:22,20
DA:26,616
LF:14
LH:14
BRDA:7,0,0,2
BRDA:7,0,1,13
BRDA:7,1,0,15
BRDA:7,1,1,2
BRDA:21,2,0,7
BRDA:21,2,1,13
BRDA:22,3,0,10
BRDA:22,3,1,10
BRF:8
BRH:8
end_of_record
TN:
SF:src\utils\testHelpers.tsx
FNF:0
FNH:0
DA:2,13
DA:3,13
DA:4,13
DA:5,13
DA:7,13
DA:8,13
DA:9,13
DA:15,31
DA:24,31
DA:27,31
LF:10
LH:10
BRF:0
BRH:0
end_of_record
