TN:
SF:src\components\ChangePasswordForm\index.tsx
FN:13,(anonymous_10)
FN:22,(anonymous_11)
FN:26,(anonymous_12)
FNF:3
FNH:2
FNDA:1,(anonymous_10)
FNDA:1,(anonymous_11)
FNDA:0,(anonymous_12)
DA:1,2
DA:2,2
DA:4,2
DA:5,2
DA:7,2
DA:9,2
DA:10,2
DA:13,2
DA:14,2
DA:20,1
DA:22,1
DA:23,1
DA:26,1
DA:27,0
DA:29,0
DA:30,0
DA:31,0
DA:34,0
LF:18
LH:13
BRDA:23,0,0,0
BRDA:29,1,0,0
BRDA:44,2,0,1
BRDA:44,2,1,0
BRDA:44,3,0,1
BRDA:44,3,1,1
BRDA:50,4,0,1
BRDA:50,4,1,0
BRDA:50,5,0,1
BRDA:50,5,1,1
BRDA:54,6,0,1
BRF:11
BRH:7
end_of_record
TN:
SF:src\components\EditProfileForm\index.tsx
FN:16,(anonymous_36)
FN:31,(anonymous_37)
FN:36,(anonymous_38)
FN:40,(anonymous_40)
FNF:4
FNH:3
FNDA:2,(anonymous_36)
FNDA:2,(anonymous_37)
FNDA:1,(anonymous_38)
FNDA:0,(anonymous_40)
DA:1,2
DA:2,2
DA:4,2
DA:5,2
DA:6,2
DA:7,2
DA:8,2
DA:10,2
DA:12,2
DA:13,2
DA:16,2
DA:17,4
DA:18,2
DA:19,2
DA:26,2
DA:27,2
DA:28,2
DA:30,2
DA:32,2
DA:36,2
DA:37,1
DA:40,2
DA:50,0
DA:66,0
LF:24
LH:22
BRDA:19,0,0,2
BRDA:19,0,1,0
BRDA:19,1,0,2
BRDA:19,1,1,0
BRDA:28,2,0,2
BRDA:28,2,1,0
BRDA:28,3,0,2
BRDA:28,3,1,2
BRDA:32,4,0,0
BRDA:32,4,1,2
BRDA:32,5,0,2
BRDA:32,5,1,2
BRDA:32,6,0,1
BRDA:32,6,1,1
BRDA:32,7,0,2
BRDA:32,7,1,2
BRDA:37,8,0,0
BRDA:53,9,0,0
BRDA:53,9,1,0
BRDA:70,10,0,2
BRDA:76,11,0,2
BRDA:76,11,1,0
BRDA:76,12,0,2
BRDA:76,12,1,2
BRDA:82,13,0,2
BRDA:82,13,1,0
BRDA:82,14,0,2
BRDA:82,14,1,2
BRDA:97,15,0,2
BRDA:97,15,1,0
BRDA:97,16,0,2
BRDA:97,16,1,2
BRDA:102,17,0,2
BRDA:102,17,1,0
BRDA:102,18,0,2
BRDA:102,18,1,2
BRDA:108,19,0,2
BRDA:108,19,1,0
BRDA:108,20,0,2
BRDA:108,20,1,2
BRF:40
BRH:28
end_of_record
TN:
SF:src\components\ErrorBoundary\index.tsx
FN:8,(anonymous_15)
FN:19,componentDidCatch
FN:23,render
FN:15,getDerivedStateFromError
FNF:4
FNH:0
FNDA:0,(anonymous_15)
FNDA:0,componentDidCatch
FNDA:0,render
FNDA:0,getDerivedStateFromError
DA:8,0
DA:10,0
DA:12,0
DA:16,0
DA:20,0
DA:24,0
DA:25,0
DA:27,0
DA:31,0
LF:9
LH:0
BRDA:27,0,0,0
BRF:1
BRH:0
end_of_record
TN:
SF:src\components\LoginForm\index.tsx
FN:12,(anonymous_10)
FNF:1
FNH:1
FNDA:1,(anonymous_10)
DA:1,1
DA:3,1
DA:4,1
DA:7,1
DA:9,1
DA:10,1
DA:12,1
DA:13,2
DA:18,1
DA:20,0
LF:10
LH:9
BRDA:27,0,0,1
BRDA:27,0,1,0
BRDA:27,1,0,1
BRDA:27,1,1,1
BRDA:35,2,0,1
BRDA:35,2,1,0
BRDA:35,3,0,1
BRDA:35,3,1,1
BRDA:39,4,0,1
BRF:9
BRH:7
end_of_record
TN:
SF:src\components\NewTweet\index.tsx
FN:14,(anonymous_22)
FN:28,(anonymous_24)
FN:37,(anonymous_27)
FNF:3
FNH:2
FNDA:2,(anonymous_22)
FNDA:0,(anonymous_24)
FNDA:2,(anonymous_27)
DA:1,1
DA:2,1
DA:4,1
DA:5,1
DA:6,1
DA:8,1
DA:10,1
DA:11,1
DA:14,2
DA:15,2
DA:16,2
DA:17,2
DA:24,2
DA:25,2
DA:26,2
DA:28,2
DA:29,0
DA:31,0
DA:32,0
DA:33,0
DA:36,2
DA:37,2
LF:22
LH:18
BRDA:17,0,0,2
BRDA:17,0,1,0
BRDA:17,1,0,2
BRDA:17,1,1,0
BRDA:25,2,0,2
BRDA:25,2,1,0
BRDA:25,3,0,2
BRDA:25,3,1,2
BRDA:31,4,0,0
BRDA:31,4,1,0
BRDA:33,5,0,0
BRDA:37,6,0,2
BRDA:37,6,1,2
BRDA:37,6,2,0
BRDA:37,7,0,1
BRDA:37,7,1,1
BRDA:37,8,0,2
BRDA:37,8,1,2
BRDA:52,9,0,2
BRDA:52,9,1,0
BRDA:52,10,0,2
BRDA:52,10,1,2
BRDA:58,11,0,2
BRDA:59,12,0,2
BRF:24
BRH:16
end_of_record
TN:
SF:src\components\Profile\index.tsx
FN:18,(anonymous_10)
FN:27,(anonymous_11)
FN:31,(anonymous_14)
FN:32,(anonymous_15)
FNF:4
FNH:2
FNDA:3,(anonymous_10)
FNDA:2,(anonymous_11)
FNDA:0,(anonymous_14)
FNDA:0,(anonymous_15)
DA:1,1
DA:3,1
DA:4,1
DA:6,1
DA:7,1
DA:14,1
DA:15,1
DA:18,3
DA:19,3
DA:20,3
DA:21,6
DA:22,6
DA:25,3
DA:27,3
DA:29,0
DA:31,3
DA:32,0
DA:33,0
DA:34,0
DA:38,3
LF:20
LH:16
BRDA:25,0,0,1
BRDA:25,0,1,2
BRDA:25,1,0,3
BRDA:25,1,1,3
BRDA:33,2,0,0
BRDA:38,3,0,2
BRDA:51,4,0,1
BRDA:81,5,0,1
BRDA:81,5,1,0
BRDA:81,6,0,1
BRDA:81,6,1,1
BRDA:87,7,0,0
BRF:12
BRH:9
end_of_record
TN:
SF:src\components\Recommendations\index.tsx
FN:14,(anonymous_10)
FN:20,(anonymous_11)
FN:25,(anonymous_13)
FNF:3
FNH:2
FNDA:2,(anonymous_10)
FNDA:0,(anonymous_11)
FNDA:1,(anonymous_13)
DA:1,1
DA:3,1
DA:10,1
DA:11,1
DA:14,2
DA:15,4
DA:16,2
DA:17,2
DA:18,2
DA:20,2
DA:21,0
DA:24,2
DA:28,0
LF:13
LH:11
BRDA:17,0,0,2
BRDA:17,0,1,2
BRDA:17,0,2,0
BRDA:18,1,0,2
BRDA:18,1,1,0
BRDA:18,2,0,0
BRDA:18,2,1,0
BRDA:18,3,0,0
BRDA:18,3,1,0
BRDA:21,4,0,0
BRDA:21,4,1,0
BRDA:26,5,0,1
BRDA:26,6,0,1
BRDA:26,6,1,1
BRDA:36,7,0,2
BRDA:42,8,0,2
BRDA:46,9,0,2
BRF:17
BRH:9
end_of_record
TN:
SF:src\components\SearchBarByTweets\index.tsx
FN:16,(anonymous_10)
FN:22,(anonymous_11)
FN:23,(anonymous_12)
FN:29,(anonymous_13)
FNF:4
FNH:1
FNDA:1,(anonymous_10)
FNDA:0,(anonymous_11)
FNDA:0,(anonymous_12)
FNDA:0,(anonymous_13)
DA:1,1
DA:3,1
DA:4,1
DA:5,1
DA:6,1
DA:8,1
DA:10,1
DA:16,1
DA:17,2
DA:18,1
DA:19,1
DA:20,1
DA:22,1
DA:23,0
DA:24,0
DA:25,0
DA:29,1
DA:30,0
DA:43,0
DA:44,0
LF:20
LH:14
BRDA:20,0,0,1
BRDA:20,0,1,0
BRDA:25,1,0,0
BRDA:42,2,0,1
BRF:4
BRH:2
end_of_record
TN:
SF:src\components\SearchBarByUsers\index.tsx
FN:12,(anonymous_10)
FN:17,(anonymous_11)
FN:18,(anonymous_12)
FNF:3
FNH:1
FNDA:1,(anonymous_10)
FNDA:0,(anonymous_11)
FNDA:0,(anonymous_12)
DA:1,1
DA:2,1
DA:4,1
DA:6,1
DA:12,1
DA:13,2
DA:14,1
DA:15,1
DA:17,1
DA:18,0
DA:19,0
DA:20,0
DA:33,0
LF:13
LH:9
BRDA:15,0,0,1
BRDA:15,0,1,0
BRDA:20,1,0,0
BRDA:33,2,0,1
BRF:4
BRH:2
end_of_record
TN:
SF:src\components\SignUpEmailForm\index.tsx
FN:16,(anonymous_10)
FN:27,(anonymous_11)
FN:29,(anonymous_12)
FNF:3
FNH:2
FNDA:1,(anonymous_10)
FNDA:1,(anonymous_11)
FNDA:0,(anonymous_12)
DA:1,1
DA:2,1
DA:4,1
DA:5,1
DA:6,1
DA:7,1
DA:9,1
DA:11,1
DA:13,1
DA:14,1
DA:16,1
DA:17,1
DA:18,1
DA:24,1
DA:25,1
DA:27,1
DA:29,1
DA:30,0
DA:31,0
LF:19
LH:17
BRDA:39,0,0,1
BRDA:39,0,1,0
BRDA:39,1,0,1
BRDA:39,1,1,1
BRDA:46,2,0,1
BRDA:46,2,1,0
BRDA:46,3,0,1
BRDA:46,3,1,1
BRDA:53,4,0,1
BRDA:53,4,1,0
BRDA:53,5,0,1
BRDA:53,5,1,1
BRDA:71,6,0,1
BRDA:71,6,1,0
BRDA:71,7,0,1
BRDA:71,7,1,1
BRDA:78,8,0,1
BRDA:78,8,1,0
BRDA:78,9,0,1
BRDA:78,9,1,1
BRDA:87,10,0,1
BRDA:87,10,1,0
BRDA:87,11,0,1
BRDA:87,11,1,1
BRF:24
BRH:18
end_of_record
TN:
SF:src\components\SignUpPasswordForm\index.tsx
FN:16,(anonymous_16)
FN:27,(anonymous_17)
FNF:2
FNH:1
FNDA:1,(anonymous_16)
FNDA:0,(anonymous_17)
DA:1,1
DA:3,1
DA:4,1
DA:5,1
DA:6,1
DA:7,1
DA:9,1
DA:11,1
DA:13,1
DA:14,1
DA:16,1
DA:17,2
DA:18,1
DA:19,1
DA:25,1
DA:27,1
DA:28,0
DA:30,0
DA:31,0
DA:32,0
DA:35,0
DA:36,0
DA:37,0
DA:39,0
DA:40,0
DA:43,0
LF:26
LH:16
BRDA:30,0,0,0
BRDA:35,1,0,0
BRDA:54,2,0,1
BRDA:54,2,1,0
BRDA:54,3,0,1
BRDA:54,3,1,1
BRDA:62,4,0,1
BRDA:62,4,1,0
BRDA:62,5,0,1
BRDA:62,5,1,1
BRDA:66,6,0,1
BRF:11
BRH:7
end_of_record
TN:
SF:src\components\TweetItem\index.tsx
FN:18,(anonymous_10)
FN:31,(anonymous_11)
FN:34,(anonymous_12)
FN:42,(anonymous_13)
FNF:4
FNH:2
FNDA:2,(anonymous_10)
FNDA:1,(anonymous_11)
FNDA:0,(anonymous_12)
FNDA:0,(anonymous_13)
DA:1,2
DA:3,2
DA:4,2
DA:9,2
DA:10,2
DA:11,2
DA:13,2
DA:14,2
DA:15,2
DA:18,2
DA:19,2
DA:20,2
DA:22,2
DA:23,2
DA:24,2
DA:25,2
DA:26,2
DA:27,4
DA:28,4
DA:31,2
DA:32,2
DA:34,2
DA:35,0
DA:37,0
DA:39,0
DA:40,0
DA:42,0
DA:43,0
DA:44,0
LF:29
LH:22
BRDA:27,0,0,2
BRDA:27,0,1,0
BRDA:27,1,0,2
BRDA:27,1,1,2
BRDA:29,2,0,2
BRDA:29,2,1,0
BRDA:32,3,0,2
BRDA:32,3,1,0
BRDA:32,4,0,2
BRDA:32,4,1,0
BRDA:35,5,0,0
BRDA:40,6,0,0
BRDA:40,6,1,0
BRDA:43,7,0,0
BRDA:43,7,1,0
BRDA:59,8,0,2
BRDA:61,9,0,2
BRDA:64,10,0,0
BRDA:64,10,1,2
BRF:19
BRH:9
end_of_record
TN:
SF:src\components\TweetItem\TweetOptions\index.tsx
FN:9,(anonymous_10)
FNF:1
FNH:1
FNDA:1,(anonymous_10)
DA:1,2
DA:3,2
DA:5,2
DA:6,2
DA:9,2
DA:10,1
DA:11,2
DA:13,0
DA:15,0
LF:9
LH:7
BRF:0
BRH:0
end_of_record
TN:
SF:src\components\TweetList\index.tsx
FN:6,(anonymous_4)
FNF:1
FNH:1
FNDA:1,(anonymous_4)
DA:1,1
DA:3,1
DA:6,1
DA:7,1
DA:8,1
DA:19,0
LF:6
LH:5
BRDA:8,0,0,1
BRDA:8,0,1,1
BRDA:8,0,2,1
BRDA:14,1,0,1
BRDA:14,1,1,0
BRDA:16,2,0,1
BRDA:19,3,0,1
BRF:7
BRH:6
end_of_record
TN:
SF:src\components\UI\AppLoader\index.tsx
FNF:0
FNH:0
DA:7,12
DA:9,0
LF:2
LH:1
BRF:0
BRH:0
end_of_record
TN:
SF:src\components\UI\ButtonWithSpinner\index.tsx
FN:6,(anonymous_11)
FNF:1
FNH:1
FNDA:7,(anonymous_11)
DA:1,12
DA:3,12
DA:6,12
DA:7,7
LF:4
LH:4
BRDA:10,0,0,7
BRDA:10,0,1,7
BRF:2
BRH:2
end_of_record
TN:
SF:src\components\UI\ElasticSearch\index.tsx
FN:12,(anonymous_20)
FN:30,(anonymous_22)
FN:37,(anonymous_23)
FNF:3
FNH:1
FNDA:2,(anonymous_20)
FNDA:0,(anonymous_22)
FNDA:0,(anonymous_23)
DA:1,12
DA:8,12
DA:9,12
DA:12,12
DA:21,2
DA:23,4
DA:24,2
DA:25,2
DA:26,2
DA:28,0
DA:30,2
DA:31,0
DA:33,0
DA:34,0
DA:37,2
DA:38,0
DA:39,0
LF:17
LH:11
BRDA:24,0,0,2
BRDA:24,0,1,2
BRDA:26,1,0,2
BRDA:26,1,1,2
BRDA:26,1,2,2
BRDA:34,2,0,0
BRDA:39,3,0,0
BRDA:51,4,0,2
BRDA:51,4,1,0
BRDA:51,5,0,2
BRDA:51,5,1,2
BRDA:54,6,0,2
BRDA:61,7,0,2
BRDA:63,8,0,0
BRDA:63,8,1,0
BRDA:71,9,0,0
BRDA:72,10,0,0
BRDA:72,10,1,0
BRDA:72,11,0,0
BRDA:72,11,1,0
BRF:20
BRH:10
end_of_record
TN:
SF:src\components\UI\FileInput\index.tsx
FNF:0
FNH:0
DA:1,12
DA:3,12
DA:5,12
DA:8,12
DA:10,4
LF:5
LH:5
BRF:0
BRH:0
end_of_record
TN:
SF:src\components\UI\Input\index.tsx
FN:14,(anonymous_13)
FNF:1
FNH:1
FNDA:13,(anonymous_13)
DA:1,12
DA:3,12
DA:10,12
DA:11,12
DA:14,13
DA:15,13
DA:17,26
DA:18,13
DA:19,13
DA:21,0
LF:10
LH:9
BRDA:15,0,0,8
BRDA:15,0,1,5
BRDA:25,1,0,13
BRDA:31,2,0,0
BRDA:31,2,1,13
BRDA:31,3,0,13
BRDA:31,3,1,5
BRDA:38,4,0,13
BRDA:44,5,0,0
BRDA:44,5,1,5
BRDA:49,6,0,13
BRF:11
BRH:9
end_of_record
TN:
SF:src\components\UI\Modal\index.tsx
FN:11,(anonymous_1)
FNF:1
FNH:1
FNDA:1,(anonymous_1)
DA:2,12
DA:4,12
DA:6,12
DA:9,12
DA:11,12
DA:12,0
DA:14,1
DA:15,1
DA:18,0
LF:9
LH:7
BRDA:14,0,0,1
BRF:1
BRH:1
end_of_record
TN:
SF:src\components\UI\Select\index.tsx
FN:8,(anonymous_9)
FNF:1
FNH:1
FNDA:9,(anonymous_9)
DA:1,12
DA:3,12
DA:5,12
DA:8,12
DA:9,9
DA:11,9
DA:32,294
LF:7
LH:7
BRDA:16,0,0,9
BRDA:25,1,0,9
BRDA:41,2,0,9
BRF:3
BRH:3
end_of_record
TN:
SF:src\components\UI\Spinner\index.tsx
FN:5,(anonymous_1)
FNF:1
FNH:1
FNDA:9,(anonymous_1)
DA:1,12
DA:2,12
DA:5,14
DA:6,9
DA:8,9
DA:9,7
LF:6
LH:6
BRDA:6,0,0,2
BRDA:6,0,1,7
BRDA:8,1,0,7
BRDA:14,2,0,0
BRDA:14,2,1,2
BRDA:14,3,0,2
BRDA:14,3,1,2
BRDA:14,4,0,0
BRDA:14,4,1,2
BRDA:14,5,0,2
BRDA:14,5,1,2
BRF:11
BRH:9
end_of_record
TN:
SF:src\components\UI\Switch\index.tsx
FN:6,(anonymous_11)
FNF:1
FNH:0
FNDA:0,(anonymous_11)
DA:1,12
DA:3,12
DA:6,12
DA:7,0
LF:4
LH:3
BRF:0
BRH:0
end_of_record
TN:
SF:src\components\UI\Textaria\index.tsx
FN:8,(anonymous_10)
FNF:1
FNH:1
FNDA:4,(anonymous_10)
DA:1,12
DA:3,12
DA:5,12
DA:8,12
DA:9,4
DA:11,4
LF:6
LH:6
BRDA:15,0,0,4
BRDA:17,1,0,4
BRF:2
BRH:2
end_of_record
TN:
SF:src\components\UserCard\index.tsx
FN:12,(anonymous_4)
FN:20,(anonymous_5)
FNF:2
FNH:1
FNDA:2,(anonymous_4)
FNDA:0,(anonymous_5)
DA:1,3
DA:2,3
DA:4,3
DA:5,3
DA:6,3
DA:7,3
DA:9,3
DA:12,3
DA:13,2
DA:15,2
DA:16,2
DA:17,2
DA:18,2
DA:20,2
DA:21,0
DA:22,0
LF:16
LH:14
BRDA:18,0,0,2
BRDA:18,0,1,0
BRDA:18,1,0,2
BRDA:18,1,1,0
BRDA:21,2,0,0
BRF:5
BRH:2
end_of_record
TN:
SF:src\utils\date.ts
FN:1,getDateString
FN:9,getDaysInMonth
FN:13,getShortDate
FNF:3
FNH:3
FNDA:5,getDateString
FNDA:10,getDaysInMonth
FNDA:8,getShortDate
DA:1,5
DA:2,5
DA:3,5
DA:4,5
DA:6,5
DA:9,10
DA:10,10
DA:13,8
DA:14,8
LF:9
LH:9
BRF:0
BRH:0
end_of_record
TN:
SF:src\utils\firebase.ts
FN:5,firebaseErrorHandler
FNF:1
FNH:0
FNDA:0,firebaseErrorHandler
DA:3,13
DA:5,0
DA:6,0
DA:8,0
DA:10,0
DA:12,0
DA:14,0
DA:16,0
LF:8
LH:1
BRDA:6,0,0,0
BRDA:6,0,1,0
BRDA:6,0,2,0
BRDA:6,0,3,0
BRDA:6,0,4,0
BRF:5
BRH:0
end_of_record
TN:
SF:src\utils\index.ts
FNF:0
FNH:0
DA:1,13
DA:2,13
DA:3,13
DA:4,13
LF:4
LH:4
BRF:0
BRH:0
end_of_record
TN:
SF:src\utils\inputs.ts
FN:3,setPhoneMask
FNF:1
FNH:0
FNDA:0,setPhoneMask
DA:1,13
DA:3,0
DA:4,0
DA:6,0
DA:8,0
DA:10,0
LF:6
LH:1
BRDA:4,0,0,0
BRDA:8,1,0,0
BRDA:8,2,0,0
BRDA:8,2,1,0
BRDA:10,3,0,0
BRDA:10,3,1,0
BRDA:12,4,0,0
BRDA:12,4,1,0
BRDA:12,5,0,0
BRDA:12,5,1,0
BRF:10
BRH:0
end_of_record
TN:
SF:src\utils\signup.ts
FN:7,getYearsOptions
FN:13,getBirthdayDate
FN:17,getDaysOptions
FNF:3
FNH:3
FNDA:6,getYearsOptions
FNDA:4,getBirthdayDate
FNDA:11,getDaysOptions
DA:1,16
DA:3,16
DA:5,16
DA:7,6
DA:8,6
DA:10,250
DA:13,4
DA:14,4
DA:17,11
DA:18,11
DA:19,11
DA:21,11
DA:22,11
DA:26,337
LF:14
LH:14
BRDA:7,0,0,2
BRDA:7,0,1,4
BRDA:7,1,0,6
BRDA:7,1,1,2
BRDA:21,2,0,4
BRDA:21,2,1,7
BRDA:22,3,0,6
BRDA:22,3,1,5
BRF:8
BRH:8
end_of_record
